<testsuite name="Frame::WebTestInternet" skipped="0" failures="28" errors="0" tests="57" assertions="770"
           time="10871.085194999998">
  <testcase name="test_3_4G配置保存重启-自动检测 ZLBF_7.1.29" classname="Frame::WebTestInternet" assertions="10"
            time="215.105981">
    <failure type="test_3_4G配置保存重启-自动检测 ZLBF_7.1.29" message="接入类型错误！....">
      Failure:
      test_3_4G配置保存重启-自动检测 ZLBF_7.1.29(Frame::WebTestInternet) [(eval):91]:
      接入类型错误！.
      Expected /3G\/4G/ to match "\u8FDE\u63A5\u7C7B\u578B\nDHCP".
    </failure>
  </testcase>
  <testcase name="test_APN拨号号码 ZLBF_7.1.15" classname="Frame::WebTestInternet" assertions="11" time="221.027991">
    <failure type="test_APN拨号号码 ZLBF_7.1.15" message="接入类型错误！....">
      Failure:
      test_APN拨号号码 ZLBF_7.1.15(Frame::WebTestInternet) [(eval):95]:
      接入类型错误！.
      Expected /3G\/4G/ to match "\u8FDE\u63A5\u7C7B\u578B\nDHCP".
    </failure>
  </testcase>
  <testcase name="test_DHCP-DHCP MAC克隆 ZLBF_6.1.10" classname="Frame::WebTestInternet" assertions="24"
            time="304.394937">
  </testcase>
  <testcase name="test_DHCPC -- 动态获取DNS地址 ZLBF_6.1.4" classname="Frame::WebTestInternet" assertions="18"
            time="77.151136">
  </testcase>
  <testcase name="test_DHCP服务器-地址池修改 ZLBF_8.1.3" classname="Frame::WebTestInternet" assertions="14" time="740.824908">
  </testcase>
  <testcase name="test_IP过滤--目的IP为IP网段 ZLBF_15.1.6" classname="Frame::WebTestInternet" assertions="4" time="75.027532">
    <failure type="test_IP过滤--目的IP为IP网段 ZLBF_15.1.6" message="add profile failed!">
      Failure:
      test_IP过滤--目的IP为IP网段 ZLBF_15.1.6(Frame::WebTestInternet) [E:/Automation/frame/frame_internet.rb:76]:
      add profile failed!
    </failure>
  </testcase>
  <testcase name="test_IP过滤--目的IP为单个IP ZLBF_15.1.5" classname="Frame::WebTestInternet" assertions="4" time="99.758576">
    <failure type="test_IP过滤--目的IP为单个IP ZLBF_15.1.5" message="PC2 wifi连接失败">
      Failure:
      test_IP过滤--目的IP为单个IP ZLBF_15.1.5(Frame::WebTestInternet) [(eval):68]:
      PC2 wifi连接失败
    </failure>
  </testcase>
  <testcase name="test_IP过滤--源IP为IP网段 ZLBF_15.1.3" classname="Frame::WebTestInternet" assertions="4" time="100.744378">
    <failure type="test_IP过滤--源IP为IP网段 ZLBF_15.1.3" message="PC2 wifi连接失败">
      Failure:
      test_IP过滤--源IP为IP网段 ZLBF_15.1.3(Frame::WebTestInternet) [(eval):66]:
      PC2 wifi连接失败
    </failure>
  </testcase>
  <testcase name="test_IP过滤--源IP为单个IP ZLBF_15.1.2" classname="Frame::WebTestInternet" assertions="4" time="103.406383">
    <failure type="test_IP过滤--源IP为单个IP ZLBF_15.1.2" message="PC2 wifi连接失败">
      Failure:
      test_IP过滤--源IP为单个IP ZLBF_15.1.2(Frame::WebTestInternet) [(eval):65]:
      PC2 wifi连接失败
    </failure>
  </testcase>
  <testcase name="test_MAC过滤--生效失效 ZLBF_28.1.6" classname="Frame::WebTestInternet" assertions="38" time="458.497811">
  </testcase>
  <testcase name="test_MAC过滤-开关为开启 ZLBF_28.1.1" classname="Frame::WebTestInternet" assertions="21" time="230.496806">
  </testcase>
  <testcase name="test_PPPOE正常拨号 ZLBF_6.1.17" classname="Frame::WebTestInternet" assertions="16" time="205.878765">
  </testcase>
  <testcase name="test_PPPoE-MAC克隆 ZLBF_6.1.38" classname="Frame::WebTestInternet" assertions="26" time="448.823393">
  </testcase>
  <testcase name="test_PPTP--动态+IP地址拨号 ZLBF_6.1.37" classname="Frame::WebTestInternet" assertions="3" time="68.22492">
    <failure type="test_PPTP--动态+IP地址拨号 ZLBF_6.1.37"
             message="unable to locate iframe using {:src=&gt;&quot;advance&quot;, :tag_name=&gt;&quot;iframe&quot;}">
      Failure:
      test_PPTP--动态+IP地址拨号 ZLBF_6.1.37(Frame::WebTestInternet) [E:/Automation/frame/frame_internet.rb:76]:
      unable to locate iframe using {:src=&gt;"advance", :tag_name=&gt;"iframe"}
    </failure>
  </testcase>
  <testcase name="test_QOS关闭 ZLBF_27.1.1" classname="Frame::WebTestInternet" assertions="6" time="371.733255">
  </testcase>
  <testcase name="test_QOS开启-子规则关闭 ZLBF_27.1.4" classname="Frame::WebTestInternet" assertions="6" time="366.400447">
  </testcase>
  <testcase name="test_QOS开启-子规则开启 ZLBF_27.1.5" classname="Frame::WebTestInternet" assertions="7" time="551.520373">
  </testcase>
  <testcase name="test_WAN口状态 ZLBF_5.1.18" classname="Frame::WebTestInternet" assertions="16" time="83.047748">
    <failure type="test_WAN口状态 ZLBF_5.1.18"
             message="unable to locate element, using {:class_name=&gt;&quot;aui_content&quot;, :text=&gt;&quot;\u8BBE\u7F6E\u6210\u529F\uFF01\u6B63\u5728\u91CD\u542F\u7F51\u7EDC\u4E2D\uFF0C\u8BF7\u7A0D\u7B49...&quot;, :tag_name=&gt;&quot;div&quot;}">
      Failure:
      test_WAN口状态 ZLBF_5.1.18(Frame::WebTestInternet) [E:/Automation/frame/frame_internet.rb:76]:
      unable to locate element, using {:class_name=&gt;"aui_content", :text=&gt;"\u8BBE\u7F6E\u6210\u529F\uFF01\u6B63\u5728\u91CD\u542F\u7F51\u7EDC\u4E2D\uFF0C\u8BF7\u7A0D\u7B49...",
      :tag_name=&gt;"div"}
    </failure>
  </testcase>
  <testcase name="test_WPA_WPA2-PSK混合加密密钥 ZLBF_11.1.3" classname="Frame::WebTestInternet" assertions="6"
            time="203.133759">
    <failure type="test_WPA_WPA2-PSK混合加密密钥 ZLBF_11.1.3" message="WIFI连接失败">
      Failure:
      test_WPA_WPA2-PSK混合加密密钥 ZLBF_11.1.3(Frame::WebTestInternet) [(eval):95]:
      WIFI连接失败
    </failure>
  </testcase>
  <testcase name="test_定时任务开启 ZLBF_34.1.2" classname="Frame::WebTestInternet" assertions="4" time="239.567423">
  </testcase>
  <testcase name="test_多存储介质访问测试 ZLBF_13.1.15" classname="Frame::WebTestInternet" assertions="19" time="259.461457">
  </testcase>
  <testcase name="test_防火墙关闭-IP过滤关闭 ZLBF_29.1.1" classname="Frame::WebTestInternet" assertions="4" time="106.248187">
    <failure type="test_防火墙关闭-IP过滤关闭 ZLBF_29.1.1" message="PC2 wifi连接失败">
      Failure:
      test_防火墙关闭-IP过滤关闭 ZLBF_29.1.1(Frame::WebTestInternet) [(eval):55]:
      PC2 wifi连接失败
    </failure>
  </testcase>
  <testcase name="test_防火墙关闭-IP过滤开启 ZLBF_29.1.4" classname="Frame::WebTestInternet" assertions="4" time="105.715786">
    <failure type="test_防火墙关闭-IP过滤开启 ZLBF_29.1.4" message="PC2 wifi连接失败">
      Failure:
      test_防火墙关闭-IP过滤开启 ZLBF_29.1.4(Frame::WebTestInternet) [(eval):56]:
      PC2 wifi连接失败
    </failure>
  </testcase>
  <testcase name="test_防火墙关闭-MAC过滤关闭 ZLBF_29.1.2" classname="Frame::WebTestInternet" assertions="24" time="219.866187">
  </testcase>
  <testcase name="test_防火墙关闭-MAC过滤开启 ZLBF_29.1.5" classname="Frame::WebTestInternet" assertions="24" time="216.653582">
  </testcase>
  <testcase name="test_防火墙关闭-URL过滤关闭 ZLBF_29.1.3" classname="Frame::WebTestInternet" assertions="5" time="76.994135">
    <failure type="test_防火墙关闭-URL过滤关闭 ZLBF_29.1.3"
             message="timed out after 2 seconds, waiting for {:id=&gt;&quot;options&quot;, :tag_name=&gt;&quot;a&quot;} to become present">
      Failure:
      test_防火墙关闭-URL过滤关闭 ZLBF_29.1.3(Frame::WebTestInternet) [E:/Automation/frame/frame_internet.rb:85]:
      timed out after 2 seconds, waiting for {:id=&gt;"options", :tag_name=&gt;"a"} to become present
    </failure>
  </testcase>
  <testcase name="test_防火墙关闭-URL过滤开启 ZLBF_29.1.6" classname="Frame::WebTestInternet" assertions="4" time="125.420621">
    <failure type="test_防火墙关闭-URL过滤开启 ZLBF_29.1.6" message="PC2 wifi连接失败">
      Failure:
      test_防火墙关闭-URL过滤开启 ZLBF_29.1.6(Frame::WebTestInternet) [(eval):60]:
      PC2 wifi连接失败
    </failure>
  </testcase>
  <testcase name="test_防火墙开启-IP过滤关闭 ZLBF_29.1.7" classname="Frame::WebTestInternet" assertions="4" time="106.121387">
    <failure type="test_防火墙开启-IP过滤关闭 ZLBF_29.1.7" message="PC2 wifi连接失败">
      Failure:
      test_防火墙开启-IP过滤关闭 ZLBF_29.1.7(Frame::WebTestInternet) [(eval):56]:
      PC2 wifi连接失败
    </failure>
  </testcase>
  <testcase name="test_防火墙开启-URL过滤关闭 ZLBF_29.1.9" classname="Frame::WebTestInternet" assertions="4" time="124.672819">
    <failure type="test_防火墙开启-URL过滤关闭 ZLBF_29.1.9" message="PC2 wifi连接失败">
      Failure:
      test_防火墙开启-URL过滤关闭 ZLBF_29.1.9(Frame::WebTestInternet) [(eval):60]:
      PC2 wifi连接失败
    </failure>
  </testcase>
  <testcase name="test_防火墙开启－MAC过滤关闭 ZLBF_29.1.8" classname="Frame::WebTestInternet" assertions="24" time="215.76738">
  </testcase>
  <testcase name="test_高级诊断-WAN上网正常测试 ZLBF_4.1.22" classname="Frame::WebTestInternet" assertions="27" time="251.657245">
  </testcase>
  <testcase name="test_固定信道选择测试 ZLBF_11.1.5" classname="Frame::WebTestInternet" assertions="5" time="145.857657">
    <failure type="test_固定信道选择测试 ZLBF_11.1.5" message="Can't find wifi ssid:zhilutest039E99 !">
      Failure:
      test_固定信道选择测试 ZLBF_11.1.5(Frame::WebTestInternet) [E:/Automation/frame/frame_internet.rb:76]:
      Can't find wifi ssid:zhilutest039E99 !
    </failure>
  </testcase>
  <testcase name="test_关闭共享 ZLBF_13.1.10" classname="Frame::WebTestInternet" assertions="11" time="81.962944">
    <failure type="test_关闭共享 ZLBF_13.1.10"
             message="timed out after 3 seconds, waiting for {:text=&gt;&quot;U\u76D8&quot;, :tag_name=&gt;&quot;a&quot;} to become present">
      Failure:
      test_关闭共享 ZLBF_13.1.10(Frame::WebTestInternet) [E:/Automation/frame/frame_internet.rb:76]:
      timed out after 3 seconds, waiting for {:text=&gt;"U\u76D8", :tag_name=&gt;"a"} to become present
    </failure>
  </testcase>
  <testcase name="test_静态IP-MAC克隆 ZLBF_6.1.20" classname="Frame::WebTestInternet" assertions="26" time="448.625593">
  </testcase>
  <testcase name="test_静态IP基本功能测试 ZLBF_6.1.13" classname="Frame::WebTestInternet" assertions="15" time="182.189522">
  </testcase>
  <testcase name="test_开启共享 ZLBF_13.1.11" classname="Frame::WebTestInternet" assertions="11" time="80.379341">
    <failure type="test_开启共享 ZLBF_13.1.11"
             message="timed out after 3 seconds, waiting for {:text=&gt;&quot;U\u76D8&quot;, :tag_name=&gt;&quot;a&quot;} to become present">
      Failure:
      test_开启共享 ZLBF_13.1.11(Frame::WebTestInternet) [E:/Automation/frame/frame_internet.rb:76]:
      timed out after 3 seconds, waiting for {:text=&gt;"U\u76D8", :tag_name=&gt;"a"} to become present
    </failure>
  </testcase>
  <testcase name="test_内存信息 ZLBF_4.1.10" classname="Frame::WebTestInternet" assertions="4" time="45.30648">
    <failure type="test_内存信息 ZLBF_4.1.10" message="undefined method `connect' for nil:NilClass">
      Failure:
      test_内存信息 ZLBF_4.1.10(Frame::WebTestInternet) [E:/Automation/frame/frame_internet.rb:76]:
      undefined method `connect' for nil:NilClass
    </failure>
  </testcase>
  <testcase name="test_软件重启功能测试 ZLBF_21.1.29" classname="Frame::WebTestInternet" assertions="7" time="312.310553">
  </testcase>
  <testcase name="test_受限最大带宽测试 ZLBF_27.1.11" classname="Frame::WebTestInternet" assertions="9" time="201.280955">
    <failure type="test_受限最大带宽测试 ZLBF_27.1.11" message="undefined method `drb_stop_ftp_client' for nil:NilClass">
      Failure:
      test_受限最大带宽测试 ZLBF_27.1.11(Frame::WebTestInternet) [E:/Automation/frame/frame_internet.rb:85]:
      undefined method `drb_stop_ftp_client' for nil:NilClass
    </failure>
  </testcase>
  <testcase name="test_网络开关-关闭 ZLBF_5.1.22" classname="Frame::WebTestInternet" assertions="11" time="84.015148">
    <failure type="test_网络开关-关闭 ZLBF_5.1.22"
             message="unable to locate element, using {:index=&gt;5, :tag_name=&gt;/^(th|td)$/}">
      Failure:
      test_网络开关-关闭 ZLBF_5.1.22(Frame::WebTestInternet) [E:/Automation/frame/frame_internet.rb:85]:
      unable to locate element, using {:index=&gt;5, :tag_name=&gt;/^(th|td)$/}
    </failure>
  </testcase>
  <testcase name="test_网络开关-开启 ZLBF_5.1.23" classname="Frame::WebTestInternet" assertions="11" time="83.983948">
    <failure type="test_网络开关-开启 ZLBF_5.1.23"
             message="unable to locate element, using {:index=&gt;5, :tag_name=&gt;/^(th|td)$/}">
      Failure:
      test_网络开关-开启 ZLBF_5.1.23(Frame::WebTestInternet) [E:/Automation/frame/frame_internet.rb:85]:
      unable to locate element, using {:index=&gt;5, :tag_name=&gt;/^(th|td)$/}
    </failure>
  </testcase>
  <testcase name="test_无线状态 ZLBF_5.1.20" classname="Frame::WebTestInternet" assertions="21" time="231.516812">
    <failure type="test_无线状态 ZLBF_5.1.20" message="timed out after 2 seconds, 高级设置界面未打开">
      Failure:
      test_无线状态 ZLBF_5.1.20(Frame::WebTestInternet) [E:/Automation/frame/frame_internet.rb:85]:
      timed out after 2 seconds, 高级设置界面未打开
    </failure>
  </testcase>
  <testcase name="test_系统诊断测试-PPPOE ZLBF_4.1.4" classname="Frame::WebTestInternet" assertions="67" time="272.761082">
  </testcase>
  <testcase name="test_系统诊断测试-PPTP ZLBF_4.1.6" classname="Frame::WebTestInternet" assertions="17" time="248.009438">
    <failure type="test_系统诊断测试-PPTP ZLBF_4.1.6" message="网络异常提示内容错误!">
      Failure:
      test_系统诊断测试-PPTP ZLBF_4.1.6(Frame::WebTestInternet) [(eval):142]:
      网络异常提示内容错误!
    </failure>
  </testcase>
  <testcase name="test_系统诊断测试-静态IP ZLBF_4.1.5" classname="Frame::WebTestInternet" assertions="65" time="261.720862">
  </testcase>
  <testcase name="test_向导第二步内网设置 ZLBF_3.1.7" classname="Frame::WebTestInternet" assertions="6" time="31.718856">
  </testcase>
  <testcase name="test_向导第二步跳过 ZLBF_3.1.8" classname="Frame::WebTestInternet" assertions="8" time="30.127653">
  </testcase>
  <testcase name="test_向导第三步查看状态 ZLBF_3.1.9" classname="Frame::WebTestInternet" assertions="8" time="31.407855">
  </testcase>
  <testcase name="test_向导第三步跳过 ZLBF_3.1.10" classname="Frame::WebTestInternet" assertions="10" time="30.561058">
  </testcase>
  <testcase name="test_向导第四步点击开始使用 ZLBF_3.1.11" classname="Frame::WebTestInternet" assertions="10" time="31.874856">
  </testcase>
  <testcase name="test_向导第一步跳过 ZLBF_3.1.6" classname="Frame::WebTestInternet" assertions="6" time="29.489052">
  </testcase>
  <testcase name="test_向导第一步外网设置 ZLBF_3.1.5" classname="Frame::WebTestInternet" assertions="4" time="35.852863">
  </testcase>
  <testcase name="test_有线-移动3_4G切换 ZLBF_7.1.26" classname="Frame::WebTestInternet" assertions="20" time="293.898718">
    <failure type="test_有线-移动3_4G切换 ZLBF_7.1.26" message="接入类型错误！....">
      Failure:
      test_有线-移动3_4G切换 ZLBF_7.1.26(Frame::WebTestInternet) [(eval):173]:
      接入类型错误！.
      Expected /3G\/4G/ to match "\u8FDE\u63A5\u7C7B\u578B\nDHCP".
    </failure>
  </testcase>
  <testcase name="test_终端流量统计测试 ZLBF_5.1.11" classname="Frame::WebTestInternet" assertions="4" time="43.638277">
    <failure type="test_终端流量统计测试 ZLBF_5.1.11" message="undefined method `connect' for nil:NilClass">
      Failure:
      test_终端流量统计测试 ZLBF_5.1.11(Frame::WebTestInternet) [E:/Automation/frame/frame_internet.rb:76]:
      undefined method `connect' for nil:NilClass
    </failure>
  </testcase>
  <testcase name="test_终端显示测试 ZLBF_5.1.10" classname="Frame::WebTestInternet" assertions="4" time="34.698461">
    <failure type="test_终端显示测试 ZLBF_5.1.10" message="undefined method `connect' for nil:NilClass">
      Failure:
      test_终端显示测试 ZLBF_5.1.10(Frame::WebTestInternet) [E:/Automation/frame/frame_internet.rb:76]:
      undefined method `connect' for nil:NilClass
    </failure>
  </testcase>
  <testcase name="test_状态页面无线参数测试 ZLBF_11.1.1" classname="Frame::WebTestInternet" assertions="20" time="327.501578">
  </testcase>
  <testcase name="test_总带宽速率测试 ZLBF_27.1.3" classname="Frame::WebTestInternet" assertions="5" time="297.050325">
    <failure type="test_总带宽速率测试 ZLBF_27.1.3" message="总带宽限制为512不生效">
      Failure:
      test_总带宽速率测试 ZLBF_27.1.3(Frame::WebTestInternet) [(eval):160]:
      总带宽限制为512不生效
    </failure>
  </testcase>
</testsuite>
