<?xml version="1.0" encoding="UTF-8"?>
<testsuite name="IAM::IamManager" skipped="0" failures="0" errors="0" tests="1" assertions="9" time="0.2507812019903213">
  <testcase name="test_邮箱账号中间带空格输入测试 IAM_F_SysManager_017_01" classname="IAM::IamManager" assertions="9" time="0.2507812019903213">
  </testcase>
</testsuite>
