<?xml version="1.0" encoding="UTF-8"?>
<testsuite name="IAM::IamManager" skipped="0" failures="1" errors="0" tests="1" assertions="1" time="0.23508022300666198">
  <testcase name="test_手机账号号长度在范围外测试 IAM_F_SysManager_021" classname="IAM::IamManager" assertions="1" time="0.23508022300666198">
    <failure type="test_手机账号号长度在范围外测试 IAM_F_SysManager_021" message="添加重复超级管理员137602815771应提示失败!....">
Failure:
test_手机账号号长度在范围外测试 IAM_F_SysManager_021(IAM::IamManager) [(eval):34]:
添加重复超级管理员137602815771应提示失败!.
Expected: # encoding: UTF-8
"5006"
  Actual: # encoding: UTF-8
"5003"
    </failure>
  </testcase>
</testsuite>
