<?xml version="1.0" encoding="UTF-8"?>
<testsuite name="IAM::IamManager" skipped="0" failures="0" errors="0" tests="1" assertions="21" time="1.2597734869923443">
  <testcase name="test_邮箱账号格式不规范输入测试 IAM_F_SysManager_015" classname="IAM::IamManager" assertions="21" time="1.2597734869923443">
  </testcase>
</testsuite>
