<?xml version="1.0" encoding="UTF-8"?>
<testsuite name="IAM::IamManager" skipped="0" failures="0" errors="0" tests="1" assertions="8" time="1.5606911309878342">
  <testcase name="test_账号昵称输入正常测试 IAM_F_SysManager_026" classname="IAM::IamManager" assertions="8" time="1.5606911309878342">
  </testcase>
</testsuite>
