<?xml version="1.0" encoding="UTF-8"?>
<testsuite name="IAM::IamManager" skipped="0" failures="0" errors="0" tests="1" assertions="18" time="4.1912190440052655">
  <testcase name="test_邮箱账号正常值输入测试 IAM_F_SysManager_013" classname="IAM::IamManager" assertions="18" time="4.1912190440052655">
  </testcase>
</testsuite>
