<?xml version="1.0" encoding="UTF-8"?>
<testsuite name="IAM::IamManager" skipped="0" failures="1" errors="0" tests="1" assertions="3" time="0.5696798250137363">
  <testcase name="test_手机账号号重复测试 IAM_F_SysManager_025" classname="IAM::IamManager" assertions="3" time="0.5696798250137363">
    <failure type="test_手机账号号重复测试 IAM_F_SysManager_025" message="添加超级管理员失败!....">
Failure:
test_手机账号号重复测试 IAM_F_SysManager_025(IAM::IamManager) [(eval):39]:
添加超级管理员失败!.
Expected: 1
  Actual: nil
    </failure>
  </testcase>
</testsuite>
