<?xml version="1.0" encoding="UTF-8"?>
<testsuite name="IAM::IamManager" skipped="0" failures="1" errors="0" tests="1" assertions="2" time="0.15301657799864188">
  <testcase name="test_邮箱账号前后带空格输入测试 IAM_F_SysManager_017" classname="IAM::IamManager" assertions="2" time="0.15301657799864188">
    <failure type="test_邮箱账号前后带空格输入测试 IAM_F_SysManager_017" message="bad URI(is not URI?): http://192.168.10.9:8082/index.php/admins/index/uid/1/name/ zhilukeji1zhilutec.com /token/dfa3b3a9ab3938045ec13dd3b48f7150">
Failure:
test_邮箱账号前后带空格输入测试 IAM_F_SysManager_017(IAM::IamManager) [iam_manager_single.rb:85]:
bad URI(is not URI?): http://192.168.10.9:8082/index.php/admins/index/uid/1/name/ zhilukeji1zhilutec.com /token/dfa3b3a9ab3938045ec13dd3b48f7150
    </failure>
  </testcase>
</testsuite>
