<?xml version="1.0" encoding="UTF-8"?>
<testsuite name="IAM::IamManager" skipped="0" failures="0" errors="0" tests="1" assertions="3" time="0.11486386699834839">
  <testcase name="test_邮箱账号异常输入测试 IAM_F_SysManager_016" classname="IAM::IamManager" assertions="3" time="0.11486386699834839">
  </testcase>
</testsuite>
