<?xml version="1.0" encoding="UTF-8"?>
<testsuite name="IAM::IamManager" skipped="0" failures="0" errors="0" tests="1" assertions="6" time="0.30548687899135984">
  <testcase name="test_账号昵称异常输入测试 IAM_F_SysManager_029" classname="IAM::IamManager" assertions="6" time="0.30548687899135984">
  </testcase>
</testsuite>
