<?xml version="1.0" encoding="UTF-8"?>
<testsuite name="IAM::IamManager" skipped="0" failures="0" errors="0" tests="1" assertions="3" time="0.2546518190065399">
  <testcase name="test_账号昵称为空 IAM_F_SysManager_028" classname="IAM::IamManager" assertions="3" time="0.2546518190065399">
  </testcase>
</testsuite>
