<?xml version="1.0" encoding="UTF-8"?>
<testsuite name="IAM::IamManager" skipped="0" failures="1" errors="0" tests="1" assertions="3" time="0.5392852750082966">
  <testcase name="test_邮箱账号重复值输入测试 IAM_F_SysManager_019" classname="IAM::IamManager" assertions="3" time="0.5392852750082966">
    <failure type="test_邮箱账号重复值输入测试 IAM_F_SysManager_019" message="添加超级管理员失败!....">
Failure:
test_邮箱账号重复值输入测试 IAM_F_SysManager_019(IAM::IamManager) [(eval):40]:
添加超级管理员失败!.
Expected: nil
  Actual: 1
    </failure>
  </testcase>
</testsuite>
