<?xml version="1.0" encoding="UTF-8"?>
<testsuite name="IAM::IamManager" skipped="0" failures="0" errors="0" tests="1" assertions="2" time="0.5028073010034859">
  <testcase name="test_邮箱账号前后带空格输入测试 IAM_F_SysManager_017" classname="IAM::IamManager" assertions="2" time="0.5028073010034859">
  </testcase>
</testsuite>
