<?xml version="1.0" encoding="UTF-8"?>
<testsuite name="IAM::IamManager" skipped="0" failures="0" errors="0" tests="1" assertions="2" time="0.3752487740130164">
  <testcase name="test_手机账号带空格测试 IAM_F_SysManager_024" classname="IAM::IamManager" assertions="2" time="0.3752487740130164">
  </testcase>
</testsuite>
