<?xml version="1.0" encoding="UTF-8"?>
<testsuite name="IAM::IamManager" skipped="0" failures="0" errors="0" tests="1" assertions="5" time="0.5288295829959679">
  <testcase name="test_手机账号号重复测试 IAM_F_SysManager_025" classname="IAM::IamManager" assertions="5" time="0.5288295829959679">
  </testcase>
</testsuite>
