<?xml version="1.0" encoding="UTF-8"?>
<testsuite name="IAM::IamManager" skipped="0" failures="1" errors="0" tests="1" assertions="1" time="0.09635045900358818">
  <testcase name="test_邮箱账号前后带空格输入测试 IAM_F_SysManager_017" classname="IAM::IamManager" assertions="1" time="0.09635045900358818">
    <failure type="test_邮箱账号前后带空格输入测试 IAM_F_SysManager_017" message="bad URI(is not URI?): http://192.168.10.9:8082/index.php/admins/index/uid/1/name/ sysManager017@zhilutec.com /token/e53cda484e740326bbf729f0664eed26">
Failure:
test_邮箱账号前后带空格输入测试 IAM_F_SysManager_017(IAM::IamManager) [iam_manager_single.rb:72]:
bad URI(is not URI?): http://192.168.10.9:8082/index.php/admins/index/uid/1/name/ sysManager017@zhilutec.com /token/e53cda484e740326bbf729f0664eed26
    </failure>
  </testcase>
</testsuite>
