<?xml version="1.0" encoding="UTF-8"?>
<testsuite name="IAM::IamManager" skipped="0" failures="1" errors="0" tests="1" assertions="2" time="0.16059982700971887">
  <testcase name="test_手机账号带空格测试 IAM_F_SysManager_024" classname="IAM::IamManager" assertions="2" time="0.16059982700971887">
    <failure type="test_手机账号带空格测试 IAM_F_SysManager_024" message="bad URI(is not URI?): http://192.168.10.9:8082/index.php/admins/index/uid/1/name/ 13760281577 /token/8507313966be534a16d1dcf2540ffda1">
Failure:
test_手机账号带空格测试 IAM_F_SysManager_024(IAM::IamManager) [iam_manager_single.rb:85]:
bad URI(is not URI?): http://192.168.10.9:8082/index.php/admins/index/uid/1/name/ 13760281577 /token/8507313966be534a16d1dcf2540ffda1
    </failure>
  </testcase>
</testsuite>
