<?xml version="1.0" encoding="UTF-8"?>
<testsuite name="IAM::IamManager" skipped="0" failures="0" errors="0" tests="1" assertions="21" time="0.5875556539976969">
  <testcase name="test_手机账号号异常测试 IAM_F_SysManager_023" classname="IAM::IamManager" assertions="21" time="0.5875556539976969">
  </testcase>
</testsuite>
