<?xml version="1.0" encoding="UTF-8"?>
<testsuite name="IAM::IamManager" skipped="0" failures="1" errors="0" tests="1" assertions="21" time="6.504594369995175">
  <testcase name="test_手机账号号码输入正常测试 IAM_F_SysManager_020" classname="IAM::IamManager" assertions="21" time="6.504594369995175">
    <failure type="test_手机账号号码输入正常测试 IAM_F_SysManager_020" message="添加超级管理员'145'失败!....">
Failure:
test_手机账号号码输入正常测试 IAM_F_SysManager_020(IAM::IamManager) [(eval):44]:
添加超级管理员'145'失败!.
Expected: 1
  Actual: nil
    </failure>
  </testcase>
</testsuite>
