<?xml version="1.0" encoding="UTF-8"?>
<testsuite name="IAM::IamManager" skipped="0" failures="0" errors="0" tests="1" assertions="6" time="1.3606670229928568">
  <testcase name="test_邮箱账号大小写输入测试 IAM_F_SysManager_018" classname="IAM::IamManager" assertions="6" time="1.3606670229928568">
  </testcase>
</testsuite>
