<?xml version="1.0" encoding="UTF-8"?>
<testsuite name="IAM::IamManager" skipped="0" failures="1" errors="0" tests="1" assertions="5" time="0.5693371839879546">
  <testcase name="test_邮箱账号重复值输入测试 IAM_F_SysManager_019" classname="IAM::IamManager" assertions="5" time="0.5693371839879546">
    <failure type="test_邮箱账号重复值输入测试 IAM_F_SysManager_019" message="添加超级管理员SysManager_019@zhilutec.com失败!....">
Failure:
test_邮箱账号重复值输入测试 IAM_F_SysManager_019(IAM::IamManager) [(eval):44]:
添加超级管理员SysManager_019@zhilutec.com失败!.
Expected: # encoding: UTF-8
"E_ACCOUNT_FORMAT_ERROR"
  Actual: # encoding: UTF-8
"E_ACCOUNT_EXISTS_ERROR"
    </failure>
  </testcase>
</testsuite>
