<?xml version="1.0" encoding="UTF-8"?>
<testsuite name="IAM::IamManager" skipped="0" failures="0" errors="0" tests="1" assertions="6" time="0.3447500969923567">
  <testcase name="test_手机账号号长度在范围外测试 IAM_F_SysManager_021" classname="IAM::IamManager" assertions="6" time="0.3447500969923567">
  </testcase>
</testsuite>
