<?xml version="1.0" encoding="UTF-8"?>
<testsuite name="IAM::IamManager" skipped="0" failures="1" errors="0" tests="1" assertions="1" time="0.1712530000077095">
  <testcase name="test_账号昵称长度在范围外测试 IAM_F_SysManager_027" classname="IAM::IamManager" assertions="1" time="0.1712530000077095">
    <failure type="test_账号昵称长度在范围外测试 IAM_F_SysManager_027" message="添加超级管理员13760281503失败!....">
Failure:
test_账号昵称长度在范围外测试 IAM_F_SysManager_027(IAM::IamManager) [(eval):30]:
添加超级管理员13760281503失败!.
Expected: 1
  Actual: nil
    </failure>
  </testcase>
</testsuite>
