<?xml version="1.0" encoding="UTF-8"?>
<testsuite name="IAM::IamManager" skipped="0" failures="0" errors="0" tests="2" assertions="7" time="0.9868616519961506">
  <testcase name="test_邮箱账号前后带空格输入测试 IAM_F_SysManager_017" classname="IAM::IamManager" assertions="4" time="0.9057833569822833">
  </testcase>
  <testcase name="test_邮箱账号中间带空格输入测试 IAM_F_SysManager_017_01" classname="IAM::IamManager" assertions="3" time="0.08107829501386732">
  </testcase>
</testsuite>
