<?xml version="1.0" encoding="UTF-8"?>
<testsuite name="IAM::IamManager" skipped="0" failures="1" errors="0" tests="1" assertions="4" time="0.20210043499992025">
  <testcase name="test_提供方异常输入测试 IAM_F_Application_013" classname="IAM::IamManager" assertions="4" time="0.20210043499992025">
    <failure type="test_提供方异常输入测试 IAM_F_Application_013" message="创建应用名为'',应用提供方名称为:'１２３９８７'返回错误消息不正确!....">
Failure:
test_提供方异常输入测试 IAM_F_Application_013(IAM::IamManager) [(eval):45]:
创建应用名为'',应用提供方名称为:'１２３９８７'返回错误消息不正确!.
Expected: # encoding: UTF-8
"\u5E94\u7528\u63D0\u4F9B\u65B9\u683C\u5F0F\u9519\u8BEF"
  Actual: # encoding: UTF-8
"\u5E94\u7528\u540D\u79F0\u4E3A\u7A7A"
    </failure>
  </testcase>
</testsuite>
