<?xml version="1.0" encoding="UTF-8"?>
<testsuite name="IAM::IamManager" skipped="0" failures="0" errors="0" tests="1" assertions="2" time="0.3579141529990011">
  <testcase name="test_回调地址输入https地址 IAM_F_Application_022" classname="IAM::IamManager" assertions="2" time="0.3579141529990011">
  </testcase>
</testsuite>
