<?xml version="1.0" encoding="UTF-8"?>
<testsuite name="IAM::IamManager" skipped="0" failures="0" errors="0" tests="1" assertions="3" time="0.16638462799983245">
  <testcase name="test_提供方长度在范围外测试 IAM_F_Application_011" classname="IAM::IamManager" assertions="3" time="0.16638462799983245">
  </testcase>
</testsuite>
