<?xml version="1.0" encoding="UTF-8"?>
<testsuite name="IAM::IamManager" skipped="0" failures="0" errors="0" tests="1" assertions="7" time="0.6918832049996126">
  <testcase name="test_提供方带空格输入测试 IAM_F_Application_014" classname="IAM::IamManager" assertions="7" time="0.6918832049996126">
  </testcase>
</testsuite>
