<?xml version="1.0" encoding="UTF-8"?>
<testsuite name="IAM::IamManager" skipped="0" failures="0" errors="0" tests="1" assertions="3" time="0.12157521400149562">
  <testcase name="test_回调地址输入中文测试 IAM_F_Application_025" classname="IAM::IamManager" assertions="3" time="0.12157521400149562">
  </testcase>
</testsuite>
