<?xml version="1.0" encoding="UTF-8"?>
<testsuite name="IAM::IamManager" skipped="0" failures="1" errors="0" tests="1" assertions="1" time="0.09481964899896411">
  <testcase name="test_回调地址不输入http IAM_F_Application_023" classname="IAM::IamManager" assertions="1" time="0.09481964899896411">
    <failure type="test_回调地址不输入http IAM_F_Application_023" message="新增一个应用失败!....">
Failure:
test_回调地址不输入http IAM_F_Application_023(IAM::IamManager) [(eval):29]:
新增一个应用失败!.
Expected: 1
  Actual: nil
    </failure>
  </testcase>
</testsuite>
