<?xml version="1.0" encoding="UTF-8"?>
<testsuite name="IAM::IamManager" skipped="0" failures="0" errors="0" tests="1" assertions="3" time="0.08832362700195517">
  <testcase name="test_回调地址不输入http IAM_F_Application_023" classname="IAM::IamManager" assertions="3" time="0.08832362700195517">
  </testcase>
</testsuite>
