<?xml version="1.0" encoding="UTF-8"?>
<testsuite name="IAM::IamManager" skipped="0" failures="1" errors="0" tests="1" assertions="5" time="0.7585171790005916">
  <testcase name="test_提供方带空格输入测试 IAM_F_Application_014" classname="IAM::IamManager" assertions="5" time="0.7585171790005916">
    <failure type="test_提供方带空格输入测试 IAM_F_Application_014" message="创建应用名为'狙击开关返回错误消息不正确!....">
Failure:
test_提供方带空格输入测试 IAM_F_Application_014(IAM::IamManager) [(eval):56]:
创建应用名为'狙击开关返回错误消息不正确!.
Expected: # encoding: UTF-8
"\u5E94\u7528\u540D\u79F0\u683C\u5F0F\u9519\u8BEF"
  Actual: # encoding: UTF-8
"\u5E94\u7528\u63D0\u4F9B\u65B9\u683C\u5F0F\u9519\u8BEF"
    </failure>
  </testcase>
</testsuite>
