<?xml version="1.0" encoding="UTF-8"?>
<testsuite name="IAM::IamManager" skipped="0" failures="0" errors="0" tests="1" assertions="2" time="0.3446702510009345">
  <testcase name="test_输入值为空 IAM_F_Application_018" classname="IAM::IamManager" assertions="2" time="0.3446702510009345">
  </testcase>
</testsuite>
