<?xml version="1.0" encoding="UTF-8"?>
<testsuite name="IAM::IamManager" skipped="0" failures="0" errors="0" tests="1" assertions="2" time="0.36944530899927486">
  <testcase name="test_范围内正常输入测试_最大值测试 IAM_F_Application_017" classname="IAM::IamManager" assertions="2" time="0.36944530899927486">
  </testcase>
</testsuite>
