<?xml version="1.0" encoding="UTF-8"?>
<testsuite name="IAM::IamManager" skipped="0" failures="1" errors="0" tests="1" assertions="1" time="0.17530844999964756">
  <testcase name="test_提供方为空 IAM_F_Application_012" classname="IAM::IamManager" assertions="1" time="0.17530844999964756">
    <failure type="test_提供方为空 IAM_F_Application_012" message="创建的应用时提供方名称为空返回错误消息不正确!....">
Failure:
test_提供方为空 IAM_F_Application_012(IAM::IamManager) [(eval):34]:
创建的应用时提供方名称为空返回错误消息不正确!.
Expected: # encoding: UTF-8
"\u5E94\u7528\u540D\u79F0\u4E3A\u7A7A"
  Actual: # encoding: UTF-8
"\u5E94\u7528\u63D0\u4F9B\u65B9\u4E3A\u7A7A"
    </failure>
  </testcase>
</testsuite>
