<?xml version="1.0" encoding="UTF-8"?>
<testsuite name="IAM::IamManager" skipped="0" failures="0" errors="0" tests="1" assertions="4" time="0.73897217800004">
  <testcase name="test_提供方重复测试 IAM_F_Application_015" classname="IAM::IamManager" assertions="4" time="0.73897217800004">
  </testcase>
</testsuite>
