<?xml version="1.0" encoding="UTF-8"?>
<testsuite name="IAM::IamManager" skipped="0" failures="1" errors="0" tests="1" assertions="1" time="0.17825484500008315">
  <testcase name="test_提供方长度在范围外测试 IAM_F_Application_011" classname="IAM::IamManager" assertions="1" time="0.17825484500008315">
    <failure type="test_提供方长度在范围外测试 IAM_F_Application_011" message="创建的应用名提供方名字长度为33返回错误消息不正确!....">
Failure:
test_提供方长度在范围外测试 IAM_F_Application_011(IAM::IamManager) [(eval):34]:
创建的应用名提供方名字长度为33返回错误消息不正确!.
Expected: # encoding: UTF-8
"\u5E94\u7528\u540D\u79F0\u683C\u5F0F\u9519\u8BEF"
  Actual: # encoding: UTF-8
"\u5E94\u7528\u63D0\u4F9B\u65B9\u683C\u5F0F\u9519\u8BEF"
    </failure>
  </testcase>
</testsuite>
