<?xml version="1.0" encoding="UTF-8"?>
<testsuite name="IAM::IamManager" skipped="0" failures="0" errors="0" tests="1" assertions="2" time="0.36160843200195814">
  <testcase name="test_回调地址输入正常测试 IAM_F_Application_021" classname="IAM::IamManager" assertions="2" time="0.36160843200195814">
  </testcase>
</testsuite>
