<?xml version="1.0" encoding="UTF-8"?>
<testsuite name="IAM::IamManager" skipped="0" failures="0" errors="0" tests="1" assertions="3" time="0.0990833029973146">
  <testcase name="test_回调地址输入其他格式地址 IAM_F_Application_024" classname="IAM::IamManager" assertions="3" time="0.0990833029973146">
  </testcase>
</testsuite>
