<?xml version="1.0" encoding="UTF-8"?>
<testsuite name="IAM::IamManager" skipped="0" failures="1" errors="0" tests="1" assertions="1" time="0.11786554699938279">
  <testcase name="test_回调地址不输入http IAM_F_Application_023" classname="IAM::IamManager" assertions="1" time="0.11786554699938279">
    <failure type="test_回调地址不输入http IAM_F_Application_023" message="undefined local variable or method `tip' for #&lt;IAM::IamManager:0x000000043781c0&gt;...">
Failure:
test_回调地址不输入http IAM_F_Application_023(IAM::IamManager) [iam_manager.rb:62]:
undefined local variable or method `tip' for #&lt;IAM::IamManager:0x000000043781c0&gt;
Did you mean?  tap
    </failure>
  </testcase>
</testsuite>
