<?xml version="1.0" encoding="UTF-8"?>
<testsuite name="IAM::IamManager" skipped="0" failures="0" errors="0" tests="1" assertions="2" time="0.49596524401567876">
  <testcase name="test_范围内正常输入测试_最小值测试 IAM_F_SysManager_041" classname="IAM::IamManager" assertions="2" time="0.49596524401567876">
  </testcase>
</testsuite>
