<?xml version="1.0" encoding="UTF-8"?>
<testsuite name="IAM::IamManager" skipped="0" failures="0" errors="0" tests="1" assertions="6" time="1.409778102999553">
  <testcase name="test_密码正常输入测试 IAM_F_SysManager_035" classname="IAM::IamManager" assertions="6" time="1.409778102999553">
  </testcase>
</testsuite>
