<?xml version="1.0" encoding="UTF-8"?>
<testsuite name="IAM::IamManager" skipped="0" failures="1" errors="0" tests="1" assertions="6" time="0.6972383509855717">
  <testcase name="test_密码正常输入测试 IAM_F_SysManager_035" classname="IAM::IamManager" assertions="6" time="0.6972383509855717">
    <failure type="test_密码正常输入测试 IAM_F_SysManager_035" message="undefined method `put' for #&lt;IAM::IamManager:0x000000045f94d0&gt;...">
Failure:
test_密码正常输入测试 IAM_F_SysManager_035(IAM::IamManager) [iam_manager_single.rb:85]:
undefined method `put' for #&lt;IAM::IamManager:0x000000045f94d0&gt;
Did you mean?  putc
               puts
    </failure>
  </testcase>
</testsuite>
