<?xml version="1.0" encoding="UTF-8"?>
<testsuite name="IAM::IamManager" skipped="0" failures="0" errors="0" tests="1" assertions="0" time="0.0055735649657435715">
  <testcase name="test_账号为空登录测试 IAM_F_SysManager_056" classname="IAM::IamManager" assertions="0" time="0.0055735649657435715">
  </testcase>
</testsuite>
