<?xml version="1.0" encoding="UTF-8"?>
<testsuite name="IAM::IamManager" skipped="0" failures="0" errors="0" tests="1" assertions="3" time="0.039735633006785065">
  <testcase name="test_密码为空登录测试 IAM_F_SysManager_057" classname="IAM::IamManager" assertions="3" time="0.039735633006785065">
  </testcase>
</testsuite>
