<?xml version="1.0" encoding="UTF-8"?>
<testsuite name="IAM::IamManager" skipped="0" failures="1" errors="0" tests="1" assertions="1" time="0.025709390989504755">
  <testcase name="test_账号为空登录测试 IAM_F_SysManager_056" classname="IAM::IamManager" assertions="1" time="0.025709390989504755">
    <failure type="test_账号为空登录测试 IAM_F_SysManager_056" message="uninitialized constant IAM::IamManager::ADMIN_URL">
Failure:
test_账号为空登录测试 IAM_F_SysManager_056(IAM::IamManager) [iam_manager_single.rb:72]:
uninitialized constant IAM::IamManager::ADMIN_URL
    </failure>
  </testcase>
</testsuite>
