<?xml version="1.0" encoding="UTF-8"?>
<testsuite name="IAM::IamManager" skipped="0" failures="0" errors="0" tests="1" assertions="3" time="0.041901249962393194">
  <testcase name="test_账号密码特殊字符测试 IAM_F_SysManager_061" classname="IAM::IamManager" assertions="3" time="0.041901249962393194">
  </testcase>
</testsuite>
