<?xml version="1.0" encoding="UTF-8"?>
<testsuite name="IAM::IamManager" skipped="0" failures="0" errors="0" tests="1" assertions="4" time="0.8245239950483665">
  <testcase name="test_账号昵称重复测试 IAM_F_SysManager_031" classname="IAM::IamManager" assertions="4" time="0.8245239950483665">
  </testcase>
</testsuite>
