<?xml version="1.0" encoding="UTF-8"?>
<testsuite name="IAM::IamManager" skipped="0" failures="0" errors="0" tests="1" assertions="2" time="0.4852664190111682">
  <testcase name="test_范围内正常输入测试_最大值测试 IAM_F_SysManager_042" classname="IAM::IamManager" assertions="2" time="0.4852664190111682">
  </testcase>
</testsuite>
