<?xml version="1.0" encoding="UTF-8"?>
<testsuite name="IAM::IamManager" skipped="0" failures="0" errors="0" tests="1" assertions="6" time="0.34768819698365405">
  <testcase name="test_密码长度在限制范围外 IAM_F_SysManager_036" classname="IAM::IamManager" assertions="6" time="0.34768819698365405">
  </testcase>
</testsuite>
