<?xml version="1.0" encoding="UTF-8"?>
<testsuite name="IAM::IamManager" skipped="0" failures="0" errors="0" tests="1" assertions="0" time="0.25005539698759094">
  <testcase name="test_管理员角色类型不能为空 IAM_F_SysManager_034" classname="IAM::IamManager" assertions="0" time="0.25005539698759094">
  </testcase>
</testsuite>
