<?xml version="1.0" encoding="UTF-8"?>
<testsuite name="IAM::IamManager" skipped="0" failures="0" errors="0" tests="1" assertions="9" time="0.7613953920081258">
  <testcase name="test_密码异常输入测试 IAM_F_SysManager_038" classname="IAM::IamManager" assertions="9" time="0.7613953920081258">
  </testcase>
</testsuite>
