<?xml version="1.0" encoding="UTF-8"?>
<testsuite name="IAM::IamManager" skipped="0" failures="0" errors="0" tests="1" assertions="3" time="0.24285069399047643">
  <testcase name="test_密码为空 IAM_F_SysManager_037" classname="IAM::IamManager" assertions="3" time="0.24285069399047643">
  </testcase>
</testsuite>
