<?xml version="1.0" encoding="UTF-8"?>
<testsuite name="IAM::IamManager" skipped="0" failures="0" errors="0" tests="1" assertions="3" time="0.04167812300147489">
  <testcase name="test_错误密码登录测试 IAM_F_SysManager_059" classname="IAM::IamManager" assertions="3" time="0.04167812300147489">
  </testcase>
</testsuite>
