<?xml version="1.0" encoding="UTF-8"?>
<testsuite name="IAM::IamManager" skipped="0" failures="1" errors="0" tests="1" assertions="1" time="0.38923654600512236">
  <testcase name="test_密码异常输入测试 IAM_F_SysManager_038" classname="IAM::IamManager" assertions="1" time="0.38923654600512236">
    <failure type="test_密码异常输入测试 IAM_F_SysManager_038" message="添加超级管理员‘SysManager_038@zhilutec.com’失败!....">
Failure:
test_密码异常输入测试 IAM_F_SysManager_038(IAM::IamManager) [(eval):37]:
添加超级管理员‘SysManager_038@zhilutec.com’失败!.
Expected: 1
  Actual: nil
    </failure>
  </testcase>
</testsuite>
