<?xml version="1.0" encoding="UTF-8"?>
<testsuite name="IAM::IamManager" skipped="0" failures="0" errors="0" tests="1" assertions="2" time="0.45858911803225055">
  <testcase name="test_输入值超出限制范围 IAM_F_SysManager_044" classname="IAM::IamManager" assertions="2" time="0.45858911803225055">
  </testcase>
</testsuite>
