<?xml version="1.0" encoding="UTF-8"?>
<testsuite name="Frame::WebTestInternet" skipped="0" failures="0" errors="0" tests="1" assertions="19" time="383.720406">
  <testcase name="test_IP过滤--源IP为单个IP ZLBF_15.1.2" classname="Frame::WebTestInternet" assertions="19" time="383.720406">
  </testcase>
</testsuite>
