<?xml version="1.0" encoding="UTF-8"?>
<testsuite name="Frame::WebTestInternet" skipped="0" failures="1" errors="0" tests="1" assertions="52" time="378.953613">
  <testcase name="test_系统诊断测试-PPTP ZLBF_4.1.6" classname="Frame::WebTestInternet" assertions="52" time="378.953613">
    <failure type="test_系统诊断测试-PPTP ZLBF_4.1.6" message="显示路由器物理状态异常....">
Failure:
test_系统诊断测试-PPTP ZLBF_4.1.6(Frame::WebTestInternet) [(eval):284]:
显示路由器物理状态异常.
Expected: "\u5F02\u5E38"
  Actual: "\u6B63\u5E38"
    </failure>
  </testcase>
</testsuite>
