<?xml version="1.0" encoding="UTF-8"?>
<testsuite name="Frame::WebTestInternet" skipped="0" failures="1" errors="0" tests="1" assertions="11" time="345.717889">
  <testcase name="test_WPA_WPA2-PSK混合加密密钥 ZLBF_11.1.3" classname="Frame::WebTestInternet" assertions="11" time="345.717889">
    <failure type="test_WPA_WPA2-PSK混合加密密钥 ZLBF_11.1.3" message="WIFI连接失败未获取IP地址">
Failure:
test_WPA_WPA2-PSK混合加密密钥 ZLBF_11.1.3(Frame::WebTestInternet) [(eval):99]:
WIFI连接失败未获取IP地址
    </failure>
  </testcase>
</testsuite>
