<?xml version="1.0" encoding="UTF-8"?>
<testsuite name="Frame::WebTestInternet" skipped="0" failures="22" errors="0" tests="40" assertions="488" time="8731.788342999998">
  <testcase name="test_DHCPC-自动续约IP 地址 ZLBF_6.1.3" classname="Frame::WebTestInternet" assertions="14" time="192.491107">
    <failure type="test_DHCPC-自动续约IP 地址 ZLBF_6.1.3" message="未抓取到包！">
Failure:
test_DHCPC-自动续约IP 地址 ZLBF_6.1.3(Frame::WebTestInternet) [(eval):93]:
未抓取到包！
    </failure>
  </testcase>
  <testcase name="test_DHCP服务器-租约时长输入特殊字符测试 ZLBF_8.1.27" classname="Frame::WebTestInternet" assertions="4" time="33.399989">
    <failure type="test_DHCP服务器-租约时长输入特殊字符测试 ZLBF_8.1.27" message="未提示租约时间范围错误....">
Failure:
test_DHCP服务器-租约时长输入特殊字符测试 ZLBF_8.1.27(Frame::WebTestInternet) [(eval):35]:
未提示租约时间范围错误.
Expected: "\u79DF\u7EA6\u65F6\u95F4\u8303\u56F4\u4E3A60-43200"
  Actual: "\u79DF\u7528\u65F6\u95F4\u53EA\u80FD\u662F\u6B63\u6574\u6570"
    </failure>
  </testcase>
  <testcase name="test_DHCP服务器-租约时长输入中文和英文测试 ZLBF_8.1.28" classname="Frame::WebTestInternet" assertions="4" time="33.303566">
    <failure type="test_DHCP服务器-租约时长输入中文和英文测试 ZLBF_8.1.28" message="未提示租约时间范围....">
Failure:
test_DHCP服务器-租约时长输入中文和英文测试 ZLBF_8.1.28(Frame::WebTestInternet) [(eval):31]:
未提示租约时间范围.
Expected: "\u79DF\u7EA6\u65F6\u95F4\u8303\u56F4\u4E3A60-43200"
  Actual: "\u79DF\u7528\u65F6\u95F4\u53EA\u80FD\u662F\u6B63\u6574\u6570"
    </failure>
  </testcase>
  <testcase name="test_DMZ-IP地址输入测试 ZLBF_18.1.3" classname="Frame::WebTestInternet" assertions="29" time="198.467998">
    <failure type="test_DMZ-IP地址输入测试 ZLBF_18.1.3" message="提示内容错误....">
Failure:
test_DMZ-IP地址输入测试 ZLBF_18.1.3(Frame::WebTestInternet) [(eval):201]:
提示内容错误.
Expected: "IP\u5730\u5740\u683C\u5F0F\u9519\u8BEF"
  Actual: ""
    </failure>
  </testcase>
  <testcase name="test_IP地址段冲突测试 ZLBF_27.1.14" classname="Frame::WebTestInternet" assertions="5" time="83.519086">
    <failure type="test_IP地址段冲突测试 ZLBF_27.1.14" message="提示信息内容错误!....">
Failure:
test_IP地址段冲突测试 ZLBF_27.1.14(Frame::WebTestInternet) [(eval):95]:
提示信息内容错误!.
Expected: "IP\u5730\u5740\u6BB5\u6709\u4EA4\u96C6"
  Actual: ""
    </failure>
  </testcase>
  <testcase name="test_IP过滤--目的IP为单个IP ZLBF_15.1.5" classname="Frame::WebTestInternet" assertions="17" time="467.200049">
  </testcase>
  <testcase name="test_IP过滤--源IP为IP网段 ZLBF_15.1.3" classname="Frame::WebTestInternet" assertions="12" time="206.200742">
  </testcase>
  <testcase name="test_IP过滤-编辑规则 ZLBF_15.1.19" classname="Frame::WebTestInternet" assertions="5" time="123.387478">
    <failure type="test_IP过滤-编辑规则 ZLBF_15.1.19" message="发送请求时出现异常">
Failure:
test_IP过滤-编辑规则 ZLBF_15.1.19(Frame::WebTestInternet) [(eval):86]:
发送请求时出现异常
    </failure>
  </testcase>
  <testcase name="test_IP过滤-删除规则 ZLBF_15.1.20" classname="Frame::WebTestInternet" assertions="7" time="264.969219">
  </testcase>
  <testcase name="test_IP过滤-源端口为所有端口 ZLBF_15.1.14" classname="Frame::WebTestInternet" assertions="8" time="372.852279">
  </testcase>
  <testcase name="test_IP起始结束地址验证 ZLBF_27.1.6" classname="Frame::WebTestInternet" assertions="5" time="78.177869">
    <failure type="test_IP起始结束地址验证 ZLBF_27.1.6" message="未输入起始IP地址....">
Failure:
test_IP起始结束地址验证 ZLBF_27.1.6(Frame::WebTestInternet) [(eval):75]:
未输入起始IP地址.
Expected: "\u8BF7\u8F93\u5165\u8D77\u59CBIP\u5730\u5740"
  Actual: ""
    </failure>
  </testcase>
  <testcase name="test_MAC过滤--生效失效 ZLBF_28.1.6" classname="Frame::WebTestInternet" assertions="24" time="244.623208">
    <failure type="test_MAC过滤--生效失效 ZLBF_28.1.6" message="过滤有线客户端导致WIFI客户端也无法连接外网">
Failure:
test_MAC过滤--生效失效 ZLBF_28.1.6(Frame::WebTestInternet) [(eval):210]:
过滤有线客户端导致WIFI客户端也无法连接外网
    </failure>
  </testcase>
  <testcase name="test_MAC过滤-规则编辑 ZLBF_28.1.3" classname="Frame::WebTestInternet" assertions="12" time="116.279222">
    <failure type="test_MAC过滤-规则编辑 ZLBF_28.1.3" message="WIFI客户端无法连接外网">
Failure:
test_MAC过滤-规则编辑 ZLBF_28.1.3(Frame::WebTestInternet) [(eval):108]:
WIFI客户端无法连接外网
    </failure>
  </testcase>
  <testcase name="test_MAC过滤-规则删除 ZLBF_28.1.4" classname="Frame::WebTestInternet" assertions="28" time="319.854259">
    <failure type="test_MAC过滤-规则删除 ZLBF_28.1.4" message="所有过滤规则删除后，PC2进行TCP连接失败">
Failure:
test_MAC过滤-规则删除 ZLBF_28.1.4(Frame::WebTestInternet) [(eval):229]:
所有过滤规则删除后，PC2进行TCP连接失败
    </failure>
  </testcase>
  <testcase name="test_MAC过滤-开关为关闭 ZLBF_28.1.2" classname="Frame::WebTestInternet" assertions="12" time="131.926823">
    <failure type="test_MAC过滤-开关为关闭 ZLBF_28.1.2" message="WIFI客户端无法连接外网">
Failure:
test_MAC过滤-开关为关闭 ZLBF_28.1.2(Frame::WebTestInternet) [(eval):111]:
WIFI客户端无法连接外网
    </failure>
  </testcase>
  <testcase name="test_MAC过滤-开关为开启 ZLBF_28.1.1" classname="Frame::WebTestInternet" assertions="12" time="138.791799">
    <failure type="test_MAC过滤-开关为开启 ZLBF_28.1.1" message="WIFI客户端无法连接外网">
Failure:
test_MAC过滤-开关为开启 ZLBF_28.1.1(Frame::WebTestInternet) [(eval):111]:
WIFI客户端无法连接外网
    </failure>
  </testcase>
  <testcase name="test_MAC过滤-满载配置 ZLBF_28.1.5" classname="Frame::WebTestInternet" assertions="12" time="128.253974">
    <failure type="test_MAC过滤-满载配置 ZLBF_28.1.5" message="WIFI客户端无法连接外网">
Failure:
test_MAC过滤-满载配置 ZLBF_28.1.5(Frame::WebTestInternet) [(eval):114]:
WIFI客户端无法连接外网
    </failure>
  </testcase>
  <testcase name="test_PPPOE方式下QOS验证 ZLBF_27.1.19" classname="Frame::WebTestInternet" assertions="15" time="705.916698">
    <failure type="test_PPPOE方式下QOS验证 ZLBF_27.1.19" message="undefined method `-' for nil:NilClass">
Failure:
test_PPPOE方式下QOS验证 ZLBF_27.1.19(Frame::WebTestInternet) [frame_internet_single.rb:77]:
undefined method `-' for nil:NilClass
    </failure>
  </testcase>
  <testcase name="test_PPTP-断电重启 ZLBF_6.1.56" classname="Frame::WebTestInternet" assertions="25" time="316.470662">
  </testcase>
  <testcase name="test_STATIC方式下QOS验证 ZLBF_27.1.20" classname="Frame::WebTestInternet" assertions="16" time="756.578821">
  </testcase>
  <testcase name="test_防火墙关闭-IP过滤关闭 ZLBF_29.1.1" classname="Frame::WebTestInternet" assertions="7" time="128.160082">
  </testcase>
  <testcase name="test_防火墙关闭-IP过滤开启 ZLBF_29.1.4" classname="Frame::WebTestInternet" assertions="7" time="164.131802">
  </testcase>
  <testcase name="test_防火墙关闭-MAC过滤关闭 ZLBF_29.1.2" classname="Frame::WebTestInternet" assertions="24" time="206.135574">
  </testcase>
  <testcase name="test_防火墙关闭-MAC过滤开启 ZLBF_29.1.5" classname="Frame::WebTestInternet" assertions="24" time="199.57354">
  </testcase>
  <testcase name="test_防火墙关闭-URL过滤关闭 ZLBF_29.1.3" classname="Frame::WebTestInternet" assertions="16" time="203.141868">
  </testcase>
  <testcase name="test_防火墙关闭-URL过滤开启 ZLBF_29.1.6" classname="Frame::WebTestInternet" assertions="16" time="192.392628">
  </testcase>
  <testcase name="test_防火墙开启-IP过滤关闭 ZLBF_29.1.7" classname="Frame::WebTestInternet" assertions="7" time="127.10113">
  </testcase>
  <testcase name="test_防火墙开启-URL过滤关闭 ZLBF_29.1.9" classname="Frame::WebTestInternet" assertions="15" time="254.211377">
    <failure type="test_防火墙开启-URL过滤关闭 ZLBF_29.1.9" message="Element is not currently visible and so may not be interacted with">
Failure:
test_防火墙开启-URL过滤关闭 ZLBF_29.1.9(Frame::WebTestInternet) [frame_internet_single.rb:86]:
Element is not currently visible and so may not be interacted with
    </failure>
  </testcase>
  <testcase name="test_防火墙开启－MAC过滤关闭 ZLBF_29.1.8" classname="Frame::WebTestInternet" assertions="12" time="128.518894">
    <failure type="test_防火墙开启－MAC过滤关闭 ZLBF_29.1.8" message="WIFI客户端无法连接外网">
Failure:
test_防火墙开启－MAC过滤关闭 ZLBF_29.1.8(Frame::WebTestInternet) [(eval):111]:
WIFI客户端无法连接外网
    </failure>
  </testcase>
  <testcase name="test_静态IP-掩码异常输入测试 ZLBF_6.1.17" classname="Frame::WebTestInternet" assertions="9" time="154.205779">
    <failure type="test_静态IP-掩码异常输入测试 ZLBF_6.1.17" message="错误提示内容不正确!....">
Failure:
test_静态IP-掩码异常输入测试 ZLBF_6.1.17(Frame::WebTestInternet) [(eval):68]:
错误提示内容不正确!.
Expected: "\u5B50\u7F51\u63A9\u7801\u683C\u5F0F\u4E0D\u6B63\u786E"
  Actual: ""
    </failure>
  </testcase>
  <testcase name="test_路由模式下导出导入配置文件 ZLBF_21.1.42" classname="Frame::WebTestInternet" assertions="5" time="190.283235">
    <failure type="test_路由模式下导出导入配置文件 ZLBF_21.1.42" message="timed out after 5 seconds, waiting for {:name=&gt;&quot;setmanExpSetExport&quot;, :tag_name=&gt;&quot;button&quot;} to become present">
Failure:
test_路由模式下导出导入配置文件 ZLBF_21.1.42(Frame::WebTestInternet) [frame_internet_single.rb:77]:
timed out after 5 seconds, waiting for {:name=&gt;"setmanExpSetExport", :tag_name=&gt;"button"} to become present
    </failure>
  </testcase>
  <testcase name="test_设备域名-重启后测试 ZLBF_30.1.13" classname="Frame::WebTestInternet" assertions="5" time="225.485045">
    <failure type="test_设备域名-重启后测试 ZLBF_30.1.13" message="重启后使用域名登录路由器失败！">
Failure:
test_设备域名-重启后测试 ZLBF_30.1.13(Frame::WebTestInternet) [(eval):57]:
重启后使用域名登录路由器失败！
    </failure>
  </testcase>
  <testcase name="test_受限最大带宽测试 ZLBF_27.1.11" classname="Frame::WebTestInternet" assertions="9" time="341.674618">
    <failure type="test_受限最大带宽测试 ZLBF_27.1.11" message="undefined method `-' for nil:NilClass">
Failure:
test_受限最大带宽测试 ZLBF_27.1.11(Frame::WebTestInternet) [frame_internet_single.rb:77]:
undefined method `-' for nil:NilClass
    </failure>
  </testcase>
  <testcase name="test_受限最大带宽之和大于总带宽 ZLBF_27.1.12" classname="Frame::WebTestInternet" assertions="7" time="261.753879">
  </testcase>
  <testcase name="test_无线SSID长度范围测试 ZLBF_11.1.8" classname="Frame::WebTestInternet" assertions="12" time="270.65166">
  </testcase>
  <testcase name="test_无线SSID输入字母和数字测试 ZLBF_11.1.4" classname="Frame::WebTestInternet" assertions="7" time="157.116754">
  </testcase>
  <testcase name="test_虚拟服务器-IP输入测试 ZLBF_17.1.2" classname="Frame::WebTestInternet" assertions="19" time="133.616893">
    <failure type="test_虚拟服务器-IP输入测试 ZLBF_17.1.2" message="提示信息错误....">
Failure:
test_虚拟服务器-IP输入测试 ZLBF_17.1.2(Frame::WebTestInternet) [(eval):140]:
提示信息错误.
Expected: "IP\u5730\u5740\u683C\u5F0F\u9519\u8BEF"
  Actual: ""
    </failure>
  </testcase>
  <testcase name="test_重启后QOS验证 ZLBF_27.1.25" classname="Frame::WebTestInternet" assertions="7" time="98.792961">
    <failure type="test_重启后QOS验证 ZLBF_27.1.25" message="wiif客户端无法ping通路由器">
Failure:
test_重启后QOS验证 ZLBF_27.1.25(Frame::WebTestInternet) [(eval):92]:
wiif客户端无法ping通路由器
    </failure>
  </testcase>
  <testcase name="test_状态页面-无线信道测试 ZLBF_11.1.2" classname="Frame::WebTestInternet" assertions="7" time="145.722136">
  </testcase>
  <testcase name="test_总带宽速率测试 ZLBF_27.1.3" classname="Frame::WebTestInternet" assertions="7" time="236.45364">
  </testcase>
</testsuite>
