<?xml version="1.0" encoding="UTF-8"?>
<testsuite name="Frame::WebTestInternet" skipped="0" failures="0" errors="0" tests="1" assertions="35" time="535.996684">
  <testcase name="test_网络开关-关闭 ZLBF_5.1.32" classname="Frame::WebTestInternet" assertions="35" time="535.996684">
  </testcase>
</testsuite>
