<?xml version="1.0" encoding="UTF-8"?>
<testsuite name="IAM::IamManager" skipped="0" failures="1" errors="0" tests="1" assertions="1" time="0.09894746000645682">
  <testcase name="test_删除有下级管理员的管理员 IAM_F_SysManager_106" classname="IAM::IamManager" assertions="1" time="0.09894746000645682">
    <failure type="test_删除有下级管理员的管理员 IAM_F_SysManager_106" message="wrong number of arguments (given 5, expected 2..3)">
Failure:
test_删除有下级管理员的管理员 IAM_F_SysManager_106(IAM::IamManager) [iam_manager.rb:62]:
wrong number of arguments (given 5, expected 2..3)
    </failure>
  </testcase>
</testsuite>
