<?xml version="1.0" encoding="UTF-8"?>
<testsuite name="IAM::IamManager" skipped="0" failures="0" errors="0" tests="1" assertions="6" time="0.540545864001615">
  <testcase name="test_删除创建了应用的超级管理员 IAM_F_SysManager_107" classname="IAM::IamManager" assertions="6" time="0.540545864001615">
  </testcase>
</testsuite>
