<?xml version="1.0" encoding="UTF-8"?>
<testsuite name="IAM::IamManager" skipped="0" failures="0" errors="0" tests="1" assertions="2" time="0.5393035390006844">
  <testcase name="test_删除配置管理员 IAM_F_SysManager_103" classname="IAM::IamManager" assertions="2" time="0.5393035390006844">
  </testcase>
</testsuite>
