<?xml version="1.0" encoding="UTF-8"?>
<testsuite name="IAM::IamManager" skipped="0" failures="1" errors="0" tests="1" assertions="2" time="0.23128228200948797">
  <testcase name="test_删除创建了应用的超级管理员 IAM_F_SysManager_107" classname="IAM::IamManager" assertions="2" time="0.23128228200948797">
    <failure type="test_删除创建了应用的超级管理员 IAM_F_SysManager_107" message="undefined method `[]' for nil:NilClass">
Failure:
test_删除创建了应用的超级管理员 IAM_F_SysManager_107(IAM::IamManager) [iam_manager.rb:75]:
undefined method `[]' for nil:NilClass
    </failure>
  </testcase>
</testsuite>
