<?xml version="1.0" encoding="UTF-8"?>
<testsuite name="IAM::IamManager" skipped="0" failures="1" errors="0" tests="1" assertions="1" time="0.11066132597625256">
  <testcase name="test_删除创建了应用的超级管理员 IAM_F_SysManager_107" classname="IAM::IamManager" assertions="1" time="0.11066132597625256">
    <failure type="test_删除创建了应用的超级管理员 IAM_F_SysManager_107" message="undefined method `to_gbk' for {&quot;totalRows&quot;=&gt;&quot;0&quot;, &quot;listRows&quot;=&gt;10, &quot;nowPage&quot;=&gt;1, &quot;res&quot;=&gt;[]}:Hash">
Failure:
test_删除创建了应用的超级管理员 IAM_F_SysManager_107(IAM::IamManager) [iam_manager.rb:62]:
undefined method `to_gbk' for {"totalRows"=&gt;"0", "listRows"=&gt;10, "nowPage"=&gt;1, "res"=&gt;[]}:Hash
    </failure>
  </testcase>
</testsuite>
