<?xml version="1.0" encoding="UTF-8"?>
<testsuite name="IAM::IamManager" skipped="0" failures="0" errors="0" tests="1" assertions="3" time="0.7216242549766321">
  <testcase name="test_删除创建了应用的超级管理员 IAM_F_SysManager_107" classname="IAM::IamManager" assertions="3" time="0.7216242549766321">
  </testcase>
</testsuite>
