<?xml version="1.0" encoding="UTF-8"?>
<testsuite name="IAM::IamManager" skipped="0" failures="0" errors="0" tests="1" assertions="5" time="1.1021666309970897">
  <testcase name="test_删除创建了应用的超级管理员 IAM_F_SysManager_107" classname="IAM::IamManager" assertions="5" time="1.1021666309970897">
  </testcase>
</testsuite>
