<?xml version="1.0" encoding="UTF-8"?>
<testsuite name="IAM::IamManager" skipped="0" failures="0" errors="0" tests="4" assertions="8" time="1.6352506990078837">
  <testcase name="test_新增超级管理员 IAM_F_SysManager_008" classname="IAM::IamManager" assertions="2" time="0.4123274610028602">
  </testcase>
  <testcase name="test_新增系统管理员 IAM_F_SysManager_009" classname="IAM::IamManager" assertions="2" time="0.3869226230017375">
  </testcase>
  <testcase name="test_新增配置管理员 IAM_F_SysManager_010" classname="IAM::IamManager" assertions="2" time="0.4081434179970529">
  </testcase>
  <testcase name="test_新增监视管理员 IAM_F_SysManager_011" classname="IAM::IamManager" assertions="2" time="0.42785719700623304">
  </testcase>
</testsuite>
