<?xml version="1.0" encoding="UTF-8"?>
<testsuite name="IAM::IamDevauth" skipped="0" failures="1" errors="0" tests="1" assertions="4" time="100.69583955200505">
  <testcase name="test_确认删除用户业务进程文件 IAM_F_DeviceOperation_015" classname="IAM::IamDevauth" assertions="4" time="100.69583955200505">
    <failure type="test_确认删除用户业务进程文件 IAM_F_DeviceOperation_015" message="查询应用业务进程文件失败!....">
Failure:
test_确认删除用户业务进程文件 IAM_F_DeviceOperation_015(IAM::IamDevauth) [(eval):38]:
查询应用业务进程文件失败!.
Expected: # encoding: UTF-8
"autotest_01.so"
  Actual: # encoding: UTF-8
"autotest_01.ko"
    </failure>
  </testcase>
</testsuite>
