<?xml version="1.0" encoding="UTF-8"?>
<testsuite name="IAM::IamManager" skipped="0" failures="0" errors="0" tests="1" assertions="3" time="0.48974224901758134">
  <testcase name="test_密码修改后新密码登陆 IAM_F_SysManager_121" classname="IAM::IamManager" assertions="3" time="0.48974224901758134">
  </testcase>
</testsuite>
