<?xml version="1.0" encoding="UTF-8"?>
<testsuite name="IAM::IamManager" skipped="0" failures="0" errors="0" tests="1" assertions="4" time="0.4461804009915795">
  <testcase name="test_新密码与旧密码一样 IAM_F_SysManager_120" classname="IAM::IamManager" assertions="4" time="0.4461804009915795">
  </testcase>
</testsuite>
