<?xml version="1.0" encoding="UTF-8"?>
<testsuite name="IAM::IamDevauth" skipped="0" failures="1" errors="0" tests="1" assertions="2" time="85.8943156110181">
  <testcase name="test_确认删除用户业务进程文件 IAM_F_DeviceOperation_015" classname="IAM::IamDevauth" assertions="2" time="85.8943156110181">
    <failure type="test_确认删除用户业务进程文件 IAM_F_DeviceOperation_015" message="unable to locate iframe using {:name=&gt;&quot;iframe12&quot;, :tag_name=&gt;&quot;iframe&quot;}">
Failure:
test_确认删除用户业务进程文件 IAM_F_DeviceOperation_015(IAM::IamDevauth) [iam_devauth.rb:61]:
unable to locate iframe using {:name=&gt;"iframe12", :tag_name=&gt;"iframe"}
    </failure>
  </testcase>
</testsuite>
