<?xml version="1.0" encoding="UTF-8"?>
<testsuite name="IAM::IamDevauth" skipped="0" failures="1" errors="0" tests="1" assertions="1" time="0.23005770600866526">
  <testcase name="test_查询业务进程文件 IAM_F_DeviceOperation_013" classname="IAM::IamDevauth" assertions="1" time="0.23005770600866526">
    <failure type="test_查询业务进程文件 IAM_F_DeviceOperation_013" message="Unable to pick a platform for the provided browser or element: nil....">
Failure:
test_查询业务进程文件 IAM_F_DeviceOperation_013(IAM::IamDevauth) [iam_devauth.rb:61]:
Unable to pick a platform for the provided browser or element: nil.
nil was passed to the PageObject constructor instead of a valid browser or element object.
    </failure>
  </testcase>
</testsuite>
