<?xml version="1.0" encoding="UTF-8"?>
<testsuite name="IAM::IamDevauth" skipped="0" failures="0" errors="0" tests="1" assertions="8" time="112.11755841100239">
  <testcase name="test_确认删除用户业务进程文件 IAM_F_DeviceOperation_015" classname="IAM::IamDevauth" assertions="8" time="112.11755841100239">
  </testcase>
</testsuite>
