<?xml version="1.0" encoding="UTF-8"?>
<testsuite name="IAM::IamManager" skipped="0" failures="1" errors="0" tests="1" assertions="2" time="0.4341063320171088">
  <testcase name="test_旧密码输入为空 IAM_F_SysManager_118" classname="IAM::IamManager" assertions="2" time="0.4341063320171088">
    <failure type="test_旧密码输入为空 IAM_F_SysManager_118" message="添加手机账户超级管理员应提示失败!....">
Failure:
test_旧密码输入为空 IAM_F_SysManager_118(IAM::IamManager) [(eval):38]:
添加手机账户超级管理员应提示失败!.
Expected: # encoding: UTF-8
"11005"
  Actual: nil
    </failure>
  </testcase>
</testsuite>
