<?xml version="1.0" encoding="UTF-8"?>
<testsuite name="IAM::IamManager" skipped="0" failures="1" errors="0" tests="1" assertions="1" time="27.287522761995206">
  <testcase name="test_查询业务进程文件 IAM_F_DeviceOperation_013" classname="IAM::IamManager" assertions="1" time="27.287522761995206">
    <failure type="test_查询业务进程文件 IAM_F_DeviceOperation_013" message="新增一个应用失败!....">
Failure:
test_查询业务进程文件 IAM_F_DeviceOperation_013(IAM::IamManager) [(eval):32]:
新增一个应用失败!.
Expected: 1
  Actual: nil
    </failure>
  </testcase>
</testsuite>
