<?xml version="1.0" encoding="UTF-8"?>
<testsuite name="IAM::IamManager" skipped="0" failures="1" errors="0" tests="1" assertions="2" time="0.35915570199722424">
  <testcase name="test_旧密码输入为空 IAM_F_SysManager_118" classname="IAM::IamManager" assertions="2" time="0.35915570199722424">
    <failure type="test_旧密码输入为空 IAM_F_SysManager_118" message="undefined local variable or method `usr' for #&lt;IAM::IamManager:0x00000005044b88&gt;">
Failure:
test_旧密码输入为空 IAM_F_SysManager_118(IAM::IamManager) [iam_manager.rb:62]:
undefined local variable or method `usr' for #&lt;IAM::IamManager:0x00000005044b88&gt;
    </failure>
  </testcase>
</testsuite>
