<?xml version="1.0" encoding="UTF-8"?>
<testsuite name="IAM::IamManager" skipped="0" failures="1" errors="0" tests="1" assertions="2" time="36.45508655899903">
  <testcase name="test_查询业务进程文件 IAM_F_DeviceOperation_013" classname="IAM::IamManager" assertions="2" time="36.45508655899903">
    <failure type="test_查询业务进程文件 IAM_F_DeviceOperation_013" message="uninitialized constant IAM::IamManager::IamPageObject...">
Failure:
test_查询业务进程文件 IAM_F_DeviceOperation_013(IAM::IamManager) [iam_devauth.rb:62]:
uninitialized constant IAM::IamManager::IamPageObject
Did you mean?  PageObject
    </failure>
  </testcase>
</testsuite>
