<?xml version="1.0" encoding="UTF-8"?>
<testsuite name="IAM::IamDevauth" skipped="0" failures="1" errors="0" tests="1" assertions="4" time="120.32006668197573">
  <testcase name="test_确认删除已被设备关联的应用 IAM_F_DeviceOperation_018" classname="IAM::IamDevauth" assertions="4" time="120.32006668197573">
    <failure type="test_确认删除已被设备关联的应用 IAM_F_DeviceOperation_018" message="用户添加设备失败!....">
Failure:
test_确认删除已被设备关联的应用 IAM_F_DeviceOperation_018(IAM::IamDevauth) [(eval):54]:
用户添加设备失败!.
Expected: 1
  Actual: nil
    </failure>
  </testcase>
</testsuite>
