<?xml version="1.0" encoding="UTF-8"?>
<testsuite name="IAM::IamManager" skipped="0" failures="1" errors="0" tests="1" assertions="2" time="0.49331589401117526">
  <testcase name="test_新密码与旧密码一样 IAM_F_SysManager_120" classname="IAM::IamManager" assertions="2" time="0.49331589401117526">
    <failure type="test_新密码与旧密码一样 IAM_F_SysManager_120" message="修改为新密码和旧密码一样提示code错误!....">
Failure:
test_新密码与旧密码一样 IAM_F_SysManager_120(IAM::IamManager) [(eval):39]:
修改为新密码和旧密码一样提示code错误!.
Expected: # encoding: UTF-8
"11005"
  Actual: # encoding: UTF-8
"11006"
    </failure>
  </testcase>
</testsuite>
