<?xml version="1.0" encoding="UTF-8"?>
<testsuite name="IAM::IamManager" skipped="0" failures="0" errors="0" tests="1" assertions="4" time="0.4041753229976166">
  <testcase name="test_旧密码输入错误 IAM_F_SysManager_119" classname="IAM::IamManager" assertions="4" time="0.4041753229976166">
  </testcase>
</testsuite>
