<?xml version="1.0" encoding="UTF-8"?>
<testsuite name="IAM::IamManager" skipped="0" failures="1" errors="0" tests="1" assertions="1" time="0.14591264599584974">
  <testcase name="test_旧密码输入为空 IAM_F_SysManager_118" classname="IAM::IamManager" assertions="1" time="0.14591264599584974">
    <failure type="test_旧密码输入为空 IAM_F_SysManager_118" message="undefined method `manager_del_add' for nil:NilClass">
Failure:
test_旧密码输入为空 IAM_F_SysManager_118(IAM::IamManager) [iam_manager.rb:62]:
undefined method `manager_del_add' for nil:NilClass
    </failure>
  </testcase>
</testsuite>
