<?xml version="1.0" encoding="UTF-8"?>
<testsuite name="IAM::IamDevauth" skipped="0" failures="0" errors="0" tests="1" assertions="14" time="218.4026026520005">
  <testcase name="test_删除业务进程后再创建同样的业务进程 IAM_F_DeviceOperation_020" classname="IAM::IamDevauth" assertions="14" time="218.4026026520005">
  </testcase>
</testsuite>
