<?xml version="1.0" encoding="UTF-8"?>
<testsuite name="IAM::IamManager" skipped="0" failures="0" errors="0" tests="1" assertions="4" time="0.6005549989931751">
  <testcase name="test_管理员修改自身密码 IAM_F_SysManager_110" classname="IAM::IamManager" assertions="4" time="0.6005549989931751">
  </testcase>
</testsuite>
