<?xml version="1.0" encoding="UTF-8"?>
<testsuite name="IAM::IamDevauth" skipped="0" failures="0" errors="0" tests="1" assertions="5" time="105.30330948100891">
  <testcase name="test_查询业务进程文件 IAM_F_DeviceOperation_013" classname="IAM::IamDevauth" assertions="5" time="105.30330948100891">
  </testcase>
</testsuite>
