<?xml version="1.0" encoding="UTF-8"?>
<testsuite name="IAM::IamManager" skipped="0" failures="0" errors="0" tests="1" assertions="1" time="0.3723202790133655">
  <testcase name="test_旧密码输入为空 IAM_F_SysManager_118" classname="IAM::IamManager" assertions="1" time="0.3723202790133655">
  </testcase>
</testsuite>
