<?xml version="1.0" encoding="UTF-8"?>
<testsuite name="IAM::IamDevauth" skipped="0" failures="1" errors="0" tests="1" assertions="1" time="0.3484034779830836">
  <testcase name="test_查询业务进程文件 IAM_F_DeviceOperation_013" classname="IAM::IamDevauth" assertions="1" time="0.3484034779830836">
    <failure type="test_查询业务进程文件 IAM_F_DeviceOperation_013" message="查询应用业务进程文件失败!....">
Failure:
test_查询业务进程文件 IAM_F_DeviceOperation_013(IAM::IamDevauth) [(eval):44]:
查询应用业务进程文件失败!.
Expected: # encoding: UTF-8
"autotest_01.ko"
  Actual: # encoding: UTF-8
"test.so"
    </failure>
  </testcase>
</testsuite>
