<?xml version="1.0" encoding="UTF-8"?>
<testsuite name="IAM::IamManager" skipped="0" failures="0" errors="0" tests="1" assertions="7" time="0.9074601829925086">
  <testcase name="test_手机账号带空格测试 IAM_F_SysManager_024" classname="IAM::IamManager" assertions="7" time="0.9074601829925086">
  </testcase>
</testsuite>
