<?xml version="1.0" encoding="UTF-8"?>
<testsuite name="IAM::IamManager" skipped="0" failures="0" errors="0" tests="1" assertions="3" time="0.10551871001371183">
  <testcase name="test_手机账号号不输入 IAM_F_SysManager_022" classname="IAM::IamManager" assertions="3" time="0.10551871001371183">
  </testcase>
</testsuite>
