<?xml version="1.0" encoding="UTF-8"?>
<testsuite name="IAM::IamManager" skipped="0" failures="0" errors="0" tests="1" assertions="5" time="0.3793678490037564">
  <testcase name="test_修改应用名称为空 IAM_F_Application_034" classname="IAM::IamManager" assertions="5" time="0.3793678490037564">
  </testcase>
</testsuite>
