<?xml version="1.0" encoding="UTF-8"?>
<testsuite name="IAM::IamManager" skipped="0" failures="1" errors="0" tests="1" assertions="3" time="0.2671765749983024">
  <testcase name="test_修改应用名称长度在范围外测试 IAM_F_Application_033" classname="IAM::IamManager" assertions="3" time="0.2671765749983024">
    <failure type="test_修改应用名称长度在范围外测试 IAM_F_Application_033" message="undefined local variable or method `index' for #&lt;IAM::IamManager:0x00000004ae1588&gt;">
Failure:
test_修改应用名称长度在范围外测试 IAM_F_Application_033(IAM::IamManager) [iam_manager.rb:62]:
undefined local variable or method `index' for #&lt;IAM::IamManager:0x00000004ae1588&gt;
    </failure>
  </testcase>
</testsuite>
