<?xml version="1.0" encoding="UTF-8"?>
<testsuite name="IAM::IamManager" skipped="0" failures="0" errors="0" tests="1" assertions="2" time="0.34760536199610215">
  <testcase name="test_回调地址输入长度范围内测试 IAM_F_Application_028" classname="IAM::IamManager" assertions="2" time="0.34760536199610215">
  </testcase>
</testsuite>
