<?xml version="1.0" encoding="UTF-8"?>
<testsuite name="IAM::IamManager" skipped="0" failures="1" errors="0" tests="1" assertions="1" time="0.12069550099840853">
  <testcase name="test_回调地址输入长度范围内测试 IAM_F_Application_028" classname="IAM::IamManager" assertions="1" time="0.12069550099840853">
    <failure type="test_回调地址输入长度范围内测试 IAM_F_Application_028" message="undefined method `szie' for #&lt;String:0x000000049c1ef0&gt;...">
Failure:
test_回调地址输入长度范围内测试 IAM_F_Application_028(IAM::IamManager) [iam_manager.rb:62]:
undefined method `szie' for #&lt;String:0x000000049c1ef0&gt;
Did you mean?  size
    </failure>
  </testcase>
</testsuite>
