<?xml version="1.0" encoding="UTF-8"?>
<testsuite name="IAM::IamManager" skipped="0" failures="1" errors="0" tests="1" assertions="1" time="0.09296891899430193">
  <testcase name="test_回调地址输入为空 IAM_F_Application_027" classname="IAM::IamManager" assertions="1" time="0.09296891899430193">
    <failure type="test_回调地址输入为空 IAM_F_Application_027" message="incompatible character encodings: GBK and UTF-8">
Failure:
test_回调地址输入为空 IAM_F_Application_027(IAM::IamManager) [iam_manager.rb:62]:
incompatible character encodings: GBK and UTF-8
    </failure>
  </testcase>
</testsuite>
