<?xml version="1.0" encoding="UTF-8"?>
<testsuite name="IAM::IamManager" skipped="0" failures="0" errors="0" tests="1" assertions="9" time="0.7141360789973987">
  <testcase name="test_修改应用名称带空格输入测试 IAM_F_Application_036" classname="IAM::IamManager" assertions="9" time="0.7141360789973987">
  </testcase>
</testsuite>
