<?xml version="1.0" encoding="UTF-8"?>
<testsuite name="IAM::IamManager" skipped="0" failures="0" errors="0" tests="1" assertions="8" time="0.7436308059986914">
  <testcase name="test_修改应用名称输入正常测试 IAM_F_Application_032" classname="IAM::IamManager" assertions="8" time="0.7436308059986914">
  </testcase>
</testsuite>
