<?xml version="1.0" encoding="UTF-8"?>
<testsuite name="IAM::IamManager" skipped="0" failures="0" errors="0" tests="1" assertions="5" time="0.4162536980002187">
  <testcase name="test_修改应用名称长度在范围外测试 IAM_F_Application_033" classname="IAM::IamManager" assertions="5" time="0.4162536980002187">
  </testcase>
</testsuite>
