<?xml version="1.0" encoding="UTF-8"?>
<testsuite name="IAM::IamManager" skipped="0" failures="1" errors="0" tests="1" assertions="1" time="0.3116859139990993">
  <testcase name="test_修改应用名称输入正常测试 IAM_F_Application_032" classname="IAM::IamManager" assertions="1" time="0.3116859139990993">
    <failure type="test_修改应用名称输入正常测试 IAM_F_Application_032" message="新增一个应用失败!....">
Failure:
test_修改应用名称输入正常测试 IAM_F_Application_032(IAM::IamManager) [(eval):47]:
新增一个应用失败!.
Expected: 1
  Actual: nil
    </failure>
  </testcase>
</testsuite>
