<?xml version="1.0" encoding="UTF-8"?>
<testsuite name="IAM::IamManager" skipped="0" failures="1" errors="0" tests="1" assertions="2" time="0.09904124098829925">
  <testcase name="test_修改应用名称带空格输入测试 IAM_F_Application_036" classname="IAM::IamManager" assertions="2" time="0.09904124098829925">
    <failure type="test_修改应用名称带空格输入测试 IAM_F_Application_036" message="undefined method `each' for nil:NilClass">
Failure:
test_修改应用名称带空格输入测试 IAM_F_Application_036(IAM::IamManager) [iam_manager.rb:75]:
undefined method `each' for nil:NilClass
    </failure>
  </testcase>
</testsuite>
