<?xml version="1.0" encoding="UTF-8"?>
<testsuite name="IAM::IamManager" skipped="0" failures="1" errors="0" tests="1" assertions="3" time="0.4533467110013589">
  <testcase name="test_修改提供方异常输入测试 IAM_F_Application_041" classname="IAM::IamManager" assertions="3" time="0.4533467110013589">
    <failure type="test_修改提供方异常输入测试 IAM_F_Application_041" message="应用提供方由'zhilutec'======&gt;修改为'~#%^*()_+{}:&quot;|&lt;&gt;?-=[];'\,./'返回错误消息不正确!....">
Failure:
test_修改提供方异常输入测试 IAM_F_Application_041(IAM::IamManager) [(eval):52]:
应用提供方由'zhilutec'======&gt;修改为'~#%^*()_+{}:"|&lt;&gt;?-=[];'\,./'返回错误消息不正确!.
Expected: # encoding: UTF-8
"\u5E94\u7528\u63D0\u4F9B\u65B9\u4E3A\u7A7A"
  Actual: # encoding: UTF-8
"\u5E94\u7528\u540D\u79F0\u4E3A\u7A7A"
    </failure>
  </testcase>
</testsuite>
