<?xml version="1.0" encoding="UTF-8"?>
<testsuite name="IAM::IamManager" skipped="0" failures="0" errors="0" tests="1" assertions="5" time="0.4415490619976481">
  <testcase name="test_修改提供方为空 IAM_F_Application_040" classname="IAM::IamManager" assertions="5" time="0.4415490619976481">
  </testcase>
</testsuite>
