<?xml version="1.0" encoding="UTF-8"?>
<testsuite name="IAM::IamManager" skipped="0" failures="0" errors="0" tests="1" assertions="6" time="0.7586929429999145">
  <testcase name="test_修改提供方重复测试 IAM_F_Application_043" classname="IAM::IamManager" assertions="6" time="0.7586929429999145">
  </testcase>
</testsuite>
