<?xml version="1.0" encoding="UTF-8"?>
<testsuite name="IAM::IamManager" skipped="0" failures="0" errors="0" tests="1" assertions="8" time="0.7304780970007414">
  <testcase name="test_修改提供方输入正常测试 IAM_F_Application_038" classname="IAM::IamManager" assertions="8" time="0.7304780970007414">
  </testcase>
</testsuite>
