<?xml version="1.0" encoding="UTF-8"?>
<testsuite name="IAM::IamManager" skipped="0" failures="1" errors="0" tests="1" assertions="3" time="0.4784100459983165">
  <testcase name="test_修改提供方为空 IAM_F_Application_040" classname="IAM::IamManager" assertions="3" time="0.4784100459983165">
    <failure type="test_修改提供方为空 IAM_F_Application_040" message="应用提供方由'zhilutec'======&gt;修改提供方名称空返回错误消息不正确!....">
Failure:
test_修改提供方为空 IAM_F_Application_040(IAM::IamManager) [(eval):44]:
应用提供方由'zhilutec'======&gt;修改提供方名称空返回错误消息不正确!.
Expected: # encoding: UTF-8
"\u5E94\u7528\u63D0\u4F9B\u65B9\u683C\u5F0F\u9519\u8BEF"
  Actual: # encoding: UTF-8
"\u5E94\u7528\u63D0\u4F9B\u65B9\u4E3A\u7A7A"
    </failure>
  </testcase>
</testsuite>
