<?xml version="1.0" encoding="UTF-8"?>
<testsuite name="IAM::IamManager" skipped="0" failures="0" errors="0" tests="1" assertions="8" time="0.45257986299839104">
  <testcase name="test_修改应用名称异常输入测试 IAM_F_Application_035" classname="IAM::IamManager" assertions="8" time="0.45257986299839104">
  </testcase>
</testsuite>
