<?xml version="1.0" encoding="UTF-8"?>
<testsuite name="IAM::IamManager" skipped="0" failures="1" errors="0" tests="1" assertions="3" time="0.6141014730019378">
  <testcase name="test_修改应用名称重复测试 IAM_F_Application_037" classname="IAM::IamManager" assertions="3" time="0.6141014730019378">
    <failure type="test_修改应用名称重复测试 IAM_F_Application_037" message="应用名由'山东苹果'======&gt;修改为'核桃仁'失败!....">
Failure:
test_修改应用名称重复测试 IAM_F_Application_037(IAM::IamManager) [(eval):42]:
应用名由'山东苹果'======&gt;修改为'核桃仁'失败!.
Expected: 1
  Actual: nil
    </failure>
  </testcase>
</testsuite>
