<?xml version="1.0" encoding="UTF-8"?>
<testsuite name="IAM::IamManager" skipped="0" failures="0" errors="0" tests="1" assertions="9" time="0.6397182719992998">
  <testcase name="test_修改提供方带空格输入测试 IAM_F_Application_042" classname="IAM::IamManager" assertions="9" time="0.6397182719992998">
  </testcase>
</testsuite>
