<?xml version="1.0" encoding="UTF-8"?>
<testsuite name="IAM::IamManager" skipped="0" failures="0" errors="0" tests="1" assertions="8" time="0.41454886099745636">
  <testcase name="test_修改提供方异常输入测试 IAM_F_Application_041" classname="IAM::IamManager" assertions="8" time="0.41454886099745636">
  </testcase>
</testsuite>
