<?xml version="1.0" encoding="UTF-8"?>
<testsuite name="IAM::IamManager" skipped="0" failures="0" errors="0" tests="1" assertions="5" time="0.4643703319998167">
  <testcase name="test_修改提供方长度在范围外测试 IAM_F_Application_039" classname="IAM::IamManager" assertions="5" time="0.4643703319998167">
  </testcase>
</testsuite>
