<?xml version="1.0" encoding="UTF-8"?>
<testsuite name="IAM::IamManager" skipped="0" failures="0" errors="0" tests="2" assertions="12" time="11.92707725299988">
  <testcase name="test_密码为空 IAM_F_SysManager_081" classname="IAM::IamManager" assertions="3" time="0.6747010879998925">
  </testcase>
  <testcase name="test_密码异常输入测试 IAM_F_SysManager_082" classname="IAM::IamManager" assertions="9" time="11.252376164999987">
  </testcase>
</testsuite>
