<?xml version="1.0" encoding="UTF-8"?>
<testsuite name="IAM::IamManager" skipped="0" failures="0" errors="0" tests="1" assertions="4" time="150.51205393999953">
  <testcase name="test_输入过期的验证码 IAM_F_SysManager_077" classname="IAM::IamManager" assertions="4" time="150.51205393999953">
  </testcase>
</testsuite>
