<?xml version="1.0" encoding="UTF-8"?>
<testsuite name="IAM::IamManager" skipped="0" failures="1" errors="0" tests="1" assertions="4" time="2.2011392200001865">
  <testcase name="test_密码正常输入测试 IAM_F_SysManager_079" classname="IAM::IamManager" assertions="4" time="2.2011392200001865">
    <failure type="test_密码正常输入测试 IAM_F_SysManager_079" message="修改管理员密码为456789后登录返回nickname信息错误!....">
Failure:
test_密码正常输入测试 IAM_F_SysManager_079(IAM::IamManager) [(eval):39]:
修改管理员密码为456789后登录返回nickname信息错误!.
Expected: # encoding: UTF-8
"phone_manager"
  Actual: # encoding: UTF-8
"autotest"
    </failure>
  </testcase>
</testsuite>
