<?xml version="1.0" encoding="UTF-8"?>
<testsuite name="IAM::IamManager" skipped="0" failures="1" errors="0" tests="1" assertions="10" time="1.6304655359999742">
  <testcase name="test_密码正常输入测试 IAM_F_SysManager_079" classname="IAM::IamManager" assertions="10" time="1.6304655359999742">
    <failure type="test_密码正常输入测试 IAM_F_SysManager_079" message="undefined local variable or method `rs' for #&lt;IAM::IamManager:0x00000003f1de18&gt;">
Failure:
test_密码正常输入测试 IAM_F_SysManager_079(IAM::IamManager) [iam_manager.rb:71]:
undefined local variable or method `rs' for #&lt;IAM::IamManager:0x00000003f1de18&gt;
    </failure>
  </testcase>
</testsuite>
