<?xml version="1.0" encoding="UTF-8"?>
<testsuite name="IAM::IamManager" skipped="0" failures="0" errors="0" tests="1" assertions="5" time="0.6773703950002528">
  <testcase name="test_输入已使用的验证码 IAM_F_SysManager_078" classname="IAM::IamManager" assertions="5" time="0.6773703950002528">
  </testcase>
</testsuite>
