<?xml version="1.0" encoding="UTF-8"?>
<testsuite name="IAM::IamManager" skipped="0" failures="1" errors="0" tests="1" assertions="2" time="150.64813522999975">
  <testcase name="test_输入过期的验证码 IAM_F_SysManager_077" classname="IAM::IamManager" assertions="2" time="150.64813522999975">
    <failure type="test_输入过期的验证码 IAM_F_SysManager_077" message="输入错误的验证码返回错误消息不正确!....">
Failure:
test_输入过期的验证码 IAM_F_SysManager_077(IAM::IamManager) [(eval):38]:
输入错误的验证码返回错误消息不正确!.
Expected: "\u9A8C\u8BC1\u7801\u5931\u6548"
  Actual: "\u5BC6\u7801\u683C\u5F0F\u9519\u8BEF"
    </failure>
  </testcase>
</testsuite>
