<?xml version="1.0" encoding="UTF-8"?>
<testsuite name="IAM::IamManager" skipped="0" failures="1" errors="0" tests="1" assertions="2" time="0.7357868660001259">
  <testcase name="test_输入已使用的验证码 IAM_F_SysManager_078" classname="IAM::IamManager" assertions="2" time="0.7357868660001259">
    <failure type="test_输入已使用的验证码 IAM_F_SysManager_078" message="can't convert NilClass into time interval">
Failure:
test_输入已使用的验证码 IAM_F_SysManager_078(IAM::IamManager) [iam_manager.rb:62]:
can't convert NilClass into time interval
    </failure>
  </testcase>
</testsuite>
