<?xml version="1.0" encoding="UTF-8"?>
<testsuite name="IAM::IamManager" skipped="0" failures="1" errors="0" tests="1" assertions="3" time="0.571289567000349">
  <testcase name="test_密码长度在限制范围外 IAM_F_SysManager_080" classname="IAM::IamManager" assertions="3" time="0.571289567000349">
    <failure type="test_密码长度在限制范围外 IAM_F_SysManager_080" message="密码长度5返回错误desc不正确!....">
Failure:
test_密码长度在限制范围外 IAM_F_SysManager_080(IAM::IamManager) [(eval):36]:
密码长度5返回错误desc不正确!.
Expected: "E_PASSWD_FORMAT_ERROR\t"
  Actual: "E_PASSWD_FORMAT_ERROR"
    </failure>
  </testcase>
</testsuite>
