<?xml version="1.0" encoding="UTF-8"?>
<testsuite name="IAM::IamManager" skipped="0" failures="0" errors="0" tests="1" assertions="12" time="1.6437571169990406">
  <testcase name="test_密码正常输入测试 IAM_F_SysManager_079" classname="IAM::IamManager" assertions="12" time="1.6437571169990406">
  </testcase>
</testsuite>
