<?xml version="1.0" encoding="UTF-8"?>
<testsuite name="IAM::IamManager" skipped="0" failures="0" errors="0" tests="4" assertions="8" time="1.8015275170002951">
  <testcase name="test_新增超级管理员 IAM_F_SysManager_008" classname="IAM::IamManager" assertions="2" time="0.5041865640000651">
  </testcase>
  <testcase name="test_新增系统管理员 IAM_F_SysManager_009" classname="IAM::IamManager" assertions="2" time="0.43935739700009435">
  </testcase>
  <testcase name="test_新增配置管理员 IAM_F_SysManager_010" classname="IAM::IamManager" assertions="2" time="0.4429705020002075">
  </testcase>
  <testcase name="test_新增监视管理员 IAM_F_SysManager_011" classname="IAM::IamManager" assertions="2" time="0.41501305399992816">
  </testcase>
</testsuite>
