<?xml version="1.0" encoding="UTF-8"?>
<testsuite name="IAM::IamManager" skipped="0" failures="0" errors="0" tests="1" assertions="9" time="1.4328944330000013">
  <testcase name="test_密码正常输入测试 IAM_F_SysManager_079" classname="IAM::IamManager" assertions="9" time="1.4328944330000013">
  </testcase>
</testsuite>
