<?xml version="1.0" encoding="UTF-8"?>
<testsuite name="IAM::IamManager" skipped="0" failures="0" errors="0" tests="1" assertions="2" time="0.317783830978442">
  <testcase name="test_管理员创建应用 IAM_F_Application_001" classname="IAM::IamManager" assertions="2" time="0.317783830978442">
  </testcase>
</testsuite>
