<?xml version="1.0" encoding="UTF-8"?>
<testsuite name="IAM::IamManager" skipped="0" failures="1" errors="0" tests="1" assertions="4" time="0.7287661959999241">
  <testcase name="test_输入异常查询 IAM_F_SysManager_140" classname="IAM::IamManager" assertions="4" time="0.7287661959999241">
    <failure type="test_输入异常查询 IAM_F_SysManager_140" message="784: unexpected token at '&lt;html&gt;...">
Failure:
test_输入异常查询 IAM_F_SysManager_140(IAM::IamManager) [iam_manager.rb:62]:
784: unexpected token at '&lt;html&gt;
&lt;head&gt;&lt;title&gt;400 Bad Request&lt;/title&gt;&lt;/head&gt;
&lt;body bgcolor="white"&gt;
&lt;center&gt;&lt;h1&gt;400 Bad Request&lt;/h1&gt;&lt;/center&gt;
&lt;hr&gt;&lt;center&gt;nginx/1.10.1&lt;/center&gt;
&lt;/body&gt;
&lt;/html&gt;
'
    </failure>
  </testcase>
</testsuite>
