<?xml version="1.0" encoding="UTF-8"?>
<testsuite name="IAM::IamManager" skipped="0" failures="0" errors="0" tests="1" assertions="5" time="0.738803229003679">
  <testcase name="test_输入异常查询 IAM_F_SysManager_140" classname="IAM::IamManager" assertions="5" time="0.738803229003679">
  </testcase>
</testsuite>
