<?xml version="1.0" encoding="UTF-8"?>
<testsuite name="IAM::IamManager" skipped="0" failures="1" errors="0" tests="1" assertions="1" time="0.3731367789732758">
  <testcase name="test_应用名称带空格输入测试 IAM_F_Application_008" classname="IAM::IamManager" assertions="1" time="0.3731367789732758">
    <failure type="test_应用名称带空格输入测试 IAM_F_Application_008" message="创建应用名为' AppOne失败!....">
Failure:
test_应用名称带空格输入测试 IAM_F_Application_008(IAM::IamManager) [(eval):46]:
创建应用名为' AppOne失败!.
Expected: 1
  Actual: nil
    </failure>
  </testcase>
</testsuite>
