<?xml version="1.0" encoding="UTF-8"?>
<testsuite name="IAM::IamManager" skipped="0" failures="0" errors="0" tests="1" assertions="3" time="0.47540598499472253">
  <testcase name="test_输入为空点击查询 IAM_F_SysManager_139" classname="IAM::IamManager" assertions="3" time="0.47540598499472253">
  </testcase>
</testsuite>
