<?xml version="1.0" encoding="UTF-8"?>
<testsuite name="IAM::IamManager" skipped="0" failures="1" errors="0" tests="1" assertions="4" time="0.663008955976693">
  <testcase name="test_输入为空点击查询 IAM_F_SysManager_139" classname="IAM::IamManager" assertions="4" time="0.663008955976693">
    <failure type="test_输入为空点击查询 IAM_F_SysManager_139" message="undefined local variable or method `rs' for #&lt;IAM::IamManager:0x00000003cea510&gt;...">
Failure:
test_输入为空点击查询 IAM_F_SysManager_139(IAM::IamManager) [iam_manager.rb:62]:
undefined local variable or method `rs' for #&lt;IAM::IamManager:0x00000003cea510&gt;
Did you mean?  rs1
    </failure>
  </testcase>
</testsuite>
