<?xml version="1.0" encoding="UTF-8"?>
<testsuite name="IAM::IamManager" skipped="0" failures="1" errors="0" tests="1" assertions="1" time="0.4344053590029944">
  <testcase name="test_输入为空点击查询 IAM_F_SysManager_139" classname="IAM::IamManager" assertions="1" time="0.4344053590029944">
    <failure type="test_输入为空点击查询 IAM_F_SysManager_139" message="创建账户niupai@zhilutec.com失败!....">
Failure:
test_输入为空点击查询 IAM_F_SysManager_139(IAM::IamManager) [(eval):30]:
创建账户niupai@zhilutec.com失败!.
Expected: 1
  Actual: nil
    </failure>
  </testcase>
</testsuite>
