<?xml version="1.0" encoding="UTF-8"?>
<testsuite name="IAM::IamManager" skipped="0" failures="0" errors="0" tests="1" assertions="6" time="1.0284928040055092">
  <testcase name="test_提供方输入正常测试 IAM_F_Application_010" classname="IAM::IamManager" assertions="6" time="1.0284928040055092">
  </testcase>
</testsuite>
