<?xml version="1.0" encoding="UTF-8"?>
<testsuite name="IAM::IamManager" skipped="0" failures="0" errors="0" tests="1" assertions="3" time="0.17833225600770675">
  <testcase name="test_应用名称长度在范围外测试 IAM_F_Application_005" classname="IAM::IamManager" assertions="3" time="0.17833225600770675">
  </testcase>
</testsuite>
