<?xml version="1.0" encoding="UTF-8"?>
<testsuite name="IAM::IamManager" skipped="0" failures="0" errors="0" tests="1" assertions="5" time="0.45087403399520554">
  <testcase name="test_应用名称重复测试 IAM_F_Application_009" classname="IAM::IamManager" assertions="5" time="0.45087403399520554">
  </testcase>
</testsuite>
