<?xml version="1.0" encoding="UTF-8"?>
<testsuite name="IAM::IamManager" skipped="0" failures="0" errors="0" tests="1" assertions="6" time="0.756219800998224">
  <testcase name="test_输入为空点击查询 IAM_F_SysManager_139" classname="IAM::IamManager" assertions="6" time="0.756219800998224">
  </testcase>
</testsuite>
