<?xml version="1.0" encoding="UTF-8"?>
<testsuite name="IAM::IamManager" skipped="0" failures="1" errors="0" tests="1" assertions="6" time="0.9122041669907048">
  <testcase name="test_输入为空点击查询 IAM_F_SysManager_139" classname="IAM::IamManager" assertions="6" time="0.9122041669907048">
    <failure type="test_输入为空点击查询 IAM_F_SysManager_139" message="超级管理员niupai@zhilutec.com不输入账户名查询,查询失败返回desc错误!....">
Failure:
test_输入为空点击查询 IAM_F_SysManager_139(IAM::IamManager) [(eval):47]:
超级管理员niupai@zhilutec.com不输入账户名查询,查询失败返回desc错误!.
Expected: nil
  Actual: # encoding: UTF-8
"E_ACCESS_TOKEN_NULL"
    </failure>
  </testcase>
</testsuite>
