<?xml version="1.0" encoding="UTF-8"?>
<testsuite name="IAM::IamManager" skipped="0" failures="1" errors="0" tests="1" assertions="3" time="0.2983570820069872">
  <testcase name="test_应用名称重复测试 IAM_F_Application_009" classname="IAM::IamManager" assertions="3" time="0.2983570820069872">
    <failure type="test_应用名称重复测试 IAM_F_Application_009" message="重复创建的应用SameAPP返回错误消息不正确!....">
Failure:
test_应用名称重复测试 IAM_F_Application_009(IAM::IamManager) [(eval):48]:
重复创建的应用SameAPP返回错误消息不正确!.
Expected: # encoding: UTF-8
"\u5E94\u7528\u540D\u79F0\u683C\u5F0F\u9519\u8BEF"
  Actual: # encoding: UTF-8
"JSON\u6D88\u606F\u683C\u5F0F\u4E0D\u5408\u6CD5"
    </failure>
  </testcase>
</testsuite>
