<?xml version="1.0" encoding="UTF-8"?>
<testsuite name="IAM::IamManager" skipped="0" failures="0" errors="0" tests="1" assertions="7" time="0.5678617950179614">
  <testcase name="test_应用名称带空格输入测试 IAM_F_Application_008" classname="IAM::IamManager" assertions="7" time="0.5678617950179614">
  </testcase>
</testsuite>
