<?xml version="1.0" encoding="UTF-8"?>
<testsuite name="IAM::IamManager" skipped="0" failures="0" errors="0" tests="1" assertions="6" time="0.1453933659940958">
  <testcase name="test_应用名称异常输入测试 IAM_F_Application_007" classname="IAM::IamManager" assertions="6" time="0.1453933659940958">
  </testcase>
</testsuite>
