<?xml version="1.0" encoding="UTF-8"?>
<testsuite name="IAM::IamManager" skipped="0" failures="0" errors="0" tests="1" assertions="6" time="0.6744447519886307">
  <testcase name="test_应用名称输入正常测试 IAM_F_Application_004" classname="IAM::IamManager" assertions="6" time="0.6744447519886307">
  </testcase>
</testsuite>
