<?xml version="1.0" encoding="UTF-8"?>
<testsuite name="IAM::IamManager" skipped="0" failures="1" errors="0" tests="1" assertions="1" time="0.2730721489933785">
  <testcase name="test_应用名称输入正常测试 IAM_F_Application_004" classname="IAM::IamManager" assertions="1" time="0.2730721489933785">
    <failure type="test_应用名称输入正常测试 IAM_F_Application_004" message="undefined local variable or method `usr' for #&lt;IAM::IamManager:0x00000003cbf478&gt;">
Failure:
test_应用名称输入正常测试 IAM_F_Application_004(IAM::IamManager) [iam_manager.rb:62]:
undefined local variable or method `usr' for #&lt;IAM::IamManager:0x00000003cbf478&gt;
    </failure>
  </testcase>
</testsuite>
