<?xml version="1.0" encoding="UTF-8"?>
<testsuite name="IAM::IamManager" skipped="0" failures="0" errors="0" tests="1" assertions="3" time="0.09596169399446808">
  <testcase name="test_应用名称为空 IAM_F_Application_006" classname="IAM::IamManager" assertions="3" time="0.09596169399446808">
  </testcase>
</testsuite>
