<?xml version="1.0" encoding="UTF-8"?>
<testsuite name="IAM::IamManager" skipped="0" failures="1" errors="0" tests="1" assertions="4" time="0.7970665479952004">
  <testcase name="test_输入为空点击查询 IAM_F_SysManager_139" classname="IAM::IamManager" assertions="4" time="0.7970665479952004">
    <failure type="test_输入为空点击查询 IAM_F_SysManager_139" message="Expected nil (NilClass) to respond to #empty?.">
Failure:
test_输入为空点击查询 IAM_F_SysManager_139(IAM::IamManager) [(eval):41]:
Expected nil (NilClass) to respond to #empty?.
    </failure>
  </testcase>
</testsuite>
