<?xml version="1.0" encoding="UTF-8"?>
<testsuite name="IAM::IamManager" skipped="0" failures="1" errors="0" tests="1" assertions="4" time="0.7268539890064858">
  <testcase name="test_输入异常查询 IAM_F_SysManager_140" classname="IAM::IamManager" assertions="4" time="0.7268539890064858">
    <failure type="test_输入异常查询 IAM_F_SysManager_140" message="URI must be ascii only &quot;http://192.168.10.9:8082/index.php/admins/index/uid/556/name/\u{68ee}%$=@/token/23f4a2c254708d3426ba80b6d2826502&quot;">
Failure:
test_输入异常查询 IAM_F_SysManager_140(IAM::IamManager) [iam_manager.rb:62]:
URI must be ascii only "http://192.168.10.9:8082/index.php/admins/index/uid/556/name/\u{68ee}%$=@/token/23f4a2c254708d3426ba80b6d2826502"
    </failure>
  </testcase>
</testsuite>
