<?xml version="1.0" encoding="UTF-8"?>
<testsuite name="IAM::IamManager" skipped="0" failures="1" errors="0" tests="1" assertions="1" time="0.12961560999974608">
  <testcase name="test_应用名称异常输入测试 IAM_F_Application_007" classname="IAM::IamManager" assertions="1" time="0.12961560999974608">
    <failure type="test_应用名称异常输入测试 IAM_F_Application_007" message="undefined local variable or method `tip' for #&lt;IAM::IamManager:0x00000003024920&gt;...">
Failure:
test_应用名称异常输入测试 IAM_F_Application_007(IAM::IamManager) [iam_manager.rb:62]:
undefined local variable or method `tip' for #&lt;IAM::IamManager:0x00000003024920&gt;
Did you mean?  tap
    </failure>
  </testcase>
</testsuite>
