<?xml version="1.0" encoding="UTF-8"?>
<testsuite name="IAM::IamManager" skipped="0" failures="1" errors="0" tests="1" assertions="7" time="0.1413868629897479">
  <testcase name="test_应用名称异常输入测试 IAM_F_Application_007" classname="IAM::IamManager" assertions="7" time="0.1413868629897479">
    <failure type="test_应用名称异常输入测试 IAM_F_Application_007" message="undefined method `[]' for nil:NilClass">
Failure:
test_应用名称异常输入测试 IAM_F_Application_007(IAM::IamManager) [iam_manager.rb:62]:
undefined method `[]' for nil:NilClass
    </failure>
  </testcase>
</testsuite>
