<?xml version="1.0" encoding="UTF-8"?>
<testsuite name="IAM::IamManager" skipped="0" failures="1" errors="0" tests="1" assertions="1" time="0.10949743000674061">
  <testcase name="test_应用名称重复测试 IAM_F_Application_009" classname="IAM::IamManager" assertions="1" time="0.10949743000674061">
    <failure type="test_应用名称重复测试 IAM_F_Application_009" message="undefined local variable or method `args' for #&lt;IAM::IamManager:0x0000000302f500&gt;">
Failure:
test_应用名称重复测试 IAM_F_Application_009(IAM::IamManager) [iam_manager.rb:62]:
undefined local variable or method `args' for #&lt;IAM::IamManager:0x0000000302f500&gt;
    </failure>
  </testcase>
</testsuite>
