<?xml version="1.0" encoding="UTF-8"?>
<testsuite name="IAM::IamManager" skipped="0" failures="1" errors="0" tests="1" assertions="1" time="0.1131869429955259">
  <testcase name="test_应用名称重复测试 IAM_F_Application_009" classname="IAM::IamManager" assertions="1" time="0.1131869429955259">
    <failure type="test_应用名称重复测试 IAM_F_Application_009" message="新增一个应用失败!....">
Failure:
test_应用名称重复测试 IAM_F_Application_009(IAM::IamManager) [(eval):37]:
新增一个应用失败!.
Expected: 1
  Actual: nil
    </failure>
  </testcase>
</testsuite>
