<?xml version="1.0" encoding="UTF-8"?>
<testsuite name="TestCase003" skipped="0" failures="0" errors="0" tests="4" assertions="4" time="0.006361948006087914">
  <testcase name="test_ip1" classname="TestCase003" assertions="1" time="0.0014167299959808588">
  </testcase>
  <testcase name="test_ip2" classname="TestCase003" assertions="1" time="0.0020527710148599">
  </testcase>
  <testcase name="test_ip3" classname="TestCase003" assertions="1" time="0.002022506989305839">
  </testcase>
  <testcase name="test_ip4" classname="TestCase003" assertions="1" time="0.0008699400059413165">
  </testcase>
</testsuite>
