<?xml version="1.0" encoding="UTF-8"?>
<testsuite name="TestCase004" skipped="0" failures="0" errors="0" tests="4" assertions="4" time="0.0033669140248093754">
  <testcase name="test_ip1" classname="TestCase004" assertions="1" time="0.0009407250036019832">
  </testcase>
  <testcase name="test_ip2" classname="TestCase004" assertions="1" time="0.0006611749995499849">
  </testcase>
  <testcase name="test_ip3" classname="TestCase004" assertions="1" time="0.0006380930135492235">
  </testcase>
  <testcase name="test_ip4" classname="TestCase004" assertions="1" time="0.0011269210081081837">
  </testcase>
</testsuite>
