<?xml version="1.0" encoding="UTF-8"?>
<testsuite name="TestCase002" skipped="0" failures="0" errors="0" tests="4" assertions="4" time="0.0035366949741728604">
  <testcase name="test_ip1" classname="TestCase002" assertions="1" time="0.000822748988866806">
  </testcase>
  <testcase name="test_ip2" classname="TestCase002" assertions="1" time="0.0013120909861754626">
  </testcase>
  <testcase name="test_ip3" classname="TestCase002" assertions="1" time="0.000676049996400252">
  </testcase>
  <testcase name="test_ip4" classname="TestCase002" assertions="1" time="0.0007258050027303398">
  </testcase>
</testsuite>
