<?xml version="1.0" encoding="UTF-8"?>
<testsuite name="TestCase001" skipped="0" failures="0" errors="0" tests="4" assertions="4" time="0.003112498001428321">
  <testcase name="test_ip1" classname="TestCase001" assertions="1" time="0.0010176660143770278">
  </testcase>
  <testcase name="test_ip2" classname="TestCase001" assertions="1" time="0.0006011610093992203">
  </testcase>
  <testcase name="test_ip3" classname="TestCase001" assertions="1" time="0.0006637399783357978">
  </testcase>
  <testcase name="test_ip4" classname="TestCase001" assertions="1" time="0.0008299309993162751">
  </testcase>
</testsuite>
