<?xml version="1.0" encoding="UTF-8"?>
<testsuite name="TestCase003" skipped="0" failures="0" errors="0" tests="4" assertions="4" time="0.004954962991178036">
  <testcase name="test_ip1" classname="TestCase003" assertions="1" time="0.002035330981016159">
  </testcase>
  <testcase name="test_ip2" classname="TestCase003" assertions="1" time="0.0014669969968963414">
  </testcase>
  <testcase name="test_ip3" classname="TestCase003" assertions="1" time="0.0007206749869510531">
  </testcase>
  <testcase name="test_ip4" classname="TestCase003" assertions="1" time="0.0007319600263144821">
  </testcase>
</testsuite>
