<?xml version="1.0" encoding="UTF-8"?>
<testsuite name="TestCase001" skipped="0" failures="0" errors="0" tests="4" assertions="4" time="0.004478960006963462">
  <testcase name="test_ip1" classname="TestCase001" assertions="1" time="0.0007801759929861873">
  </testcase>
  <testcase name="test_ip2" classname="TestCase001" assertions="1" time="0.0012690050061792135">
  </testcase>
  <testcase name="test_ip3" classname="TestCase001" assertions="1" time="0.0016331890074070543">
  </testcase>
  <testcase name="test_ip4" classname="TestCase001" assertions="1" time="0.0007965900003910065">
  </testcase>
</testsuite>
