<?xml version="1.0" encoding="UTF-8"?>
<testsuite name="TestCase002" skipped="0" failures="0" errors="0" tests="4" assertions="4" time="0.010364902002038434">
  <testcase name="test_ip1" classname="TestCase002" assertions="1" time="0.001543938007671386">
  </testcase>
  <testcase name="test_ip2" classname="TestCase002" assertions="1" time="0.003371530008735135">
  </testcase>
  <testcase name="test_ip3" classname="TestCase002" assertions="1" time="0.004030652984511107">
  </testcase>
  <testcase name="test_ip4" classname="TestCase002" assertions="1" time="0.0014187810011208057">
  </testcase>
</testsuite>
