<?xml version="1.0" encoding="UTF-8"?>
<testsuite name="TestCase001" skipped="0" failures="0" errors="0" tests="4" assertions="4" time="0.0020230209920555353">
  <testcase name="test_ip1" classname="TestCase001" assertions="1" time="4.360001184977591e-05">
  </testcase>
  <testcase name="test_ip2" classname="TestCase001" assertions="1" time="0.0005339669878594577">
  </testcase>
  <testcase name="test_ip3" classname="TestCase001" assertions="1" time="0.0007724819879513234">
  </testcase>
  <testcase name="test_ip4" classname="TestCase001" assertions="1" time="0.0006729720043949783">
  </testcase>
</testsuite>
