<?xml version="1.0" encoding="UTF-8"?>
<testsuite name="TestCase001" skipped="0" failures="0" errors="0" tests="4" assertions="4" time="0.0054832879977766424">
  <testcase name="test_ip1" classname="TestCase001" assertions="1" time="0.001551118999486789">
  </testcase>
  <testcase name="test_ip2" classname="TestCase001" assertions="1" time="0.0013946729886811227">
  </testcase>
  <testcase name="test_ip3" classname="TestCase001" assertions="1" time="0.0015465030155610293">
  </testcase>
  <testcase name="test_ip4" classname="TestCase001" assertions="1" time="0.0009909929940477014">
  </testcase>
</testsuite>
