<?xml version="1.0" encoding="UTF-8"?>
<testsuite name="TestCase001" skipped="0" failures="0" errors="0" tests="4" assertions="4" time="0.0022553819871973246">
  <testcase name="test_ip1" classname="TestCase001" assertions="1" time="4.462598008103669e-05">
  </testcase>
  <testcase name="test_ip2" classname="TestCase001" assertions="1" time="0.0006293729820754379">
  </testcase>
  <testcase name="test_ip3" classname="TestCase001" assertions="1" time="0.000811465026345104">
  </testcase>
  <testcase name="test_ip4" classname="TestCase001" assertions="1" time="0.0007699179986957461">
  </testcase>
</testsuite>
