<?xml version="1.0" encoding="UTF-8"?>
<testsuite name="TestCase004" skipped="0" failures="0" errors="0" tests="4" assertions="4" time="0.0028929600084666163">
  <testcase name="test_ip1" classname="TestCase004" assertions="1" time="0.0007406799995806068">
  </testcase>
  <testcase name="test_ip2" classname="TestCase004" assertions="1" time="0.0007555549964308739">
  </testcase>
  <testcase name="test_ip3" classname="TestCase004" assertions="1" time="0.0008191590022761375">
  </testcase>
  <testcase name="test_ip4" classname="TestCase004" assertions="1" time="0.0005775660101789981">
  </testcase>
</testsuite>
