<?xml version="1.0" encoding="UTF-8"?>
<testsuite name="TestCase002" skipped="0" failures="0" errors="0" tests="4" assertions="4" time="0.008402408944675699">
  <testcase name="test_ip1" classname="TestCase002" assertions="1" time="0.0010053549776785076">
  </testcase>
  <testcase name="test_ip2" classname="TestCase002" assertions="1" time="0.0013408160011749715">
  </testcase>
  <testcase name="test_ip3" classname="TestCase002" assertions="1" time="0.0019568519783206284">
  </testcase>
  <testcase name="test_ip4" classname="TestCase002" assertions="1" time="0.0040993859875015914">
  </testcase>
</testsuite>
