<?xml version="1.0" encoding="UTF-8"?>
<testsuite name="TestCase001" skipped="0" failures="0" errors="0" tests="4" assertions="4" time="0.0027672909782268107">
  <testcase name="test_ip1" classname="TestCase001" assertions="1" time="4.308597999624908e-05">
  </testcase>
  <testcase name="test_ip2" classname="TestCase001" assertions="1" time="0.0009920189913827926">
  </testcase>
  <testcase name="test_ip3" classname="TestCase001" assertions="1" time="0.0011423090181779116">
  </testcase>
  <testcase name="test_ip4" classname="TestCase001" assertions="1" time="0.0005898769886698574">
  </testcase>
</testsuite>
