<?xml version="1.0" encoding="UTF-8"?>
<testsuite name="TestCase002" skipped="0" failures="0" errors="0" tests="4" assertions="4" time="0.002935534022981301">
  <testcase name="test_ip1" classname="TestCase002" assertions="1" time="0.0008186460181605071">
  </testcase>
  <testcase name="test_ip2" classname="TestCase002" assertions="1" time="0.000662712991470471">
  </testcase>
  <testcase name="test_ip3" classname="TestCase002" assertions="1" time="0.0008658370061311871">
  </testcase>
  <testcase name="test_ip4" classname="TestCase002" assertions="1" time="0.0005883380072191358">
  </testcase>
</testsuite>
