<?xml version="1.0" encoding="UTF-8"?>
<testsuite name="TestCase001" skipped="0" failures="0" errors="0" tests="4" assertions="4" time="0.006338353006867692">
  <testcase name="test_ip1" classname="TestCase001" assertions="1" time="3.334099892526865e-05">
  </testcase>
  <testcase name="test_ip2" classname="TestCase001" assertions="1" time="0.0027519029972609133">
  </testcase>
  <testcase name="test_ip3" classname="TestCase001" assertions="1" time="0.0012705429980996996">
  </testcase>
  <testcase name="test_ip4" classname="TestCase001" assertions="1" time="0.0022825660125818104">
  </testcase>
</testsuite>
