<?xml version="1.0" encoding="UTF-8"?>
<testsuite name="TestCase001" skipped="0" failures="0" errors="0" tests="4" assertions="4" time="0.003414615959627554">
  <testcase name="test_ip1" classname="TestCase001" assertions="1" time="0.0008807119738776237">
  </testcase>
  <testcase name="test_ip2" classname="TestCase001" assertions="1" time="0.000698618998285383">
  </testcase>
  <testcase name="test_ip3" classname="TestCase001" assertions="1" time="0.0007735069957561791">
  </testcase>
  <testcase name="test_ip4" classname="TestCase001" assertions="1" time="0.001061777991708368">
  </testcase>
</testsuite>
