<?xml version="1.0" encoding="UTF-8"?>
<testsuite name="TestCase003" skipped="0" failures="0" errors="0" tests="4" assertions="4" time="0.002896036981837824">
  <testcase name="test_ip1" classname="TestCase003" assertions="1" time="0.0008771209977567196">
  </testcase>
  <testcase name="test_ip2" classname="TestCase003" assertions="1" time="0.0005847470019944012">
  </testcase>
  <testcase name="test_ip3" classname="TestCase003" assertions="1" time="0.0006606619863305241">
  </testcase>
  <testcase name="test_ip4" classname="TestCase003" assertions="1" time="0.0007735069957561791">
  </testcase>
</testsuite>
