<?xml version="1.0" encoding="UTF-8"?>
<testsuite name="TestCase004" skipped="0" failures="0" errors="0" tests="4" assertions="4" time="0.0046092449920251966">
  <testcase name="test_ip1" classname="TestCase004" assertions="1" time="0.0012659270141739398">
  </testcase>
  <testcase name="test_ip2" classname="TestCase004" assertions="1" time="0.0008827629790175706">
  </testcase>
  <testcase name="test_ip3" classname="TestCase004" assertions="1" time="0.0012495130067691207">
  </testcase>
  <testcase name="test_ip4" classname="TestCase004" assertions="1" time="0.0012110419920645654">
  </testcase>
</testsuite>
