<?xml version="1.0" encoding="UTF-8"?>
<testsuite name="TestCase002" skipped="0" failures="0" errors="0" tests="4" assertions="4" time="0.024758919986197725">
  <testcase name="test_ip1" classname="TestCase002" assertions="1" time="0.0008555779932066798">
  </testcase>
  <testcase name="test_ip2" classname="TestCase002" assertions="1" time="0.010619318985845894">
  </testcase>
  <testcase name="test_ip4" classname="TestCase002" assertions="1" time="0.0006914380064699799">
  </testcase>
  <testcase name="test_ip3" classname="TestCase002" assertions="1" time="0.012592585000675172">
  </testcase>
</testsuite>
