<?xml version="1.0" encoding="UTF-8"?>
<testsuite name="TestCase004" skipped="0" failures="0" errors="0" tests="4" assertions="4" time="0.003245860047172755">
  <testcase name="test_ip1" classname="TestCase004" assertions="1" time="0.0008843020186759531">
  </testcase>
  <testcase name="test_ip2" classname="TestCase004" assertions="1" time="0.0007847920060157776">
  </testcase>
  <testcase name="test_ip3" classname="TestCase004" assertions="1" time="0.0008966120076365769">
  </testcase>
  <testcase name="test_ip4" classname="TestCase004" assertions="1" time="0.0006801540148444474">
  </testcase>
</testsuite>
