<?xml version="1.0" encoding="UTF-8"?>
<testsuite name="TestCase004" skipped="0" failures="0" errors="0" tests="4" assertions="4" time="0.0028037080192007124">
  <testcase name="test_ip1" classname="TestCase004" assertions="1" time="0.0010171520116273314">
  </testcase>
  <testcase name="test_ip2" classname="TestCase004" assertions="1" time="0.0005960320122539997">
  </testcase>
  <testcase name="test_ip3" classname="TestCase004" assertions="1" time="0.0005724359943997115">
  </testcase>
  <testcase name="test_ip4" classname="TestCase004" assertions="1" time="0.0006180880009196699">
  </testcase>
</testsuite>
