<?xml version="1.0" encoding="UTF-8"?>
<testsuite name="TestCase003" skipped="0" failures="0" errors="0" tests="4" assertions="4" time="0.0027688289992511272">
  <testcase name="test_ip1" classname="TestCase003" assertions="1" time="0.0008109519840218127">
  </testcase>
  <testcase name="test_ip2" classname="TestCase003" assertions="1" time="0.0006129590037744492">
  </testcase>
  <testcase name="test_ip3" classname="TestCase003" assertions="1" time="0.0005873120098840445">
  </testcase>
  <testcase name="test_ip4" classname="TestCase003" assertions="1" time="0.0007576060015708208">
  </testcase>
</testsuite>
