<?xml version="1.0" encoding="UTF-8"?>
<testsuite name="TestCase001" skipped="0" failures="0" errors="0" tests="4" assertions="4" time="0.0025672439369373024">
  <testcase name="test_ip1" classname="TestCase001" assertions="1" time="3.795698285102844e-05">
  </testcase>
  <testcase name="test_ip2" classname="TestCase001" assertions="1" time="0.0005816689808852971">
  </testcase>
  <testcase name="test_ip3" classname="TestCase001" assertions="1" time="0.0007509379938710481">
  </testcase>
  <testcase name="test_ip4" classname="TestCase001" assertions="1" time="0.0011966799793299288">
  </testcase>
</testsuite>
