<?xml version="1.0" encoding="UTF-8"?>
<testsuite name="TestCase002" skipped="0" failures="0" errors="0" tests="4" assertions="4" time="0.0029252769600134343">
  <testcase name="test_ip1" classname="TestCase002" assertions="1" time="0.0007822279876563698">
  </testcase>
  <testcase name="test_ip2" classname="TestCase002" assertions="1" time="0.0007786379719618708">
  </testcase>
  <testcase name="test_ip3" classname="TestCase002" assertions="1" time="0.0007273440132848918">
  </testcase>
  <testcase name="test_ip4" classname="TestCase002" assertions="1" time="0.0006370669871103019">
  </testcase>
</testsuite>
