<?xml version="1.0" encoding="UTF-8"?>
<testsuite name="TestCase001" skipped="0" failures="0" errors="0" tests="4" assertions="4" time="0.0019465929944999516">
  <testcase name="test_ip1" classname="TestCase001" assertions="1" time="3.539200406521559e-05">
  </testcase>
  <testcase name="test_ip2" classname="TestCase001" assertions="1" time="0.000800179986981675">
  </testcase>
  <testcase name="test_ip3" classname="TestCase001" assertions="1" time="0.0005580750002991408">
  </testcase>
  <testcase name="test_ip4" classname="TestCase001" assertions="1" time="0.0005529460031539202">
  </testcase>
</testsuite>
