<?xml version="1.0" encoding="UTF-8"?>
<testsuite name="TestCase003" skipped="0" failures="0" errors="0" tests="4" assertions="4" time="0.0028416679706424475">
  <testcase name="test_ip1" classname="TestCase003" assertions="1" time="0.0006596359889954329">
  </testcase>
  <testcase name="test_ip2" classname="TestCase003" assertions="1" time="0.00095098398742266">
  </testcase>
  <testcase name="test_ip3" classname="TestCase003" assertions="1" time="0.0006411710055544972">
  </testcase>
  <testcase name="test_ip4" classname="TestCase003" assertions="1" time="0.0005898769886698574">
  </testcase>
</testsuite>
