<?xml version="1.0" encoding="UTF-8"?>
<testsuite name="TestCase001" skipped="0" failures="0" errors="0" tests="4" assertions="4" time="0.013959047995740548">
  <testcase name="test_ip1" classname="TestCase001" assertions="1" time="0.0013213240017648786">
  </testcase>
  <testcase name="test_ip2" classname="TestCase001" assertions="1" time="0.0007822279876563698">
  </testcase>
  <testcase name="test_ip3" classname="TestCase001" assertions="1" time="0.0009576520242262632">
  </testcase>
  <testcase name="test_ip4" classname="TestCase001" assertions="1" time="0.010897843982093036">
  </testcase>
</testsuite>
