<?xml version="1.0" encoding="UTF-8"?>
<testsuite name="TestCase001" skipped="0" failures="0" errors="0" tests="4" assertions="4" time="0.002668808010639623">
  <testcase name="test_ip1" classname="TestCase001" assertions="1" time="2.9237009584903717e-05">
  </testcase>
  <testcase name="test_ip2" classname="TestCase001" assertions="1" time="0.0008124909945763648">
  </testcase>
  <testcase name="test_ip3" classname="TestCase001" assertions="1" time="0.00072118901880458">
  </testcase>
  <testcase name="test_ip4" classname="TestCase001" assertions="1" time="0.0011058909876737744">
  </testcase>
</testsuite>
