<?xml version="1.0" encoding="UTF-8"?>
<testsuite name="TestCase002" skipped="0" failures="0" errors="0" tests="4" assertions="4" time="0.002501590963220224">
  <testcase name="test_ip1" classname="TestCase002" assertions="1" time="0.0005144749884493649">
  </testcase>
  <testcase name="test_ip2" classname="TestCase002" assertions="1" time="0.0005811569862999022">
  </testcase>
  <testcase name="test_ip3" classname="TestCase002" assertions="1" time="0.0007488869887311012">
  </testcase>
  <testcase name="test_ip4" classname="TestCase002" assertions="1" time="0.0006570719997398555">
  </testcase>
</testsuite>
