<?xml version="1.0" encoding="UTF-8"?>
<testsuite name="TestCase004" skipped="0" failures="0" errors="0" tests="4" assertions="4" time="0.003537722019245848">
  <testcase name="test_ip1" classname="TestCase004" assertions="1" time="0.0007022100035101175">
  </testcase>
  <testcase name="test_ip2" classname="TestCase004" assertions="1" time="0.0007888959953561425">
  </testcase>
  <testcase name="test_ip3" classname="TestCase004" assertions="1" time="0.0014085230068303645">
  </testcase>
  <testcase name="test_ip4" classname="TestCase004" assertions="1" time="0.0006380930135492235">
  </testcase>
</testsuite>
