<?xml version="1.0" encoding="UTF-8"?>
<testsuite name="TestCase004" skipped="0" failures="0" errors="0" tests="4" assertions="4" time="0.004606681002769619">
  <testcase name="test_ip1" classname="TestCase004" assertions="1" time="0.000830444012535736">
  </testcase>
  <testcase name="test_ip2" classname="TestCase004" assertions="1" time="0.001956338994204998">
  </testcase>
  <testcase name="test_ip3" classname="TestCase004" assertions="1" time="0.0008658370061311871">
  </testcase>
  <testcase name="test_ip4" classname="TestCase004" assertions="1" time="0.0009540609898976982">
  </testcase>
</testsuite>
