<?xml version="1.0" encoding="UTF-8"?>
<testsuite name="TestCase002" skipped="0" failures="0" errors="0" tests="4" assertions="4" time="0.0034597550111357123">
  <testcase name="test_ip1" classname="TestCase002" assertions="1" time="0.0010335669794585556">
  </testcase>
  <testcase name="test_ip2" classname="TestCase002" assertions="1" time="0.0007391410181298852">
  </testcase>
  <testcase name="test_ip3" classname="TestCase002" assertions="1" time="0.0007417050073854625">
  </testcase>
  <testcase name="test_ip4" classname="TestCase002" assertions="1" time="0.000945342006161809">
  </testcase>
</testsuite>
