<?xml version="1.0" encoding="UTF-8"?>
<testsuite name="TestCase001" skipped="0" failures="0" errors="0" tests="4" assertions="4" time="0.0027862690039910376">
  <testcase name="test_ip1" classname="TestCase001" assertions="1" time="0.0008822499949019402">
  </testcase>
  <testcase name="test_ip2" classname="TestCase001" assertions="1" time="0.0006975930009502918">
  </testcase>
  <testcase name="test_ip3" classname="TestCase001" assertions="1" time="0.0006170620035845786">
  </testcase>
  <testcase name="test_ip4" classname="TestCase001" assertions="1" time="0.000589364004554227">
  </testcase>
</testsuite>
