<?xml version="1.0" encoding="UTF-8"?>
<testsuite name="TestCase004" skipped="0" failures="0" errors="0" tests="4" assertions="4" time="0.0027067650225944817">
  <testcase name="test_ip1" classname="TestCase004" assertions="1" time="0.0007714560197200626">
  </testcase>
  <testcase name="test_ip2" classname="TestCase004" assertions="1" time="0.000634502008324489">
  </testcase>
  <testcase name="test_ip3" classname="TestCase004" assertions="1" time="0.0006021879962645471">
  </testcase>
  <testcase name="test_ip4" classname="TestCase004" assertions="1" time="0.000698618998285383">
  </testcase>
</testsuite>
