<?xml version="1.0" encoding="UTF-8"?>
<testsuite name="TestCase002" skipped="0" failures="0" errors="0" tests="4" assertions="4" time="0.0036182510084472597">
  <testcase name="test_ip1" classname="TestCase002" assertions="1" time="0.0010089449933730066">
  </testcase>
  <testcase name="test_ip2" classname="TestCase002" assertions="1" time="0.0007227270107250661">
  </testcase>
  <testcase name="test_ip3" classname="TestCase002" assertions="1" time="0.0006370659975800663">
  </testcase>
  <testcase name="test_ip4" classname="TestCase002" assertions="1" time="0.0012495130067691207">
  </testcase>
</testsuite>
