<?xml version="1.0" encoding="UTF-8"?>
<testsuite name="TestCase003" skipped="0" failures="0" errors="0" tests="4" assertions="4" time="0.003047867998247966">
  <testcase name="test_ip1" classname="TestCase003" assertions="1" time="0.0008863539842423052">
  </testcase>
  <testcase name="test_ip2" classname="TestCase003" assertions="1" time="0.0006652790179941803">
  </testcase>
  <testcase name="test_ip3" classname="TestCase003" assertions="1" time="0.0008622460009064525">
  </testcase>
  <testcase name="test_ip4" classname="TestCase003" assertions="1" time="0.0006339889951050282">
  </testcase>
</testsuite>
