<?xml version="1.0" encoding="UTF-8"?>
<testsuite name="TestCase003" skipped="0" failures="0" errors="0" tests="4" assertions="4" time="0.004164017038419843">
  <testcase name="test_ip1" classname="TestCase003" assertions="1" time="0.0012725950218737125">
  </testcase>
  <testcase name="test_ip2" classname="TestCase003" assertions="1" time="0.0014054460043553263">
  </testcase>
  <testcase name="test_ip3" classname="TestCase003" assertions="1" time="0.0007514510070905089">
  </testcase>
  <testcase name="test_ip4" classname="TestCase003" assertions="1" time="0.000734525005100295">
  </testcase>
</testsuite>
