<?xml version="1.0" encoding="UTF-8"?>
<testsuite name="TestCase004" skipped="0" failures="0" errors="0" tests="4" assertions="4" time="0.0030437640089076012">
  <testcase name="test_ip1" classname="TestCase004" assertions="1" time="0.0011007619905285537">
  </testcase>
  <testcase name="test_ip2" classname="TestCase004" assertions="1" time="0.0006519420130643994">
  </testcase>
  <testcase name="test_ip3" classname="TestCase004" assertions="1" time="0.0005673069972544909">
  </testcase>
  <testcase name="test_ip4" classname="TestCase004" assertions="1" time="0.0007237530080601573">
  </testcase>
</testsuite>
