<?xml version="1.0" encoding="UTF-8"?>
<testsuite name="TestCase003" skipped="0" failures="0" errors="0" tests="4" assertions="4" time="0.00296015600906685">
  <testcase name="test_ip1" classname="TestCase003" assertions="1" time="0.000690926011884585">
  </testcase>
  <testcase name="test_ip2" classname="TestCase003" assertions="1" time="0.0006550200050696731">
  </testcase>
  <testcase name="test_ip3" classname="TestCase003" assertions="1" time="0.0006509159866254777">
  </testcase>
  <testcase name="test_ip4" classname="TestCase003" assertions="1" time="0.0009632940054871142">
  </testcase>
</testsuite>
