<?xml version="1.0" encoding="UTF-8"?>
<testsuite name="TestCase003" skipped="0" failures="0" errors="0" tests="4" assertions="4" time="0.004561540030408651">
  <testcase name="test_ip1" classname="TestCase003" assertions="1" time="0.0007540160149801522">
  </testcase>
  <testcase name="test_ip2" classname="TestCase003" assertions="1" time="0.0005852600152138621">
  </testcase>
  <testcase name="test_ip3" classname="TestCase003" assertions="1" time="0.0015557350125163794">
  </testcase>
  <testcase name="test_ip4" classname="TestCase003" assertions="1" time="0.001666528987698257">
  </testcase>
</testsuite>
