<?xml version="1.0" encoding="UTF-8"?>
<testsuite name="TestCase004" skipped="0" failures="0" errors="0" tests="4" assertions="4" time="0.0033643489878159016">
  <testcase name="test_ip1" classname="TestCase004" assertions="1" time="0.0005883379781153053">
  </testcase>
  <testcase name="test_ip2" classname="TestCase004" assertions="1" time="0.0005842339887749404">
  </testcase>
  <testcase name="test_ip3" classname="TestCase004" assertions="1" time="0.0016075420135166496">
  </testcase>
  <testcase name="test_ip4" classname="TestCase004" assertions="1" time="0.0005842350074090064">
  </testcase>
</testsuite>
