<?xml version="1.0" encoding="UTF-8"?>
<testsuite name="TestCase004" skipped="0" failures="0" errors="0" tests="4" assertions="4" time="0.0029745170031674206">
  <testcase name="test_ip1" classname="TestCase004" assertions="1" time="0.0007714559906162322">
  </testcase>
  <testcase name="test_ip2" classname="TestCase004" assertions="1" time="0.0008196719863917679">
  </testcase>
  <testcase name="test_ip3" classname="TestCase004" assertions="1" time="0.0006904120091348886">
  </testcase>
  <testcase name="test_ip4" classname="TestCase004" assertions="1" time="0.000692977017024532">
  </testcase>
</testsuite>
