<?xml version="1.0" encoding="UTF-8"?>
<testsuite name="TestCase003" skipped="0" failures="0" errors="0" tests="4" assertions="4" time="0.0027283070085104555">
  <testcase name="test_ip1" classname="TestCase003" assertions="1" time="0.000858654995681718">
  </testcase>
  <testcase name="test_ip2" classname="TestCase003" assertions="1" time="0.000602699990849942">
  </testcase>
  <testcase name="test_ip3" classname="TestCase003" assertions="1" time="0.0004883150104433298">
  </testcase>
  <testcase name="test_ip4" classname="TestCase003" assertions="1" time="0.0007786370115354657">
  </testcase>
</testsuite>
