<?xml version="1.0" encoding="UTF-8"?>
<testsuite name="TestCase004" skipped="0" failures="0" errors="0" tests="4" assertions="4" time="0.003160713007673621">
  <testcase name="test_ip1" classname="TestCase004" assertions="1" time="0.0007955640030559152">
  </testcase>
  <testcase name="test_ip2" classname="TestCase004" assertions="1" time="0.0009222590015269816">
  </testcase>
  <testcase name="test_ip3" classname="TestCase004" assertions="1" time="0.0007063130033202469">
  </testcase>
  <testcase name="test_ip4" classname="TestCase004" assertions="1" time="0.0007365769997704774">
  </testcase>
</testsuite>
