<?xml version="1.0" encoding="UTF-8"?>
<testsuite name="TestCase002" skipped="0" failures="0" errors="0" tests="4" assertions="4" time="0.0037859820295125246">
  <testcase name="test_ip1" classname="TestCase002" assertions="1" time="0.0009735530184116215">
  </testcase>
  <testcase name="test_ip2" classname="TestCase002" assertions="1" time="0.0008745559898670763">
  </testcase>
  <testcase name="test_ip3" classname="TestCase002" assertions="1" time="0.0012361760018393397">
  </testcase>
  <testcase name="test_ip4" classname="TestCase002" assertions="1" time="0.0007016970193944871">
  </testcase>
</testsuite>
