<?xml version="1.0" encoding="UTF-8"?>
<testsuite name="TestCase001" skipped="0" failures="0" errors="0" tests="4" assertions="4" time="0.0021286839619278908">
  <testcase name="test_ip1" classname="TestCase001" assertions="1" time="0.0001010479754768312">
  </testcase>
  <testcase name="test_ip2" classname="TestCase001" assertions="1" time="0.0007196489896159619">
  </testcase>
  <testcase name="test_ip3" classname="TestCase001" assertions="1" time="0.0006668170099146664">
  </testcase>
  <testcase name="test_ip4" classname="TestCase001" assertions="1" time="0.0006411699869204313">
  </testcase>
</testsuite>
