<?xml version="1.0" encoding="UTF-8"?>
<testsuite name="TestCase002" skipped="0" failures="0" errors="0" tests="4" assertions="4" time="0.0038306059723254293">
  <testcase name="test_ip1" classname="TestCase002" assertions="1" time="0.0007832529954612255">
  </testcase>
  <testcase name="test_ip2" classname="TestCase002" assertions="1" time="0.001381849986501038">
  </testcase>
  <testcase name="test_ip3" classname="TestCase002" assertions="1" time="0.0007837660086806864">
  </testcase>
  <testcase name="test_ip4" classname="TestCase002" assertions="1" time="0.0008817369816824794">
  </testcase>
</testsuite>
