<?xml version="1.0" encoding="UTF-8"?>
<testsuite name="TestCase004" skipped="0" failures="0" errors="0" tests="4" assertions="4" time="0.004632327996660024">
  <testcase name="test_ip1" classname="TestCase004" assertions="1" time="0.0014844380202703178">
  </testcase>
  <testcase name="test_ip2" classname="TestCase004" assertions="1" time="0.0006170629931148142">
  </testcase>
  <testcase name="test_ip3" classname="TestCase004" assertions="1" time="0.0018840149859897792">
  </testcase>
  <testcase name="test_ip4" classname="TestCase004" assertions="1" time="0.0006468119972851127">
  </testcase>
</testsuite>
