<?xml version="1.0" encoding="UTF-8"?>
<testsuite name="TestCase003" skipped="0" failures="0" errors="0" tests="4" assertions="4" time="0.003156098013278097">
  <testcase name="test_ip1" classname="TestCase003" assertions="1" time="0.0006904129986651242">
  </testcase>
  <testcase name="test_ip2" classname="TestCase003" assertions="1" time="0.0009078980074264109">
  </testcase>
  <testcase name="test_ip3" classname="TestCase003" assertions="1" time="0.0009879150020424277">
  </testcase>
  <testcase name="test_ip4" classname="TestCase003" assertions="1" time="0.0005698720051441342">
  </testcase>
</testsuite>
