<?xml version="1.0" encoding="UTF-8"?>
<testsuite name="IAM::IamManager" skipped="0" failures="0" errors="0" tests="1" assertions="0" time="0.9047210890130373">
  <testcase name="test_设备名称输入值带空格 IAM_F_DeviceOperation_036" classname="IAM::IamManager" assertions="0" time="0.9047210890130373">
  </testcase>
</testsuite>
