<?xml version="1.0" encoding="UTF-8"?>
<testsuite name="IAM::IamManager" skipped="0" failures="1" errors="0" tests="1" assertions="1" time="0.5873242540110368">
  <testcase name="test_确认删除已绑定应用的设备 IAM_F_DeviceOperation_046" classname="IAM::IamManager" assertions="1" time="0.5873242540110368">
    <failure type="test_确认删除已绑定应用的设备 IAM_F_DeviceOperation_046" message="undefined local variable or method `args' for #&lt;IAM::IamManager:0x00000004e8a3b0&gt;">
Failure:
test_确认删除已绑定应用的设备 IAM_F_DeviceOperation_046(IAM::IamManager) [iam_manager.rb:62]:
undefined local variable or method `args' for #&lt;IAM::IamManager:0x00000004e8a3b0&gt;
    </failure>
  </testcase>
</testsuite>
