<?xml version="1.0" encoding="UTF-8"?>
<testsuite name="IAM::IamManager" skipped="0" failures="0" errors="0" tests="1" assertions="7" time="1.2129424729937455">
  <testcase name="test_删除绑定业务的设备后再新建同样的设备 IAM_F_DeviceOperation_047" classname="IAM::IamManager" assertions="7" time="1.2129424729937455">
  </testcase>
</testsuite>
