<?xml version="1.0" encoding="UTF-8"?>
<testsuite name="IAM::IamManager" skipped="0" failures="1" errors="0" tests="1" assertions="5" time="0.8831196950050071">
  <testcase name="test_确认删除已绑定应用的设备 IAM_F_DeviceOperation_046" classname="IAM::IamManager" assertions="5" time="0.8831196950050071">
    <failure type="test_确认删除已绑定应用的设备 IAM_F_DeviceOperation_046" message="undefined method `qb_dev' for #&lt;IAMAPI::IAM:0x00000004f33488&gt;...">
Failure:
test_确认删除已绑定应用的设备 IAM_F_DeviceOperation_046(IAM::IamManager) [iam_manager.rb:62]:
undefined method `qb_dev' for #&lt;IAMAPI::IAM:0x00000004f33488&gt;
Did you mean?  qd_dev
    </failure>
  </testcase>
</testsuite>
