<?xml version="1.0" encoding="UTF-8"?>
<testsuite name="IAM::IamManager" skipped="0" failures="0" errors="0" tests="1" assertions="1" time="0.3903398219990777">
  <testcase name="test_确定删除未绑定应用的设备 IAM_F_DeviceOperation_043" classname="IAM::IamManager" assertions="1" time="0.3903398219990777">
  </testcase>
</testsuite>
