<?xml version="1.0" encoding="UTF-8"?>
<testsuite name="IAM::IamManager" skipped="0" failures="1" errors="0" tests="1" assertions="1" time="0.3958354490023339">
  <testcase name="test_设备名称输入值带空格 IAM_F_DeviceOperation_036" classname="IAM::IamManager" assertions="1" time="0.3958354490023339">
    <failure type="test_设备名称输入值带空格 IAM_F_DeviceOperation_036" message="设备名称为' Device1'字符返回错误消息不正确!....">
Failure:
test_设备名称输入值带空格 IAM_F_DeviceOperation_036(IAM::IamManager) [(eval):35]:
设备名称为' Device1'字符返回错误消息不正确!.
Expected: # encoding: UTF-8
"\u8BBE\u5907\u540D\u79F0\u4E3A\u7A7A"
  Actual: nil
    </failure>
  </testcase>
</testsuite>
