<?xml version="1.0" encoding="UTF-8"?>
<testsuite name="IAM::IamManager" skipped="0" failures="1" errors="0" tests="1" assertions="1" time="0.32479495300503913">
  <testcase name="test_设备名称输入值带空格 IAM_F_DeviceOperation_036" classname="IAM::IamManager" assertions="1" time="0.32479495300503913">
    <failure type="test_设备名称输入值带空格 IAM_F_DeviceOperation_036" message="no implicit conversion of Symbol into Integer">
Failure:
test_设备名称输入值带空格 IAM_F_DeviceOperation_036(IAM::IamManager) [iam_manager.rb:62]:
no implicit conversion of Symbol into Integer
    </failure>
  </testcase>
</testsuite>
