<?xml version="1.0" encoding="UTF-8"?>
<testsuite name="IAM::IamManager" skipped="0" failures="1" errors="0" tests="1" assertions="1" time="0.3711615499923937">
  <testcase name="test_查询业务进程文件 IAM_F_DeviceOperation_013" classname="IAM::IamManager" assertions="1" time="0.3711615499923937">
    <failure type="test_查询业务进程文件 IAM_F_DeviceOperation_013" message="查询应用业务进程文件失败!....">
Failure:
test_查询业务进程文件 IAM_F_DeviceOperation_013(IAM::IamManager) [(eval):36]:
查询应用业务进程文件失败!.
Expected: # encoding: UTF-8
"test.so"
  Actual: # encoding: UTF-8
"autotest_01.ko"
    </failure>
  </testcase>
</testsuite>
