<?xml version="1.0" encoding="UTF-8"?>
<testsuite name="IAM::IamManager" skipped="0" failures="0" errors="0" tests="1" assertions="4" time="0.230412659002468">
  <testcase name="test_用户添加在云平台上已删除的设备 IAM_F_DeviceOperation_040" classname="IAM::IamManager" assertions="4" time="0.230412659002468">
  </testcase>
</testsuite>
