<?xml version="1.0" encoding="UTF-8"?>
<testsuite name="IAM::IamManager" skipped="0" failures="1" errors="0" tests="1" assertions="7" time="1.759976405010093">
  <testcase name="test_删除绑定业务的设备后再新建同样的设备 IAM_F_DeviceOperation_047" classname="IAM::IamManager" assertions="7" time="1.759976405010093">
    <failure type="test_删除绑定业务的设备后再新建同样的设备 IAM_F_DeviceOperation_047" message="undefined local variable or method `op1' for #&lt;IAM::IamManager:0x00000004ed9910&gt;...">
Failure:
test_删除绑定业务的设备后再新建同样的设备 IAM_F_DeviceOperation_047(IAM::IamManager) [iam_manager.rb:62]:
undefined local variable or method `op1' for #&lt;IAM::IamManager:0x00000004ed9910&gt;
Did you mean?  open
    </failure>
  </testcase>
</testsuite>
