<?xml version="1.0" encoding="UTF-8"?>
<testsuite name="IAM::IamManager" skipped="0" failures="1" errors="0" tests="1" assertions="2" time="0.4222164089878788">
  <testcase name="test_确认删除已绑定应用的设备 IAM_F_DeviceOperation_046" classname="IAM::IamManager" assertions="2" time="0.4222164089878788">
    <failure type="test_确认删除已绑定应用的设备 IAM_F_DeviceOperation_046" message="undefined local variable or method `appname' for #&lt;IAM::IamManager:0x00000004fc7d90&gt;...">
Failure:
test_确认删除已绑定应用的设备 IAM_F_DeviceOperation_046(IAM::IamManager) [iam_manager.rb:75]:
undefined local variable or method `appname' for #&lt;IAM::IamManager:0x00000004fc7d90&gt;
Did you mean?  @tc_app_name
    </failure>
  </testcase>
</testsuite>
