<?xml version="1.0" encoding="UTF-8"?>
<testsuite name="IAM::IamManager" skipped="0" failures="0" errors="0" tests="1" assertions="5" time="0.4141278759925626">
  <testcase name="test_设备名称重复性测试 IAM_F_DeviceOperation_037" classname="IAM::IamManager" assertions="5" time="0.4141278759925626">
  </testcase>
</testsuite>
