<?xml version="1.0" encoding="UTF-8"?>
<testsuite name="IAM::IamManager" skipped="0" failures="0" errors="0" tests="1" assertions="6" time="0.9444358950131573">
  <testcase name="test_确认删除已绑定应用的设备 IAM_F_DeviceOperation_046" classname="IAM::IamManager" assertions="6" time="0.9444358950131573">
  </testcase>
</testsuite>
