<?xml version="1.0" encoding="UTF-8"?>
<testsuite name="IAM::IamManager" skipped="0" failures="1" errors="0" tests="1" assertions="8" time="1.7032038160105003">
  <testcase name="test_删除绑定业务的设备后再新建同样的设备 IAM_F_DeviceOperation_047" classname="IAM::IamManager" assertions="8" time="1.7032038160105003">
    <failure type="test_删除绑定业务的设备后再新建同样的设备 IAM_F_DeviceOperation_047" message="undefined method `dev_binding_apps' for #&lt;IAMAPI::IAM:0x0000000503ced8&gt;...">
Failure:
test_删除绑定业务的设备后再新建同样的设备 IAM_F_DeviceOperation_047(IAM::IamManager) [iam_manager.rb:62]:
undefined method `dev_binding_apps' for #&lt;IAMAPI::IAM:0x0000000503ced8&gt;
Did you mean?  dev_binding_apply
    </failure>
  </testcase>
</testsuite>
