<?xml version="1.0" encoding="UTF-8"?>
<testsuite name="IAM::IamManager" skipped="0" failures="0" errors="0" tests="1" assertions="4" time="0.48451847799879033">
  <testcase name="test_确定删除未绑定应用的设备 IAM_F_DeviceOperation_043" classname="IAM::IamManager" assertions="4" time="0.48451847799879033">
  </testcase>
</testsuite>
