<?xml version="1.0" encoding="UTF-8"?>
<testsuite name="IAM::IamManager" skipped="0" failures="0" errors="0" tests="1" assertions="4" time="0.2780467279953882">
  <testcase name="test_用户添加在云平台上不存在的设备 IAM_F_DeviceOperation_039" classname="IAM::IamManager" assertions="4" time="0.2780467279953882">
  </testcase>
</testsuite>
