<?xml version="1.0" encoding="UTF-8"?>
<testsuite name="IAM::IamManager" skipped="0" failures="1" errors="0" tests="1" assertions="2" time="0.5888148539961549">
  <testcase name="test_确认删除已绑定应用的设备 IAM_F_DeviceOperation_046" classname="IAM::IamManager" assertions="2" time="0.5888148539961549">
    <failure type="test_确认删除已绑定应用的设备 IAM_F_DeviceOperation_046" message="新增一个应用失败!....">
Failure:
test_确认删除已绑定应用的设备 IAM_F_DeviceOperation_046(IAM::IamManager) [(eval):33]:
新增一个应用失败!.
Expected: # encoding: UTF-8
"OK"
  Actual: # encoding: UTF-8
"\u4FEE\u6539\u6210\u529F"
    </failure>
  </testcase>
</testsuite>
