<?xml version="1.0" encoding="UTF-8"?>
<testsuite name="IAM::IamManager" skipped="0" failures="0" errors="0" tests="1" assertions="3" time="1.110325458997977">
  <testcase name="test_确认删除已绑定应用的设备 IAM_F_DeviceOperation_046" classname="IAM::IamManager" assertions="3" time="1.110325458997977">
  </testcase>
</testsuite>
