<?xml version="1.0" encoding="UTF-8"?>
<testsuite name="Frame::WebTestSystem" skipped="0" failures="1" errors="0" tests="3" assertions="4" time="0.014124799003184307">
  <testcase name="test_默认密码测试 ZLBF_21.1.49" classname="Frame::WebTestSystem" assertions="1" time="0.0043133040016982704">
  </testcase>
  <testcase name="test_登录功能测试 ZLBF_21.1.36" classname="Frame::WebTestSystem" assertions="1" time="0.004869329000939615">
  </testcase>
  <testcase name="test_注销功能测试 ZLBF_21.1.74" classname="Frame::WebTestSystem" assertions="2" time="0.004942166000546422">
    <failure type="test_注销功能测试 ZLBF_21.1.74" message="测试失败了">
Failure:
test_注销功能测试 ZLBF_21.1.74(Frame::WebTestSystem) [(eval):27]:
测试失败了
    </failure>
  </testcase>
</testsuite>
