<?xml version="1.0" encoding="UTF-8"?>
<testsuite name="Frame::WebTestAttack" skipped="0" failures="0" errors="0" tests="3" assertions="3" time="0.012627017007616814">
  <testcase name="test_arp_reply_attack ZLBF_Attack_1.1.1" classname="Frame::WebTestAttack" assertions="1" time="0.004234311003529001">
  </testcase>
  <testcase name="test_arp_request_attack ZLBF_Attack_1.1.2" classname="Frame::WebTestAttack" assertions="1" time="0.004188659004285">
  </testcase>
  <testcase name="test_fin_flood_attack ZLBF_Attack_1.1.3" classname="Frame::WebTestAttack" assertions="1" time="0.004204046999802813">
  </testcase>
</testsuite>
