<?xml version="1.0" encoding="UTF-8"?>
<testsuite name="Frame::WebTestAttack" skipped="0" failures="0" errors="0" tests="3" assertions="3" time="0.012696774996584281">
  <testcase name="test_arp_reply_attack ZLBF_Attack_1.1.1" classname="Frame::WebTestAttack" assertions="1" time="0.004175321999355219">
  </testcase>
  <testcase name="test_arp_request_attack ZLBF_Attack_1.1.2" classname="Frame::WebTestAttack" assertions="1" time="0.004637992999050766">
  </testcase>
  <testcase name="test_fin_flood_attack ZLBF_Attack_1.1.3" classname="Frame::WebTestAttack" assertions="1" time="0.003883459998178296">
  </testcase>
</testsuite>
