<?xml version="1.0" encoding="UTF-8"?>
<testsuite name="Frame::WebTestAttack" skipped="0" failures="0" errors="0" tests="3" assertions="3" time="0.01408837999770185">
  <testcase name="test_arp_reply_attack ZLBF_Attack_1.1.1" classname="Frame::WebTestAttack" assertions="1" time="0.004532327999186236">
  </testcase>
  <testcase name="test_arp_request_attack ZLBF_Attack_1.1.2" classname="Frame::WebTestAttack" assertions="1" time="0.005042703000071924">
  </testcase>
  <testcase name="test_fin_flood_attack ZLBF_Attack_1.1.3" classname="Frame::WebTestAttack" assertions="1" time="0.004513348998443689">
  </testcase>
</testsuite>
