<?xml version="1.0" encoding="UTF-8"?>
<testsuite name="IAM::IamManager" skipped="0" failures="1" errors="0" tests="1" assertions="1" time="0.10449994300142862">
  <testcase name="test_管理员修改下级管理员账号信息 IAM_F_SysManager_108" classname="IAM::IamManager" assertions="1" time="0.10449994300142862">
    <failure type="test_管理员修改下级管理员账号信息 IAM_F_SysManager_108" message="添加系统管理员失败!....">
Failure:
test_管理员修改下级管理员账号信息 IAM_F_SysManager_108(IAM::IamManager) [(eval):34]:
添加系统管理员失败!.
Expected: 1
  Actual: nil
    </failure>
  </testcase>
</testsuite>
