<?xml version="1.0" encoding="UTF-8"?>
<testsuite name="IAM::IamManager" skipped="0" failures="1" errors="0" tests="1" assertions="3" time="0.3926045609987341">
  <testcase name="test_修改昵称输入正常测试 IAM_F_SysManager_112" classname="IAM::IamManager" assertions="3" time="0.3926045609987341">
    <failure type="test_修改昵称输入正常测试 IAM_F_SysManager_112" message="undefined method `size' for nil:NilClass">
Failure:
test_修改昵称输入正常测试 IAM_F_SysManager_112(IAM::IamManager) [iam_manager.rb:62]:
undefined method `size' for nil:NilClass
    </failure>
  </testcase>
</testsuite>
