<?xml version="1.0" encoding="UTF-8"?>
<testsuite name="IAM::IamManager" skipped="0" failures="0" errors="0" tests="1" assertions="4" time="0.5730080329994962">
  <testcase name="test_管理员修改下级管理员账号信息 IAM_F_SysManager_108" classname="IAM::IamManager" assertions="4" time="0.5730080329994962">
  </testcase>
</testsuite>
