<?xml version="1.0" encoding="UTF-8"?>
<testsuite name="IAM::IamManager" skipped="0" failures="0" errors="0" tests="1" assertions="8" time="0.7272786960020312">
  <testcase name="test_修改昵称异常输入测试 IAM_F_SysManager_115" classname="IAM::IamManager" assertions="8" time="0.7272786960020312">
  </testcase>
</testsuite>
