<?xml version="1.0" encoding="UTF-8"?>
<testsuite name="IAM::IamManager" skipped="0" failures="1" errors="0" tests="1" assertions="3" time="0.6311908199986647">
  <testcase name="test_管理员修改下级管理员账号信息 IAM_F_SysManager_108" classname="IAM::IamManager" assertions="3" time="0.6311908199986647">
    <failure type="test_管理员修改下级管理员账号信息 IAM_F_SysManager_108" message="undefined method `edit_manafger_info' for #&lt;IAMAPI::IAM:0x00000003ffade0&gt;">
Failure:
test_管理员修改下级管理员账号信息 IAM_F_SysManager_108(IAM::IamManager) [iam_manager.rb:62]:
undefined method `edit_manafger_info' for #&lt;IAMAPI::IAM:0x00000003ffade0&gt;
    </failure>
  </testcase>
</testsuite>
