<?xml version="1.0" encoding="UTF-8"?>
<testsuite name="IAM::IamManager" skipped="0" failures="0" errors="0" tests="1" assertions="5" time="0.9641420209991338">
  <testcase name="test_修改昵称长度在范围外测试 IAM_F_SysManager_113" classname="IAM::IamManager" assertions="5" time="0.9641420209991338">
  </testcase>
</testsuite>
