<?xml version="1.0" encoding="UTF-8"?>
<testsuite name="IAM::IamManager" skipped="0" failures="0" errors="0" tests="1" assertions="5" time="0.5269442650023848">
  <testcase name="test_修改昵称为空 IAM_F_SysManager_114" classname="IAM::IamManager" assertions="5" time="0.5269442650023848">
  </testcase>
</testsuite>
