<?xml version="1.0" encoding="UTF-8"?>
<testsuite name="IAM::IamManager" skipped="0" failures="1" errors="0" tests="1" assertions="3" time="0.6750325709981553">
  <testcase name="test_修改昵称带空格输入测试 IAM_F_SysManager_116" classname="IAM::IamManager" assertions="3" time="0.6750325709981553">
    <failure type="test_修改昵称带空格输入测试 IAM_F_SysManager_116" message="昵称为' 红烧肉'返回code错误!....">
Failure:
test_修改昵称带空格输入测试 IAM_F_SysManager_116(IAM::IamManager) [(eval):43]:
昵称为' 红烧肉'返回code错误!.
Expected: # encoding: UTF-8
"5004"
  Actual: nil
    </failure>
  </testcase>
</testsuite>
