<?xml version="1.0" encoding="UTF-8"?>
<testsuite name="IAM::IamManager" skipped="0" failures="0" errors="0" tests="1" assertions="5" time="0.9234886489939527">
  <testcase name="test_修改昵称重复测试 IAM_F_SysManager_117" classname="IAM::IamManager" assertions="5" time="0.9234886489939527">
  </testcase>
</testsuite>
