<?xml version="1.0" encoding="UTF-8"?>
<testsuite name="IAM::IamManager" skipped="0" failures="1" errors="0" tests="1" assertions="3" time="0.48594671599857975">
  <testcase name="test_管理员修改自身密码 IAM_F_SysManager_110" classname="IAM::IamManager" assertions="3" time="0.48594671599857975">
    <failure type="test_管理员修改自身密码 IAM_F_SysManager_110" message="undefined method `mana_modpw' for #&lt;IAMAPI::IAM:0x00000003ee06d0&gt;...">
Failure:
test_管理员修改自身密码 IAM_F_SysManager_110(IAM::IamManager) [iam_manager.rb:62]:
undefined method `mana_modpw' for #&lt;IAMAPI::IAM:0x00000003ee06d0&gt;
Did you mean?  mana_add
    </failure>
  </testcase>
</testsuite>
