<?xml version="1.0" encoding="UTF-8"?>
<testsuite name="IAM::IamManager" skipped="0" failures="1" errors="0" tests="1" assertions="3" time="0.6205172399986623">
  <testcase name="test_管理员修改下级管理员账号信息 IAM_F_SysManager_108" classname="IAM::IamManager" assertions="3" time="0.6205172399986623">
    <failure type="test_管理员修改下级管理员账号信息 IAM_F_SysManager_108" message="undefined method `edit_submana_info' for #&lt;IAMAPI::IAM:0x0000000400c478&gt;...">
Failure:
test_管理员修改下级管理员账号信息 IAM_F_SysManager_108(IAM::IamManager) [iam_manager.rb:62]:
undefined method `edit_submana_info' for #&lt;IAMAPI::IAM:0x0000000400c478&gt;
Did you mean?  edit_manager_info
    </failure>
  </testcase>
</testsuite>
