<?xml version="1.0" encoding="UTF-8"?>
<testsuite name="IAM::IamManager" skipped="0" failures="1" errors="0" tests="1" assertions="5" time="0.9907544179950492">
  <testcase name="test_修改昵称重复测试 IAM_F_SysManager_117" classname="IAM::IamManager" assertions="5" time="0.9907544179950492">
    <failure type="test_修改昵称重复测试 IAM_F_SysManager_117" message="undefined local variable or method `args' for #&lt;IAM::IamManager:0x00000004038e60&gt;">
Failure:
test_修改昵称重复测试 IAM_F_SysManager_117(IAM::IamManager) [iam_manager.rb:62]:
undefined local variable or method `args' for #&lt;IAM::IamManager:0x00000004038e60&gt;
    </failure>
  </testcase>
</testsuite>
