<?xml version="1.0" encoding="UTF-8"?>
<testsuite name="IAM::IamManager" skipped="0" failures="0" errors="0" tests="1" assertions="3" time="0.5575682969974878">
  <testcase name="test_管理员修改自身账号信息 IAM_F_SysManager_109" classname="IAM::IamManager" assertions="3" time="0.5575682969974878">
  </testcase>
</testsuite>
