<?xml version="1.0" encoding="UTF-8"?>
<testsuite name="IAM::IamManager" skipped="0" failures="0" errors="0" tests="1" assertions="7" time="0.7686599170010595">
  <testcase name="test_修改昵称带空格输入测试 IAM_F_SysManager_116" classname="IAM::IamManager" assertions="7" time="0.7686599170010595">
  </testcase>
</testsuite>
