<?xml version="1.0" encoding="UTF-8"?>
<testsuite name="IAM::IamManager" skipped="0" failures="1" errors="0" tests="1" assertions="4" time="1.4093456510017859">
  <testcase name="test_使用旧密码登陆 IAM_F_SysManager_087" classname="IAM::IamManager" assertions="4" time="1.4093456510017859">
    <failure type="test_使用旧密码登陆 IAM_F_SysManager_087" message="密码为空应提示失败!....">
Failure:
test_使用旧密码登陆 IAM_F_SysManager_087(IAM::IamManager) [(eval):35]:
密码为空应提示失败!.
Expected: # encoding: UTF-8
"5005"
  Actual: nil
    </failure>
  </testcase>
</testsuite>
