<?xml version="1.0" encoding="UTF-8"?>
<testsuite name="IAM::IamManager" skipped="0" failures="1" errors="0" tests="1" assertions="2" time="0.4138425400014967">
  <testcase name="test_删除有下级管理员的管理员 IAM_F_SysManager_106" classname="IAM::IamManager" assertions="2" time="0.4138425400014967">
    <failure type="test_删除有下级管理员的管理员 IAM_F_SysManager_106" message="undefined local variable or method `commnets' for #&lt;IAM::IamManager:0x000000042c2b68&gt;">
Failure:
test_删除有下级管理员的管理员 IAM_F_SysManager_106(IAM::IamManager) [iam_manager.rb:62]:
undefined local variable or method `commnets' for #&lt;IAM::IamManager:0x000000042c2b68&gt;
    </failure>
  </testcase>
</testsuite>
