<?xml version="1.0" encoding="UTF-8"?>
<testsuite name="IAM::IamManager" skipped="0" failures="0" errors="0" tests="1" assertions="5" time="0.5333858240046538">
  <testcase name="test_删除已登录管理员 IAM_F_SysManager_105" classname="IAM::IamManager" assertions="5" time="0.5333858240046538">
  </testcase>
</testsuite>
