<?xml version="1.0" encoding="UTF-8"?>
<testsuite name="IAM::IamManager" skipped="0" failures="0" errors="0" tests="1" assertions="3" time="1.4544504679943202">
  <testcase name="test_密码输入框带空格 IAM_F_SysManager_084" classname="IAM::IamManager" assertions="3" time="1.4544504679943202">
  </testcase>
</testsuite>
