<?xml version="1.0" encoding="UTF-8"?>
<testsuite name="IAM::IamManager" skipped="0" failures="0" errors="0" tests="1" assertions="4" time="0.3223587769898586">
  <testcase name="test_邮箱输入为空 IAM_F_SysManager_088" classname="IAM::IamManager" assertions="4" time="0.3223587769898586">
  </testcase>
</testsuite>
