<?xml version="1.0" encoding="UTF-8"?>
<testsuite name="IAM::IamManager" skipped="0" failures="0" errors="0" tests="1" assertions="3" time="1.4740163209935417">
  <testcase name="test_使用找回密码登陆 IAM_F_SysManager_086" classname="IAM::IamManager" assertions="3" time="1.4740163209935417">
  </testcase>
</testsuite>
