<?xml version="1.0" encoding="UTF-8"?>
<testsuite name="IAM::IamManager" skipped="0" failures="1" errors="0" tests="1" assertions="3" time="0.589732095002546">
  <testcase name="test_删除已登录管理员 IAM_F_SysManager_105" classname="IAM::IamManager" assertions="3" time="0.589732095002546">
    <failure type="test_删除已登录管理员 IAM_F_SysManager_105" message="密码为空应提示失败!....">
Failure:
test_删除已登录管理员 IAM_F_SysManager_105(IAM::IamManager) [(eval):39]:
密码为空应提示失败!.
Expected: # encoding: UTF-8
"5005"
  Actual: # encoding: UTF-8
"10001"
    </failure>
  </testcase>
</testsuite>
