<?xml version="1.0" encoding="UTF-8"?>
<testsuite name="IAM::IamManager" skipped="0" failures="0" errors="0" tests="1" assertions="5" time="1.2907789929886349">
  <testcase name="test_使用旧密码登陆 IAM_F_SysManager_087" classname="IAM::IamManager" assertions="5" time="1.2907789929886349">
  </testcase>
</testsuite>
