<?xml version="1.0" encoding="UTF-8"?>
<testsuite name="IAM::IamManager" skipped="0" failures="0" errors="0" tests="1" assertions="2" time="0.5507183629961219">
  <testcase name="test_删除系统管理员 IAM_F_SysManager_102" classname="IAM::IamManager" assertions="2" time="0.5507183629961219">
  </testcase>
</testsuite>
