<?xml version="1.0" encoding="UTF-8"?>
<testsuite name="IAM::IamManager" skipped="0" failures="1" errors="0" tests="1" assertions="1" time="2.21941351199348">
  <testcase name="test_密码输入框带空格 IAM_F_SysManager_084" classname="IAM::IamManager" assertions="1" time="2.21941351199348">
    <failure type="test_密码输入框带空格 IAM_F_SysManager_084" message="修改密码为 4562789返回错误消息不正确!....">
Failure:
test_密码输入框带空格 IAM_F_SysManager_084(IAM::IamManager) [(eval):34]:
修改密码为 4562789返回错误消息不正确!.
Expected: "\u5BC6\u7801\u683C\u5F0F\u9519\u8BEF"
  Actual: nil
    </failure>
  </testcase>
</testsuite>
