<?xml version="1.0" encoding="UTF-8"?>
<testsuite name="IAM::IamManager" skipped="0" failures="0" errors="0" tests="2" assertions="4" time="1.0515334149968112">
  <testcase name="test_删除配置管理员 IAM_F_SysManager_103" classname="IAM::IamManager" assertions="2" time="0.5647363260068232">
  </testcase>
  <testcase name="test_删除监视管理员 IAM_F_SysManager_104" classname="IAM::IamManager" assertions="2" time="0.48679708898998797">
  </testcase>
</testsuite>
