<?xml version="1.0" encoding="UTF-8"?>
<testsuite name="IAM::IamManager" skipped="0" failures="1" errors="0" tests="1" assertions="4" time="1.3871361369965598">
  <testcase name="test_使用旧密码登陆 IAM_F_SysManager_087" classname="IAM::IamManager" assertions="4" time="1.3871361369965598">
    <failure type="test_使用旧密码登陆 IAM_F_SysManager_087" message="undefined local variable or method `rs' for #&lt;IAM::IamManager:0x000000043c69d8&gt;">
Failure:
test_使用旧密码登陆 IAM_F_SysManager_087(IAM::IamManager) [iam_manager.rb:62]:
undefined local variable or method `rs' for #&lt;IAM::IamManager:0x000000043c69d8&gt;
    </failure>
  </testcase>
</testsuite>
