<?xml version="1.0" encoding="UTF-8"?>
<testsuite name="IAM::IamManager" skipped="0" failures="0" errors="0" tests="1" assertions="1" time="0.33709535899106413">
  <testcase name="test_删除监视管理员 IAM_F_SysManager_104" classname="IAM::IamManager" assertions="1" time="0.33709535899106413">
  </testcase>
</testsuite>
