<?xml version="1.0" encoding="UTF-8"?>
<testsuite name="IAM::IamManager" skipped="0" failures="0" errors="0" tests="1" assertions="4" time="0.4022148470103275">
  <testcase name="test_输入错误的邮箱账号 IAM_F_SysManager_089" classname="IAM::IamManager" assertions="4" time="0.4022148470103275">
  </testcase>
</testsuite>
