<?xml version="1.0" encoding="UTF-8"?>
<testsuite name="IAM::IamManager" skipped="0" failures="0" errors="0" tests="1" assertions="2" time="0.3195730339939473">
  <testcase name="test_新增配置管理员 IAM_F_SysManager_010" classname="IAM::IamManager" assertions="2" time="0.3195730339939473">
  </testcase>
</testsuite>
