<?xml version="1.0" encoding="UTF-8"?>
<testsuite name="IAM::IamManager" skipped="0" failures="1" errors="0" tests="1" assertions="5" time="2.884314308001194">
  <testcase name="test_获取user_id接口认证 IAM_F_OAuth_019" classname="IAM::IamManager" assertions="5" time="2.884314308001194">
    <failure type="test_获取user_id接口认证 IAM_F_OAuth_019" message="URI must be ascii only &quot;http://192.168.10.9:8082/userApps/valid?id=498f62de-d807-4496-b4f0-a0215b365f56&amp;token=4c7da4c8fe96c0f6f1666fd6b533d182&amp;type=name&amp;cond=\u{6ce2}\u{7f57}\u{5bc6}&quot;">
Failure:
test_获取user_id接口认证 IAM_F_OAuth_019(IAM::IamManager) [iam_manager.rb:62]:
URI must be ascii only "http://192.168.10.9:8082/userApps/valid?id=498f62de-d807-4496-b4f0-a0215b365f56&amp;token=4c7da4c8fe96c0f6f1666fd6b533d182&amp;type=name&amp;cond=\u{6ce2}\u{7f57}\u{5bc6}"
    </failure>
  </testcase>
</testsuite>
