<?xml version="1.0" encoding="UTF-8"?>
<testsuite name="IAM::IamManager" skipped="0" failures="1" errors="0" tests="1" assertions="1" time="0.0785020669864025">
  <testcase name="test_错误码60003(E_ACCESS_TOKEN_NULL) IAM_F_OAuth_027" classname="IAM::IamManager" assertions="1" time="0.0785020669864025">
    <failure type="test_错误码60003(E_ACCESS_TOKEN_NULL) IAM_F_OAuth_027" message="access_token输入为空返回错误消息不正确!....">
Failure:
test_错误码60003(E_ACCESS_TOKEN_NULL) IAM_F_OAuth_027(IAM::IamManager) [(eval):25]:
access_token输入为空返回错误消息不正确!.
Expected: # encoding: UTF-8
"AccessToken\u9519\u8BEF"
  Actual: # encoding: UTF-8
"AccessToken\u4E3A\u7A7A"
    </failure>
  </testcase>
</testsuite>
