<?xml version="1.0" encoding="UTF-8"?>
<testsuite name="IAM::IamManager" skipped="0" failures="1" errors="0" tests="1" assertions="6" time="0.41152507200604305">
  <testcase name="test_错误码60002(E_CLIENT_ID_ERROR) IAM_F_OAuth_026" classname="IAM::IamManager" assertions="6" time="0.41152507200604305">
    <failure type="test_错误码60002(E_CLIENT_ID_ERROR) IAM_F_OAuth_026" message="undefined method `empty?' for nil:NilClass">
Failure:
test_错误码60002(E_CLIENT_ID_ERROR) IAM_F_OAuth_026(IAM::IamManager) [iam_manager.rb:75]:
undefined method `empty?' for nil:NilClass
    </failure>
  </testcase>
</testsuite>
