<?xml version="1.0" encoding="UTF-8"?>
<testsuite name="IAM::IamManager" skipped="0" failures="1" errors="0" tests="1" assertions="9" time="2.7923721529950853">
  <testcase name="test_获取user_id接口认证 IAM_F_OAuth_019" classname="IAM::IamManager" assertions="9" time="2.7923721529950853">
    <failure type="test_获取user_id接口认证 IAM_F_OAuth_019" message="用户'13103158888'登录失败!....">
Failure:
test_获取user_id接口认证 IAM_F_OAuth_019(IAM::IamManager) [(eval):79]:
用户'13103158888'登录失败!.
Expected: # encoding: UTF-8
"OK"
  Actual: nil
    </failure>
  </testcase>
</testsuite>
