<?xml version="1.0" encoding="UTF-8"?>
<testsuite name="IAM::IamManager" skipped="0" failures="1" errors="0" tests="1" assertions="4" time="0.2686078410188202">
  <testcase name="test_获取user_id接口认证 IAM_F_OAuth_019" classname="IAM::IamManager" assertions="4" time="0.2686078410188202">
    <failure type="test_获取user_id接口认证 IAM_F_OAuth_019" message="管理员查询应用'波罗密'信息失败!....">
Failure:
test_获取user_id接口认证 IAM_F_OAuth_019(IAM::IamManager) [(eval):44]:
管理员查询应用'波罗密'信息失败!.
Expected: # encoding: UTF-8
"\u6CE2\u7F57\u5BC6"
  Actual: nil
    </failure>
  </testcase>
</testsuite>
