<?xml version="1.0" encoding="UTF-8"?>
<testsuite name="IAM::IamManager" skipped="0" failures="0" errors="0" tests="1" assertions="19" time="3604.954278980993">
  <testcase name="test_错误码60005(E_ACCESS_TOKEN_EXPIRE) IAM_F_OAuth_029" classname="IAM::IamManager" assertions="19" time="3604.954278980993">
  </testcase>
</testsuite>
