<?xml version="1.0" encoding="UTF-8"?>
<testsuite name="IAM::IamManager" skipped="0" failures="1" errors="0" tests="1" assertions="11" time="4.616687722998904">
  <testcase name="test_错误码60002(E_CLIENT_ID_ERROR) IAM_F_OAuth_026" classname="IAM::IamManager" assertions="11" time="4.616687722998904">
    <failure type="test_错误码60002(E_CLIENT_ID_ERROR) IAM_F_OAuth_026" message="undefined local variable or method `rs' for #&lt;IAM::IamManager:0x000000047771e0&gt;">
Failure:
test_错误码60002(E_CLIENT_ID_ERROR) IAM_F_OAuth_026(IAM::IamManager) [iam_manager.rb:62]:
undefined local variable or method `rs' for #&lt;IAM::IamManager:0x000000047771e0&gt;
    </failure>
  </testcase>
</testsuite>
