<?xml version="1.0" encoding="UTF-8"?>
<testsuite name="IAM::IamManager" skipped="0" failures="1" errors="0" tests="1" assertions="11" time="4.505689800978871">
  <testcase name="test_错误码60002(E_CLIENT_ID_ERROR) IAM_F_OAuth_026" classname="IAM::IamManager" assertions="11" time="4.505689800978871">
    <failure type="test_错误码60002(E_CLIENT_ID_ERROR) IAM_F_OAuth_026" message="client_id输入错误返回错误消息不正确!....">
Failure:
test_错误码60002(E_CLIENT_ID_ERROR) IAM_F_OAuth_026(IAM::IamManager) [(eval):93]:
client_id输入错误返回错误消息不正确!.
Expected: # encoding: UTF-8
"AccessToken\u9519\u8BEF"
  Actual: nil
    </failure>
  </testcase>
</testsuite>
