<?xml version="1.0" encoding="UTF-8"?>
<testsuite name="IAM::IamManager" skipped="0" failures="1" errors="0" tests="1" assertions="11" time="4.882738553016679">
  <testcase name="test_获取code接口认证 IAM_F_OAuth_020" classname="IAM::IamManager" assertions="11" time="4.882738553016679">
    <failure type="test_获取code接口认证 IAM_F_OAuth_020" message="undefined method `user_oauth_code' for #&lt;IAMAPI::IAM:0x000000049e3028&gt;...">
Failure:
test_获取code接口认证 IAM_F_OAuth_020(IAM::IamManager) [iam_manager.rb:62]:
undefined method `user_oauth_code' for #&lt;IAMAPI::IAM:0x000000049e3028&gt;
Did you mean?  usr_oauth_code
    </failure>
  </testcase>
</testsuite>
