<?xml version="1.0" encoding="UTF-8"?>
<testsuite name="IAM::IamManager" skipped="0" failures="0" errors="0" tests="1" assertions="11" time="4.396160942997085">
  <testcase name="test_code有效期测试 IAM_F_OAuth_021" classname="IAM::IamManager" assertions="11" time="4.396160942997085">
  </testcase>
</testsuite>
