<?xml version="1.0" encoding="UTF-8"?>
<testsuite name="IAM::IamManager" skipped="0" failures="1" errors="0" tests="1" assertions="11" time="4.241513771994505">
  <testcase name="test_获取code接口认证 IAM_F_OAuth_020" classname="IAM::IamManager" assertions="11" time="4.241513771994505">
    <failure type="test_获取code接口认证 IAM_F_OAuth_020" message="用户'13103158888'oauth登录获取接口认证code失败!....">
Failure:
test_获取code接口认证 IAM_F_OAuth_020(IAM::IamManager) [(eval):92]:
用户'13103158888'oauth登录获取接口认证code失败!.
Expected: # encoding: UTF-8
"ec9f3bf513475d89d72bd06c0a4ea53a"
  Actual: nil
    </failure>
  </testcase>
</testsuite>
