<?xml version="1.0" encoding="UTF-8"?>
<testsuite name="IAM::IamManager" skipped="0" failures="1" errors="0" tests="1" assertions="11" time="4.992591589980293">
  <testcase name="test_获取code接口认证 IAM_F_OAuth_020" classname="IAM::IamManager" assertions="11" time="4.992591589980293">
    <failure type="test_获取code接口认证 IAM_F_OAuth_020" message="用户'13103158888'oauth登录获取接口认证code失败!....">
Failure:
test_获取code接口认证 IAM_F_OAuth_020(IAM::IamManager) [(eval):92]:
用户'13103158888'oauth登录获取接口认证code失败!.
Expected: # encoding: UTF-8
"49ffee1156e7b4ac3034efef590b0065"
  Actual: # encoding: UTF-8
"&lt;script&gt;window.opener.location.href=\"http://192.168.10.9:8083/index.php/Login/index?code=49ffee1156e7b4ac3034efef590b0065&amp;ssid=MmVnYzgzM3Y2amtmcGEwYWN0NW5nZmo0Mmc5YzAwODQ=\";window.close();&lt;/script&gt;"
    </failure>
  </testcase>
</testsuite>
