<?xml version="1.0" encoding="UTF-8"?>
<testsuite name="IAM::IamManager" skipped="0" failures="0" errors="0" tests="1" assertions="2" time="0.030088108003837988">
  <testcase name="test_错误码60004(E_RESPONSE_TYPE_ERROR) IAM_F_OAuth_028" classname="IAM::IamManager" assertions="2" time="0.030088108003837988">
  </testcase>
</testsuite>
