<?xml version="1.0" encoding="UTF-8"?>
<testsuite name="IAM::IamManager" skipped="0" failures="0" errors="0" tests="1" assertions="14" time="34.698539809993235">
  <testcase name="test_code有效期测试 IAM_F_OAuth_021" classname="IAM::IamManager" assertions="14" time="34.698539809993235">
  </testcase>
</testsuite>
