<?xml version="1.0" encoding="UTF-8"?>
<testsuite name="IAM::IamManager" skipped="0" failures="1" errors="0" tests="1" assertions="11" time="4.4276791300217155">
  <testcase name="test_获取code接口认证 IAM_F_OAuth_020" classname="IAM::IamManager" assertions="11" time="4.4276791300217155">
    <failure type="test_获取code接口认证 IAM_F_OAuth_020" message="用户'13103158888'oauth登录获取接口认证code失败!....">
Failure:
test_获取code接口认证 IAM_F_OAuth_020(IAM::IamManager) [(eval):92]:
用户'13103158888'oauth登录获取接口认证code失败!.
Expected: # encoding: UTF-8
"400360fb9bf63c32eace856ac33076a0"
  Actual: # encoding: UTF-8
"&lt;script&gt;window.opener.location.href=\"http://192.168.10.9:8083/index.php/Login/index?code=400360fb9bf63c32eace856ac33076a0&amp;ssid=MmVnYzgzZDBmMGZmc3RyZHQyMGFrMWRwZ3RzZnFubzY=\";window.close();&lt;/script&gt;"
    </failure>
  </testcase>
</testsuite>
