<?xml version="1.0" encoding="UTF-8"?>
<testsuite name="IAM::IamManager" skipped="0" failures="1" errors="0" tests="1" assertions="11" time="4.292799689981621">
  <testcase name="test_获取code接口认证 IAM_F_OAuth_020" classname="IAM::IamManager" assertions="11" time="4.292799689981621">
    <failure type="test_获取code接口认证 IAM_F_OAuth_020" message="用户'13103158888'oauth登录获取接口认证code失败!....">
Failure:
test_获取code接口认证 IAM_F_OAuth_020(IAM::IamManager) [(eval):92]:
用户'13103158888'oauth登录获取接口认证code失败!.
Expected: # encoding: UTF-8
"71e1c69ead707c0c0c4ac92e99461232"
  Actual: # encoding: UTF-8
"&lt;script&gt;window.opener.location.href=\"http://192.168.10.9:8083/index.php/Login/index?code=71e1c69ead707c0c0c4ac92e99461232&amp;ssid=MmVnYzgzcW84NzVmN3RiZnJkaWp1c2pvZzFpdDFqNzE=\";window.close();&lt;/script&gt;"
    </failure>
  </testcase>
</testsuite>
