<?xml version="1.0" encoding="UTF-8"?>
<testsuite name="IAM::IamManager" skipped="0" failures="1" errors="0" tests="1" assertions="3" time="0.44610244198702276">
  <testcase name="test_获取user_id接口认证 IAM_F_OAuth_019" classname="IAM::IamManager" assertions="3" time="0.44610244198702276">
    <failure type="test_获取user_id接口认证 IAM_F_OAuth_019" message="管理员创建并激活应用失败!....">
Failure:
test_获取user_id接口认证 IAM_F_OAuth_019(IAM::IamManager) [(eval):39]:
管理员创建并激活应用失败!.
Expected: # encoding: UTF-8
"OK"
  Actual: # encoding: UTF-8
"\u4FEE\u6539\u6210\u529F"
    </failure>
  </testcase>
</testsuite>
