<?xml version="1.0" encoding="UTF-8"?>
<testsuite name="IAM::IamManager" skipped="0" failures="1" errors="0" tests="1" assertions="11" time="4.572305994021008">
  <testcase name="test_错误码60002(E_CLIENT_ID_ERROR) IAM_F_OAuth_026" classname="IAM::IamManager" assertions="11" time="4.572305994021008">
    <failure type="test_错误码60002(E_CLIENT_ID_ERROR) IAM_F_OAuth_026" message="undefined local variable or method `code_str' for #&lt;IAMAPI::IAM:0x000000047b3960&gt;">
Failure:
test_错误码60002(E_CLIENT_ID_ERROR) IAM_F_OAuth_026(IAM::IamManager) [iam_manager.rb:62]:
undefined local variable or method `code_str' for #&lt;IAMAPI::IAM:0x000000047b3960&gt;
    </failure>
  </testcase>
</testsuite>
