<?xml version="1.0" encoding="UTF-8"?>
<testsuite name="IAM::IamManager" skipped="0" failures="0" errors="0" tests="1" assertions="10" time="4.5107566340011545">
  <testcase name="test_错误码60002(E_CLIENT_ID_ERROR) IAM_F_OAuth_026" classname="IAM::IamManager" assertions="10" time="4.5107566340011545">
  </testcase>
</testsuite>
