<?xml version="1.0" encoding="UTF-8"?>
<testsuite name="IAM::IamManager" skipped="0" failures="1" errors="0" tests="1" assertions="14" time="4.303964882012224">
  <testcase name="test_code有效期测试 IAM_F_OAuth_021" classname="IAM::IamManager" assertions="14" time="4.303964882012224">
    <failure type="test_code有效期测试 IAM_F_OAuth_021" message="code有效期内获取认证access_token值失败!....">
Failure:
test_code有效期测试 IAM_F_OAuth_021(IAM::IamManager) [(eval):99]:
code有效期内获取认证access_token值失败!.
Expected # encoding: UTF-8
"5ea4b1a52fd57f865fe4642f41d17b81" to be empty.
    </failure>
  </testcase>
</testsuite>
