<?xml version="1.0" encoding="UTF-8"?>
<testsuite name="IAM::IamManager" skipped="0" failures="1" errors="0" tests="1" assertions="15" time="4.770692177989986">
  <testcase name="test_获取用户资料接口测试 IAM_F_OAuth_024" classname="IAM::IamManager" assertions="15" time="4.770692177989986">
    <failure type="test_获取用户资料接口测试 IAM_F_OAuth_024" message="undefined method `usr_oauth_info' for #&lt;IAMAPI::IAM:0x000000047cf750&gt;...">
Failure:
test_获取用户资料接口测试 IAM_F_OAuth_024(IAM::IamManager) [iam_manager.rb:62]:
undefined method `usr_oauth_info' for #&lt;IAMAPI::IAM:0x000000047cf750&gt;
Did you mean?  usr_oauth_token
               usr_oauth_code
    </failure>
  </testcase>
</testsuite>
