<?xml version="1.0" encoding="UTF-8"?>
<testsuite name="IAM::IamManager" skipped="0" failures="0" errors="0" tests="1" assertions="16" time="4.741555064014392">
  <testcase name="test_获取用户资料接口测试 IAM_F_OAuth_024" classname="IAM::IamManager" assertions="16" time="4.741555064014392">
  </testcase>
</testsuite>
