<?xml version="1.0" encoding="UTF-8"?>
<testsuite name="IAM::IamManager" skipped="0" failures="0" errors="0" tests="1" assertions="3" time="0.03137353801866993">
  <testcase name="test_错误码60003(E_ACCESS_TOKEN_NULL) IAM_F_OAuth_027" classname="IAM::IamManager" assertions="3" time="0.03137353801866993">
  </testcase>
</testsuite>
