<?xml version="1.0" encoding="UTF-8"?>
<testsuite name="MyTestIpconfig" skipped="0" failures="0" errors="0" tests="1" assertions="0" time="0.226013">
  <testcase name="test_show" classname="MyTestIpconfig" assertions="0" time="0.226013">
  </testcase>
</testsuite>
