<?xml version="1.0" encoding="UTF-8"?>
<testsuite name="IAM::IamManager" skipped="0" failures="0" errors="0" tests="2" assertions="13" time="1.1315473729991936">
  <testcase name="test_邮箱账号前后带空格输入测试 IAM_F_SysManager_017" classname="IAM::IamManager" assertions="4" time="0.8468403579990991">
  </testcase>
  <testcase name="test_邮箱账号中间带空格输入测试 IAM_F_SysManager_017_01" classname="IAM::IamManager" assertions="9" time="0.28470701500009454">
  </testcase>
</testsuite>
