<?xml version="1.0" encoding="UTF-8"?>
<testsuite name="IAM::IamManager" skipped="0" failures="0" errors="0" tests="1" assertions="10" time="4.672038701013662">
  <testcase name="test_获取user_id接口认证 IAM_F_OAuth_019" classname="IAM::IamManager" assertions="10" time="4.672038701013662">
  </testcase>
</testsuite>
