<?xml version="1.0" encoding="UTF-8"?>
<testsuite name="IAM::IamManager" skipped="0" failures="1" errors="0" tests="1" assertions="2" time="0.1588148180162534">
  <testcase name="test_查询业务进程文件 IAM_F_DeviceOperation_013" classname="IAM::IamManager" assertions="2" time="0.1588148180162534">
    <failure type="test_查询业务进程文件 IAM_F_DeviceOperation_013" message="undefined local variable or method `rfile_module' for #&lt;IAM::IamManager:0x00000004dd9970&gt;...">
Failure:
test_查询业务进程文件 IAM_F_DeviceOperation_013(IAM::IamManager) [iam_manager.rb:62]:
undefined local variable or method `rfile_module' for #&lt;IAM::IamManager:0x00000004dd9970&gt;
Did you mean?  file_module
    </failure>
  </testcase>
</testsuite>
