<?xml version="1.0" encoding="UTF-8"?>
<testsuite name="IAM::IamManager" skipped="0" failures="1" errors="0" tests="1" assertions="1" time="0.10786692897090688">
  <testcase name="test_查询业务进程文件 IAM_F_DeviceOperation_013" classname="IAM::IamManager" assertions="1" time="0.10786692897090688">
    <failure type="test_查询业务进程文件 IAM_F_DeviceOperation_013" message="undefined method `get_app_files' for #&lt;IAMAPI::IAM:0x000000047655d0&gt;...">
Failure:
test_查询业务进程文件 IAM_F_DeviceOperation_013(IAM::IamManager) [iam_manager.rb:62]:
undefined method `get_app_files' for #&lt;IAMAPI::IAM:0x000000047655d0&gt;
Did you mean?  get_app_list
               get_app_info
    </failure>
  </testcase>
</testsuite>
