<?xml version="1.0" encoding="UTF-8"?>
<testsuite name="IAM::IamManager" skipped="0" failures="0" errors="0" tests="1" assertions="4" time="1.604694928999379">
  <testcase name="test_添加设备MAC地址大小写适配测试 IAM_F_DeviceOperation_029" classname="IAM::IamManager" assertions="4" time="1.604694928999379">
  </testcase>
</testsuite>
