<?xml version="1.0" encoding="UTF-8"?>
<testsuite name="IAM::IamManager" skipped="0" failures="1" errors="0" tests="1" assertions="2" time="0.995311226000922">
  <testcase name="test_添加设备MAC地址大小写适配测试 IAM_F_DeviceOperation_029" classname="IAM::IamManager" assertions="2" time="0.995311226000922">
    <failure type="test_添加设备MAC地址大小写适配测试 IAM_F_DeviceOperation_029" message="用户添加设备mac'00:88:A1:BB:CC:DD'失败!....">
Failure:
test_添加设备MAC地址大小写适配测试 IAM_F_DeviceOperation_029(IAM::IamManager) [(eval):37]:
用户添加设备mac'00:88:A1:BB:CC:DD'失败!.
Expected: 1
  Actual: nil
    </failure>
  </testcase>
</testsuite>
