<?xml version="1.0" encoding="UTF-8"?>
<testsuite name="IAM::IamManager" skipped="0" failures="1" errors="0" tests="1" assertions="1" time="0.39533738599857315">
  <testcase name="test_设备名称输入值为空 IAM_F_DeviceOperation_034" classname="IAM::IamManager" assertions="1" time="0.39533738599857315">
    <failure type="test_设备名称输入值为空 IAM_F_DeviceOperation_034" message="设备名称为空返回错误消息不正确!....">
Failure:
test_设备名称输入值为空 IAM_F_DeviceOperation_034(IAM::IamManager) [(eval):34]:
设备名称为空返回错误消息不正确!.
Expected: # encoding: UTF-8
"\u8BE5\u8BBE\u5907\u4E3A\u65E0\u6548\u8BBE\u5907"
  Actual: # encoding: UTF-8
"\u8BBE\u5907\u540D\u79F0\u4E3A\u7A7A"
    </failure>
  </testcase>
</testsuite>
