<?xml version="1.0" encoding="UTF-8"?>
<testsuite name="IAM::IamManager" skipped="0" failures="1" errors="0" tests="1" assertions="2" time="1.0330122340019443">
  <testcase name="test_添加设备MAC地址位数异常测试 IAM_F_DeviceOperation_027" classname="IAM::IamManager" assertions="2" time="1.0330122340019443">
    <failure type="test_添加设备MAC地址位数异常测试 IAM_F_DeviceOperation_027" message="用户添加设备mac''返回错误消息不正确!....">
Failure:
test_添加设备MAC地址位数异常测试 IAM_F_DeviceOperation_027(IAM::IamManager) [(eval):41]:
用户添加设备mac''返回错误消息不正确!.
Expected: # encoding: UTF-8
"\u8BE5\u8BBE\u5907\u4E3A\u65E0\u6548\u8BBE\u5907"
  Actual: # encoding: UTF-8
"\u8BBE\u5907MAC\u4E3A\u7A7A"
    </failure>
  </testcase>
</testsuite>
