<?xml version="1.0" encoding="UTF-8"?>
<testsuite name="IAM::IamManager" skipped="0" failures="0" errors="0" tests="1" assertions="13" time="0.814520274001552">
  <testcase name="test_添加设备MAC地址位数异常测试 IAM_F_DeviceOperation_027" classname="IAM::IamManager" assertions="13" time="0.814520274001552">
  </testcase>
</testsuite>
