<?xml version="1.0" encoding="UTF-8"?>
<testsuite name="IAM::IamManager" skipped="0" failures="1" errors="0" tests="1" assertions="3" time="0.8308440410000912">
  <testcase name="test_添加设备MAC地址重复性测试 IAM_F_DeviceOperation_031" classname="IAM::IamManager" assertions="3" time="0.8308440410000912">
    <failure type="test_添加设备MAC地址重复性测试 IAM_F_DeviceOperation_031" message="用户再一次添加设备mac:'00:88:A1:BB:CC:DD'返回错误消息不正确!....">
Failure:
test_添加设备MAC地址重复性测试 IAM_F_DeviceOperation_031(IAM::IamManager) [(eval):45]:
用户再一次添加设备mac:'00:88:A1:BB:CC:DD'返回错误消息不正确!.
Expected: # encoding: UTF-8
"\u8BE5\u8BBE\u5907\u4E3A\u65E0\u6548\u8BBE\u5907"
  Actual: # encoding: UTF-8
"\u8BBE\u5907MAC\u5DF2\u5B58\u5728"
    </failure>
  </testcase>
</testsuite>
