<?xml version="1.0" encoding="UTF-8"?>
<testsuite name="IAM::IamManager" skipped="0" failures="1" errors="0" tests="1" assertions="2" time="0.6868138799982262">
  <testcase name="test_添加设备MAC地址大小写适配测试 IAM_F_DeviceOperation_029" classname="IAM::IamManager" assertions="2" time="0.6868138799982262">
    <failure type="test_添加设备MAC地址大小写适配测试 IAM_F_DeviceOperation_029" message="undefined method `each_with_index' for nil:NilClass">
Failure:
test_添加设备MAC地址大小写适配测试 IAM_F_DeviceOperation_029(IAM::IamManager) [iam_manager.rb:62]:
undefined method `each_with_index' for nil:NilClass
    </failure>
  </testcase>
</testsuite>
