<?xml version="1.0" encoding="UTF-8"?>
<testsuite name="IAM::IamManager" skipped="0" failures="0" errors="0" tests="1" assertions="58" time="1.7260008720004407">
  <testcase name="test_添加设备MAC地址格式异常测试 IAM_F_DeviceOperation_028" classname="IAM::IamManager" assertions="58" time="1.7260008720004407">
  </testcase>
</testsuite>
