<?xml version="1.0" encoding="UTF-8"?>
<testsuite name="IAM::IamManager" skipped="0" failures="1" errors="0" tests="1" assertions="1" time="0.5192018669986282">
  <testcase name="test_添加设备MAC地址间隔符测试 IAM_F_DeviceOperation_026" classname="IAM::IamManager" assertions="1" time="0.5192018669986282">
    <failure type="test_添加设备MAC地址间隔符测试 IAM_F_DeviceOperation_026" message="undefined method `gsub' for nil:NilClass">
Failure:
test_添加设备MAC地址间隔符测试 IAM_F_DeviceOperation_026(IAM::IamManager) [iam_manager.rb:62]:
undefined method `gsub' for nil:NilClass
    </failure>
  </testcase>
</testsuite>
