<?xml version="1.0" encoding="UTF-8"?>
<testsuite name="IAM::IamManager" skipped="0" failures="0" errors="0" tests="1" assertions="1" time="0.6773291280005651">
  <testcase name="test_设备名称范围内正常输入测试_最小值测试 IAM_F_DeviceOperation_032" classname="IAM::IamManager" assertions="1" time="0.6773291280005651">
  </testcase>
</testsuite>
