<?xml version="1.0" encoding="UTF-8"?>
<testsuite name="IAM::IamManager" skipped="0" failures="0" errors="0" tests="1" assertions="5" time="0.873061988997506">
  <testcase name="test_添加设备MAC地址重复性测试 IAM_F_DeviceOperation_031" classname="IAM::IamManager" assertions="5" time="0.873061988997506">
  </testcase>
</testsuite>
