<?xml version="1.0" encoding="UTF-8"?>
<testsuite name="IAM::IamManager" skipped="0" failures="1" errors="0" tests="1" assertions="1" time="0.15688953900007618">
  <testcase name="test_添加设备添加设备MAC地址为单播地址 IAM_F_DeviceOperation_023" classname="IAM::IamManager" assertions="1" time="0.15688953900007618">
    <failure type="test_添加设备添加设备MAC地址为单播地址 IAM_F_DeviceOperation_023" message="undefined method `emtpy?' for []:Array...">
Failure:
test_添加设备添加设备MAC地址为单播地址 IAM_F_DeviceOperation_023(IAM::IamManager) [iam_manager.rb:62]:
undefined method `emtpy?' for []:Array
Did you mean?  empty?
    </failure>
  </testcase>
</testsuite>
