<?xml version="1.0" encoding="UTF-8"?>
<testsuite name="IAM::IamManager" skipped="0" failures="0" errors="0" tests="1" assertions="11" time="0.893154830999265">
  <testcase name="test_添加设备MAC地址间隔符测试 IAM_F_DeviceOperation_026" classname="IAM::IamManager" assertions="11" time="0.893154830999265">
  </testcase>
</testsuite>
