<?xml version="1.0" encoding="UTF-8"?>
<testsuite name="IAM::IamManager" skipped="0" failures="0" errors="0" tests="1" assertions="3" time="0.21597855900017748">
  <testcase name="test_添加设备MAC地址为广播地址 IAM_F_DeviceOperation_025" classname="IAM::IamManager" assertions="3" time="0.21597855900017748">
  </testcase>
</testsuite>
