<?xml version="1.0" encoding="UTF-8"?>
<testsuite name="IAM::IamManager" skipped="0" failures="1" errors="0" tests="1" assertions="1" time="0.2619137749998117">
  <testcase name="test_添加设备MAC地址为多播地址 IAM_F_DeviceOperation_024" classname="IAM::IamManager" assertions="1" time="0.2619137749998117">
    <failure type="test_添加设备MAC地址为多播地址 IAM_F_DeviceOperation_024" message="undefined local variable or method `rs_app' for #&lt;IAM::IamManager:0x00000004e9cee8&gt;">
Failure:
test_添加设备MAC地址为多播地址 IAM_F_DeviceOperation_024(IAM::IamManager) [iam_manager.rb:62]:
undefined local variable or method `rs_app' for #&lt;IAM::IamManager:0x00000004e9cee8&gt;
    </failure>
  </testcase>
</testsuite>
