<?xml version="1.0" encoding="UTF-8"?>
<testsuite name="IAM::IamManager" skipped="0" failures="0" errors="0" tests="1" assertions="3" time="0.27930394199938746">
  <testcase name="test_设备名称输入值为空 IAM_F_DeviceOperation_034" classname="IAM::IamManager" assertions="3" time="0.27930394199938746">
  </testcase>
</testsuite>
