<?xml version="1.0" encoding="UTF-8"?>
<testsuite name="IAM::IamManager" skipped="0" failures="0" errors="0" tests="1" assertions="0" time="0.4298453490000611">
  <testcase name="test_添加设备添加设备MAC地址为单播地址 IAM_F_DeviceOperation_023" classname="IAM::IamManager" assertions="0" time="0.4298453490000611">
  </testcase>
</testsuite>
