<?xml version="1.0" encoding="UTF-8"?>
<testsuite name="IAM::IamManager" skipped="0" failures="0" errors="0" tests="1" assertions="0" time="0.296190402999855">
  <testcase name="test_添加设备MAC地址为多播地址 IAM_F_DeviceOperation_024" classname="IAM::IamManager" assertions="0" time="0.296190402999855">
  </testcase>
</testsuite>
