<?xml version="1.0" encoding="UTF-8"?>
<testsuite name="IAM::IamManager" skipped="0" failures="1" errors="0" tests="8" assertions="16" time="3.2909871980082244">
  <testcase name="test_新增超级管理员 IAM_F_SysManager_008" classname="IAM::IamManager" assertions="2" time="0.38866000600683037">
  </testcase>
  <testcase name="test_新增系统管理员 IAM_F_SysManager_009" classname="IAM::IamManager" assertions="2" time="0.4548416059988085">
  </testcase>
  <testcase name="test_新增配置管理员 IAM_F_SysManager_010" classname="IAM::IamManager" assertions="2" time="0.413209646998439">
  </testcase>
  <testcase name="test_新增监视管理员 IAM_F_SysManager_011" classname="IAM::IamManager" assertions="2" time="0.32636954000918195">
  </testcase>
  <testcase name="test_邮箱账号正常值输入测试 IAM_F_SysManager_013" classname="IAM::IamManager" assertions="6" time="1.2938355320075061">
  </testcase>
  <testcase name="test_邮箱账号长度范围外输入测试 IAM_F_SysManager_014" classname="IAM::IamManager" assertions="1" time="0.280553559990949">
    <failure type="test_邮箱账号长度范围外输入测试 IAM_F_SysManager_014" message="784: unexpected token at '&lt;!DOCTYPE html PUBLIC &quot;-//W3C//DTD XHTML 1.0 Transitional//EN&quot; &quot;http://www.w3.org/TR/xhtml1/DTD/xhtml1-transitional.dtd&quot;&gt;...">
Failure:
test_邮箱账号长度范围外输入测试 IAM_F_SysManager_014(IAM::IamManager) [iam_manager.rb:71]:
784: unexpected token at '&lt;!DOCTYPE html PUBLIC "-//W3C//DTD XHTML 1.0 Transitional//EN" "http://www.w3.org/TR/xhtml1/DTD/xhtml1-transitional.dtd"&gt;
&lt;html xmlns="http://www.w3.org/1999/xhtml"&gt;&lt;head&gt;
&lt;meta content="text/html; charset=utf-8" http-equiv="Content-Type"&gt;
&lt;title&gt;系统发生错误&lt;/title&gt;
&lt;style type="text/css"&gt;
*{ padding: 0; margin: 0; }
html{ overflow-y: scroll; }
body{ background: #fff; font-family: '微软雅黑'; color: #333; font-size: 16px; }
img{ border: 0; }
.error{ padding: 24px 48px; }
.face{ font-size: 100px; font-weight: normal; line-height: 120px; margin-bottom: 12px; }
h1{ font-size: 32px; line-height: 48px; }
.error .content{ padding-top: 10px}
.error .info{ margin-bottom: 12px; }
.error .info .title{ margin-bottom: 3px; }
.error .info .title h3{ color: #000; font-weight: 700; font-size: 16px; }
.error .info .text{ line-height: 24px; }
.copyright{ padding: 12px 48px; color: #999; }
.copyright a{ color: #000; text-decoration: none; }
&lt;/style&gt;
&lt;/head&gt;
&lt;body&gt;
&lt;div class="error"&gt;
&lt;p class="face"&gt;:(&lt;/p&gt;
&lt;h1&gt;1406:Data too long for column 'name' at row 1
 [ SQL语句 ] : INSERT INTO `zl_user_system_tbl` (`nickname`,`password`,`role_code`,`comments`,`pid`,`token`,`status`,`create_time`,`name`) VALUES ('autotest_whl','e10adc3949ba59abbe56e057f20f883e','2','autotest','1','91iceuelehd2Yh2v4C9AZJCOWOkHBsNa','1','1469525431','zhilukeji1zhilukeji1@zhilutec.com')&lt;/h1&gt;
&lt;div class="content"&gt;
	&lt;div class="info"&gt;
		&lt;div class="title"&gt;
			&lt;h3&gt;错误位置&lt;/h3&gt;
		&lt;/div&gt;
		&lt;div class="text"&gt;
			&lt;p&gt;FILE: /var/www/html/zlapi/ThinkPHP/Library/Think/Db/Driver.class.php &amp;#12288;LINE: 350&lt;/p&gt;
		&lt;/div&gt;
	&lt;/div&gt;
	&lt;div class="info"&gt;
		&lt;div class="title"&gt;
			&lt;h3&gt;TRACE&lt;/h3&gt;
		&lt;/div&gt;
		&lt;div class="text"&gt;
			&lt;p&gt;#0 /var/www/html/zlapi/ThinkPHP/Library/Think/Db/Driver.class.php(350): E('1406:Data too l...')&lt;br /&gt;
#1 /var/www/html/zlapi/ThinkPHP/Library/Think/Db/Driver.class.php(237): Think\Db\Driver-&gt;error()&lt;br /&gt;
#2 /var/www/html/zlapi/ThinkPHP/Library/Think/Db/Driver.class.php(824): Think\Db\Driver-&gt;execute('INSERT INTO `zl...', false)&lt;br /&gt;
#3 /var/www/html/zlapi/ThinkPHP/Library/Think/Model.class.php(320): Think\Db\Driver-&gt;insert(Array, Array, false)&lt;br /&gt;
#4 /var/www/html/zlapi/API/iam/Controller/AdminsController.class.php(193): Think\Model-&gt;add()&lt;br /&gt;
#5 [internal function]: iam\Controller\AdminsController-&gt;add()&lt;br /&gt;
#6 /var/www/html/zlapi/ThinkPHP/Library/Think/App.class.php(173): ReflectionMethod-&gt;invoke(Object(iam\Controller\AdminsController))&lt;br /&gt;
#7 /var/www/html/zlapi/ThinkPHP/Library/Think/App.class.php(110): Think\App::invokeAction(Object(iam\Controller\AdminsController), 'add')&lt;br /&gt;
#8 /var/www/html/zlapi/ThinkPHP/Library/Think/App.class.php(204): Think\App::exec()&lt;br /&gt;
#9 /var/www/html/zlapi/ThinkPHP/Library/Think/Think.class.php(120): Think\App::run()&lt;br /&gt;
#10 /var/www/html/zlapi/ThinkPHP/ThinkPHP.php(97): Think\Think::start()&lt;br /&gt;
#11 /var/www/html/zlapi/index.php(25): require('/var/www/html/z...')&lt;br /&gt;
#12 {main}&lt;/p&gt;
		&lt;/div&gt;
	&lt;/div&gt;
&lt;/div&gt;
&lt;/div&gt;
&lt;div class="copyright"&gt;
&lt;p&gt;&lt;a title="官方网站" href="http://www.thinkphp.cn"&gt;ThinkPHP&lt;/a&gt;&lt;sup&gt;3.2.3&lt;/sup&gt; { Fast &amp; Simple OOP PHP Framework } -- [ WE CAN DO IT JUST THINK ]&lt;/p&gt;
&lt;/div&gt;
&lt;/body&gt;
&lt;/html&gt;
'
    </failure>
  </testcase>
  <testcase name="test_邮箱账号正常值输入测试 IAM_F_FindPassword_004" classname="IAM::IamManager" assertions="0" time="0.008402922001550905">
  </testcase>
  <testcase name="test_获取user_id接口认证 IAM_F_OAuth_019" classname="IAM::IamManager" assertions="1" time="0.12511438499495853">
  </testcase>
</testsuite>
