<?xml version="1.0" encoding="UTF-8"?>
<testsuite name="IAM::IamManager" skipped="0" failures="1" errors="0" tests="1" assertions="1" time="0.5404491270019207">
  <testcase name="test_邮箱账号异常输入测试 IAM_F_SysManager_016" classname="IAM::IamManager" assertions="1" time="0.5404491270019207">
    <failure type="test_邮箱账号异常输入测试 IAM_F_SysManager_016" message="添加超级管理员str@zhilutec.com失败!....">
Failure:
test_邮箱账号异常输入测试 IAM_F_SysManager_016(IAM::IamManager) [(eval):34]:
添加超级管理员str@zhilutec.com失败!.
Expected: nil
  Actual: # encoding: UTF-8
"5003"
    </failure>
  </testcase>
</testsuite>
