<?xml version="1.0" encoding="UTF-8"?>
<testsuite name="IAM::IamManager" skipped="0" failures="0" errors="0" tests="3" assertions="5" time="1.2133014629944228">
  <testcase name="test_新增超级管理员 IAM_F_SysManager_008" classname="IAM::IamManager" assertions="2" time="0.3758873799961293">
  </testcase>
  <testcase name="test_新增系统管理员 IAM_F_SysManager_009" classname="IAM::IamManager" assertions="2" time="0.4791517059929902">
  </testcase>
  <testcase name="test_获取user_id接口认证 IAM_F_OAuth_019" classname="IAM::IamManager" assertions="1" time="0.3582623770053033">
  </testcase>
</testsuite>
