<?xml version="1.0" encoding="UTF-8"?>
<testsuite name="IAM::IamManager" skipped="0" failures="0" errors="0" tests="6" assertions="15" time="2.705403269006638">
  <testcase name="test_新增超级管理员 IAM_F_SysManager_008" classname="IAM::IamManager" assertions="2" time="0.36884527798974887">
  </testcase>
  <testcase name="test_新增系统管理员 IAM_F_SysManager_009" classname="IAM::IamManager" assertions="2" time="0.41099324901006185">
  </testcase>
  <testcase name="test_新增配置管理员 IAM_F_SysManager_010" classname="IAM::IamManager" assertions="2" time="0.41866267200384755">
  </testcase>
  <testcase name="test_新增监视管理员 IAM_F_SysManager_011" classname="IAM::IamManager" assertions="2" time="0.37809198000468314">
  </testcase>
  <testcase name="test_邮箱账号正常值输入测试 IAM_F_FindPassword_004" classname="IAM::IamManager" assertions="6" time="1.0082798169896705">
  </testcase>
  <testcase name="test_获取user_id接口认证 IAM_F_OAuth_019" classname="IAM::IamManager" assertions="1" time="0.12053027300862595">
  </testcase>
</testsuite>
