<?xml version="1.0" encoding="UTF-8"?>
<testsuite name="IAM::IamManager" skipped="0" failures="0" errors="0" tests="5" assertions="9" time="1.9549416289810324">
  <testcase name="test_新增超级管理员 IAM_F_SysManager_008" classname="IAM::IamManager" assertions="2" time="0.4408292129955953">
  </testcase>
  <testcase name="test_新增系统管理员 IAM_F_SysManager_009" classname="IAM::IamManager" assertions="2" time="0.7267886089975946">
  </testcase>
  <testcase name="test_新增配置管理员 IAM_F_SysManager_010" classname="IAM::IamManager" assertions="2" time="0.3538742069940781">
  </testcase>
  <testcase name="test_新增监视管理员 IAM_F_SysManager_011" classname="IAM::IamManager" assertions="2" time="0.3160164349974366">
  </testcase>
  <testcase name="test_获取user_id接口认证 IAM_F_OAuth_019" classname="IAM::IamManager" assertions="1" time="0.11743316499632783">
  </testcase>
</testsuite>
