<?xml version="1.0" encoding="UTF-8"?>
<testsuite name="IAM::IamManager" skipped="0" failures="0" errors="0" tests="1" assertions="3" time="0.6836072379956022">
  <testcase name="test_输入不存在的管理员查询 IAM_F_SysManager_138" classname="IAM::IamManager" assertions="3" time="0.6836072379956022">
  </testcase>
</testsuite>
