<?xml version="1.0" encoding="UTF-8"?>
<testsuite name="IAM::IamManager" skipped="0" failures="1" errors="0" tests="1" assertions="4" time="0.7564593400020385">
  <testcase name="test_管理员查看所有下级管理员及其创建的下级管理员 IAM_F_SysManager_134" classname="IAM::IamManager" assertions="4" time="0.7564593400020385">
    <failure type="test_管理员查看所有下级管理员及其创建的下级管理员 IAM_F_SysManager_134" message="超级管理员bengda@zhilutec.com创建系统管理员13777777777失败!....">
Failure:
test_管理员查看所有下级管理员及其创建的下级管理员 IAM_F_SysManager_134(IAM::IamManager) [(eval):41]:
超级管理员bengda@zhilutec.com创建系统管理员13777777777失败!.
Expected: 1
  Actual: nil
    </failure>
  </testcase>
</testsuite>
