<?xml version="1.0" encoding="UTF-8"?>
<testsuite name="IAM::IamManager" skipped="0" failures="1" errors="0" tests="1" assertions="4" time="0.8398798720008926">
  <testcase name="test_管理员账号支持模糊查询 IAM_F_SysManager_137" classname="IAM::IamManager" assertions="4" time="0.8398798720008926">
    <failure type="test_管理员账号支持模糊查询 IAM_F_SysManager_137" message="超级管理员bengda@zhilutec.com创建系统管理员bengbengda@zhilutec.com失败!....">
Failure:
test_管理员账号支持模糊查询 IAM_F_SysManager_137(IAM::IamManager) [(eval):43]:
超级管理员bengda@zhilutec.com创建系统管理员bengbengda@zhilutec.com失败!.
Expected: 1
  Actual: nil
    </failure>
  </testcase>
</testsuite>
