<?xml version="1.0" encoding="UTF-8"?>
<testsuite name="IAM::IamManager" skipped="0" failures="0" errors="0" tests="1" assertions="3" time="0.5478164520027349">
  <testcase name="test_输入值为空 IAM_F_SysManager_131" classname="IAM::IamManager" assertions="3" time="0.5478164520027349">
  </testcase>
</testsuite>
