<?xml version="1.0" encoding="UTF-8"?>
<testsuite name="IAM::IamManager" skipped="0" failures="1" errors="0" tests="1" assertions="4" time="0.6073292709916132">
  <testcase name="test_输入值超出限制范围 IAM_F_SysManager_132" classname="IAM::IamManager" assertions="4" time="0.6073292709916132">
    <failure type="test_输入值超出限制范围 IAM_F_SysManager_132" message="undefined method `[]' for false:FalseClass">
Failure:
test_输入值超出限制范围 IAM_F_SysManager_132(IAM::IamManager) [iam_manager.rb:62]:
undefined method `[]' for false:FalseClass
    </failure>
  </testcase>
</testsuite>
