<?xml version="1.0" encoding="UTF-8"?>
<testsuite name="IAM::IamManager" skipped="0" failures="0" errors="0" tests="1" assertions="6" time="0.908013520995155">
  <testcase name="test_管理员查看所有下级管理员及其创建的下级管理员 IAM_F_SysManager_134" classname="IAM::IamManager" assertions="6" time="0.908013520995155">
  </testcase>
</testsuite>
