<?xml version="1.0" encoding="UTF-8"?>
<testsuite name="IAM::IamManager" skipped="0" failures="1" errors="0" tests="1" assertions="2" time="0.4739497739938088">
  <testcase name="test_管理员查看所有下级管理员及其创建的下级管理员 IAM_F_SysManager_134" classname="IAM::IamManager" assertions="2" time="0.4739497739938088">
    <failure type="test_管理员查看所有下级管理员及其创建的下级管理员 IAM_F_SysManager_134" message="undefined method `[]' for false:FalseClass">
Failure:
test_管理员查看所有下级管理员及其创建的下级管理员 IAM_F_SysManager_134(IAM::IamManager) [iam_manager.rb:62]:
undefined method `[]' for false:FalseClass
    </failure>
  </testcase>
</testsuite>
