<?xml version="1.0" encoding="UTF-8"?>
<testsuite name="IAM::IamManager" skipped="0" failures="1" errors="0" tests="1" assertions="4" time="0.8838108720083255">
  <testcase name="test_管理员查看所有下级管理员及其创建的下级管理员 IAM_F_SysManager_134" classname="IAM::IamManager" assertions="4" time="0.8838108720083255">
    <failure type="test_管理员查看所有下级管理员及其创建的下级管理员 IAM_F_SysManager_134" message="no implicit conversion of String into Integer">
Failure:
test_管理员查看所有下级管理员及其创建的下级管理员 IAM_F_SysManager_134(IAM::IamManager) [iam_manager.rb:62]:
no implicit conversion of String into Integer
    </failure>
  </testcase>
</testsuite>
