<?xml version="1.0" encoding="UTF-8"?>
<testsuite name="Frame::WebTestSystem" skipped="0" failures="0" errors="0" tests="9" assertions="64" time="1645.2473439999999">
  <testcase name="test_默认密码测试 ZLBF_21.1.49" classname="Frame::WebTestSystem" assertions="2" time="28.279614">
  </testcase>
  <testcase name="test_登录功能测试 ZLBF_21.1.36" classname="Frame::WebTestSystem" assertions="12" time="70.471755">
  </testcase>
  <testcase name="test_注销功能测试 ZLBF_21.1.74" classname="Frame::WebTestSystem" assertions="4" time="38.579931">
  </testcase>
  <testcase name="test_新的用户名和密码重新登陆 ZLBF_21.1.54" classname="Frame::WebTestSystem" assertions="4" time="51.442352">
  </testcase>
  <testcase name="test_改前的用户名和密码登录 ZLBF_21.1.55" classname="Frame::WebTestSystem" assertions="4" time="55.056622">
  </testcase>
  <testcase name="test_再次更改新的密码并登陆路由器 ZLBF_21.1.56" classname="Frame::WebTestSystem" assertions="5" time="66.3989">
  </testcase>
  <testcase name="test_密码有效性检测 ZLBF_21.1.68" classname="Frame::WebTestSystem" assertions="20" time="102.662253">
  </testcase>
  <testcase name="test_账号管理-修改账号为中文 ZLBF_21.1.72" classname="Frame::WebTestSystem" assertions="11" time="64.138925">
  </testcase>
  <testcase name="test_超时时间测试 ZLBF_21.1.73" classname="Frame::WebTestSystem" assertions="2" time="1168.216992">
  </testcase>
</testsuite>
