<?xml version="1.0" encoding="UTF-8"?>
<testsuite name="Frame::WebTestInternet" skipped="0" failures="1" errors="0" tests="1" assertions="14" time="693.177321">
  <testcase name="test_重启后QOS验证 ZLBF_27.1.25" classname="Frame::WebTestInternet" assertions="14" time="693.177321">
    <failure type="test_重启后QOS验证 ZLBF_27.1.25" message="下载总流量与设置总带宽1024000不符">
Failure:
test_重启后QOS验证 ZLBF_27.1.25(Frame::WebTestInternet) [(eval):473]:
下载总流量与设置总带宽1024000不符
    </failure>
  </testcase>
</testsuite>
