<?xml version="1.0" encoding="UTF-8"?>
<testsuite name="Frame::WebTestInternet" skipped="0" failures="0" errors="0" tests="1" assertions="5" time="39.56619">
  <testcase name="test_DHCP服务器-租约时长输入中文和英文测试 ZLBF_8.1.28" classname="Frame::WebTestInternet" assertions="5" time="39.56619">
  </testcase>
</testsuite>
