<?xml version="1.0" encoding="UTF-8"?>
<testsuite name="Frame::WebTestInternet" skipped="0" failures="1" errors="0" tests="1" assertions="13" time="190.662101">
  <testcase name="test_DHCPC-自动续约IP 地址 ZLBF_6.1.3" classname="Frame::WebTestInternet" assertions="13" time="190.662101">
    <failure type="test_DHCPC-自动续约IP 地址 ZLBF_6.1.3" message="未抓取到包！">
Failure:
test_DHCPC-自动续约IP 地址 ZLBF_6.1.3(Frame::WebTestInternet) [(eval):94]:
未抓取到包！
    </failure>
  </testcase>
</testsuite>
