<?xml version="1.0" encoding="UTF-8"?>
<testsuite name="Frame::WebTestInternet" skipped="0" failures="1" errors="0" tests="1" assertions="19" time="133.480933">
  <testcase name="test_虚拟服务器-IP输入测试 ZLBF_17.1.2" classname="Frame::WebTestInternet" assertions="19" time="133.480933">
    <failure type="test_虚拟服务器-IP输入测试 ZLBF_17.1.2" message="提示信息错误....">
Failure:
test_虚拟服务器-IP输入测试 ZLBF_17.1.2(Frame::WebTestInternet) [(eval):140]:
提示信息错误.
Expected: "IP\u5730\u5740\u683C\u5F0F\u9519\u8BEF"
  Actual: ""
    </failure>
  </testcase>
</testsuite>
