<?xml version="1.0" encoding="UTF-8"?>
<testsuite name="Frame::WebTestInternet" skipped="0" failures="1" errors="0" tests="1" assertions="5" time="180.719128">
  <testcase name="test_路由模式下导出导入配置文件 ZLBF_21.1.42" classname="Frame::WebTestInternet" assertions="5" time="180.719128">
    <failure type="test_路由模式下导出导入配置文件 ZLBF_21.1.42" message="expected one of [String, Regexp], got nil:NilClass">
Failure:
test_路由模式下导出导入配置文件 ZLBF_21.1.42(Frame::WebTestInternet) [frame_internet_single.rb:77]:
expected one of [String, Regexp], got nil:NilClass
    </failure>
  </testcase>
</testsuite>
