<?xml version="1.0" encoding="UTF-8"?>
<testsuite name="IAM::IamManager" skipped="0" failures="1" errors="0" tests="1" assertions="2" time="0.20192556298570707">
  <testcase name="test_输入空的验证码 IAM_F_SysManager_075" classname="IAM::IamManager" assertions="2" time="0.20192556298570707">
    <failure type="test_输入空的验证码 IAM_F_SysManager_075" message="undefined method `phone_manager_modpw' for #&lt;IAMAPI::IAM:0x00000004603e80&gt;">
Failure:
test_输入空的验证码 IAM_F_SysManager_075(IAM::IamManager) [iam_manager_single.rb:72]:
undefined method `phone_manager_modpw' for #&lt;IAMAPI::IAM:0x00000004603e80&gt;
    </failure>
  </testcase>
</testsuite>
