<?xml version="1.0" encoding="UTF-8"?>
<testsuite name="IAM::IamManager" skipped="0" failures="1" errors="0" tests="1" assertions="1" time="0.10375007701804861">
  <testcase name="test_输入手机账号为空 IAM_F_SysManager_073" classname="IAM::IamManager" assertions="1" time="0.10375007701804861">
    <failure type="test_输入手机账号为空 IAM_F_SysManager_073" message="修改密码后使用旧密码不应该登录成功!....">
Failure:
test_输入手机账号为空 IAM_F_SysManager_073(IAM::IamManager) [(eval):24]:
修改密码后使用旧密码不应该登录成功!.
Expected: # encoding: UTF-8
"\u5E10\u53F7\u6216\u5BC6\u7801\u9519\u8BEF"
  Actual: # encoding: UTF-8
"\u624B\u673A\u53F7\u7801\u4E0D\u80FD\u4E3A\u7A7A"
    </failure>
  </testcase>
</testsuite>
