<?xml version="1.0" encoding="UTF-8"?>
<testsuite name="IAM::IamManager" skipped="0" failures="1" errors="0" tests="1" assertions="2" time="130.45859270798974">
  <testcase name="test_输入过期的验证码 IAM_F_SysManager_077" classname="IAM::IamManager" assertions="2" time="130.45859270798974">
    <failure type="test_输入过期的验证码 IAM_F_SysManager_077" message="输入错误的验证码返回错误消息不正确!....">
Failure:
test_输入过期的验证码 IAM_F_SysManager_077(IAM::IamManager) [(eval):39]:
输入错误的验证码返回错误消息不正确!.
Expected: # encoding: UTF-8
"\u9A8C\u8BC1\u7801\u9519\u8BEF\u6216\u5DF2\u5931\u6548"
  Actual: # encoding: UTF-8
"\u9A8C\u8BC1\u7801\u5931\u6548"
    </failure>
  </testcase>
</testsuite>
