<?xml version="1.0" encoding="UTF-8"?>
<testsuite name="IAM::IamManager" skipped="0" failures="1" errors="0" tests="1" assertions="1" time="0.36251205403823406">
  <testcase name="test_手机账号以新的密码登陆 IAM_F_SysManager_071" classname="IAM::IamManager" assertions="1" time="0.36251205403823406">
    <failure type="test_手机账号以新的密码登陆 IAM_F_SysManager_071" message="undefined method `asssert' for #&lt;IAM::IamManager:0x00000004643710&gt;...">
Failure:
test_手机账号以新的密码登陆 IAM_F_SysManager_071(IAM::IamManager) [iam_manager_single.rb:72]:
undefined method `asssert' for #&lt;IAM::IamManager:0x00000004643710&gt;
Did you mean?  assert
    </failure>
  </testcase>
</testsuite>
