<?xml version="1.0" encoding="UTF-8"?>
<testsuite name="IAM::IamManager" skipped="0" failures="1" errors="0" tests="1" assertions="1" time="0.23566804797155783">
  <testcase name="test_手机账号找回 IAM_F_SysManager_070" classname="IAM::IamManager" assertions="1" time="0.23566804797155783">
    <failure type="test_手机账号找回 IAM_F_SysManager_070" message="undefined method `moblie_manager_modpw' for #&lt;IAMAPI::IAM:0x00000004649840&gt;">
Failure:
test_手机账号找回 IAM_F_SysManager_070(IAM::IamManager) [iam_manager_single.rb:72]:
undefined method `moblie_manager_modpw' for #&lt;IAMAPI::IAM:0x00000004649840&gt;
    </failure>
  </testcase>
</testsuite>
