<?xml version="1.0" encoding="UTF-8"?>
<testsuite name="IAM::IamManager" skipped="0" failures="0" errors="0" tests="1" assertions="4" time="0.30228307901415974">
  <testcase name="test_输入错误的验证码 IAM_F_SysManager_076" classname="IAM::IamManager" assertions="4" time="0.30228307901415974">
  </testcase>
</testsuite>
