<?xml version="1.0" encoding="UTF-8"?>
<testsuite name="IAM::IamManager" skipped="0" failures="1" errors="0" tests="1" assertions="6" time="0.7978184819803573">
  <testcase name="test_手机账号以新的密码登陆 IAM_F_SysManager_071" classname="IAM::IamManager" assertions="6" time="0.7978184819803573">
    <failure type="test_手机账号以新的密码登陆 IAM_F_SysManager_071" message="undefined local variable or method `rs' for #&lt;IAM::IamManager:0x00000004663a88&gt;">
Failure:
test_手机账号以新的密码登陆 IAM_F_SysManager_071(IAM::IamManager) [iam_manager_single.rb:72]:
undefined local variable or method `rs' for #&lt;IAM::IamManager:0x00000004663a88&gt;
    </failure>
  </testcase>
</testsuite>
