<?xml version="1.0" encoding="UTF-8"?>
<testsuite name="IAM::IamManager" skipped="0" failures="1" errors="0" tests="1" assertions="1" time="0.14106772799277678">
  <testcase name="test_输入不存在的手机账号 IAM_F_SysManager_074" classname="IAM::IamManager" assertions="1" time="0.14106772799277678">
    <failure type="test_输入不存在的手机账号 IAM_F_SysManager_074" message="修改密码后使用旧密码不应该登录成功!....">
Failure:
test_输入不存在的手机账号 IAM_F_SysManager_074(IAM::IamManager) [(eval):24]:
修改密码后使用旧密码不应该登录成功!.
Expected: # encoding: UTF-8
"\u624B\u673A\u53F7\u7801\u4E0D\u80FD\u4E3A\u7A7A"
  Actual: # encoding: UTF-8
"\u624B\u673A\u9A8C\u8BC1\u7801\u53D1\u9001\u5931\u8D25"
    </failure>
  </testcase>
</testsuite>
