<?xml version="1.0" encoding="UTF-8"?>
<testsuite name="IAM::IamManager" skipped="0" failures="0" errors="0" tests="1" assertions="1" time="0.7173074949532747">
  <testcase name="test_手机账号找回 IAM_F_SysManager_070" classname="IAM::IamManager" assertions="1" time="0.7173074949532747">
  </testcase>
</testsuite>
