<?xml version="1.0" encoding="UTF-8"?>
<testsuite name="IAM::IamManager" skipped="0" failures="0" errors="0" tests="1" assertions="3" time="0.09211309201782569">
  <testcase name="test_输入不存在的手机账号 IAM_F_SysManager_074" classname="IAM::IamManager" assertions="3" time="0.09211309201782569">
  </testcase>
</testsuite>
