<?xml version="1.0" encoding="UTF-8"?>
<testsuite name="IAM::IamManager" skipped="0" failures="0" errors="0" tests="1" assertions="3" time="0.031219351978506893">
  <testcase name="test_输入手机账号为空 IAM_F_SysManager_073" classname="IAM::IamManager" assertions="3" time="0.031219351978506893">
  </testcase>
</testsuite>
