<?xml version="1.0" encoding="UTF-8"?>
<testsuite name="IAM::IamManager" skipped="0" failures="0" errors="0" tests="1" assertions="1" time="0.37688657897524536">
  <testcase name="test_输入错误的验证码 IAM_F_SysManager_076" classname="IAM::IamManager" assertions="1" time="0.37688657897524536">
  </testcase>
</testsuite>
