<?xml version="1.0" encoding="UTF-8"?>
<testsuite name="IAM::IamManager" skipped="0" failures="1" errors="0" tests="1" assertions="1" time="0.04569031001301482">
  <testcase name="test_输入手机账号为空 IAM_F_SysManager_073" classname="IAM::IamManager" assertions="1" time="0.04569031001301482">
    <failure type="test_输入手机账号为空 IAM_F_SysManager_073" message="undefined method `rs=' for #&lt;IAMAPI::IAM:0x00000004656018&gt;">
Failure:
test_输入手机账号为空 IAM_F_SysManager_073(IAM::IamManager) [iam_manager_single.rb:72]:
undefined method `rs=' for #&lt;IAMAPI::IAM:0x00000004656018&gt;
    </failure>
  </testcase>
</testsuite>
