<?xml version="1.0" encoding="UTF-8"?>
<testsuite name="IAM::IamManager" skipped="0" failures="0" errors="0" tests="1" assertions="8" time="0.6750210300087929">
  <testcase name="test_手机账号以新的密码登陆 IAM_F_SysManager_071" classname="IAM::IamManager" assertions="8" time="0.6750210300087929">
  </testcase>
</testsuite>
